{"name": "Adding A Course -> add_course_batch", "status": "failed", "statusDetails": {"message": "Element '//input[@name='course_batch_name']' not visible after 5 seconds.", "trace": "Traceback (most recent call last):\n  File \"C:\\Users\\Hafiz Muhammad\\AppData\\Local\\Programs\\Python\\Python310\\lib\\site-packages\\SeleniumLibrary\\__init__.py\", line 517, in run_keyword\n    return DynamicCore.run_keyword(self, name, args, kwargs)\n  File \"C:\\Users\\Hafiz Muhammad\\AppData\\Local\\Programs\\Python\\Python310\\lib\\site-packages\\robotlibcore.py\", line 126, in run_keyword\n    return self.keywords[name](*args, **(kwargs or {}))\n  File \"C:\\Users\\Hafiz Muhammad\\AppData\\Local\\Programs\\Python\\Python310\\lib\\site-packages\\SeleniumLibrary\\keywords\\waiting.py\", line 314, in wait_until_element_is_visible\n    self._wait_until(\n  File \"C:\\Users\\Hafiz Muhammad\\AppData\\Local\\Programs\\Python\\Python310\\lib\\site-packages\\SeleniumLibrary\\keywords\\waiting.py\", line 426, in _wait_until\n    self._wait_until_worker(condition, timeout, error)\n  File \"C:\\Users\\Hafiz Muhammad\\AppData\\Local\\Programs\\Python\\Python310\\lib\\site-packages\\SeleniumLibrary\\keywords\\waiting.py\", line 443, in _wait_until_worker\n    raise AssertionError(not_found or error)\nAssertionError: Element '//input[@name='course_batch_name']' not visible after 5 seconds."}, "steps": [{"name": "AddACourse.Enter Course Name", "status": "failed", "statusDetails": {"message": "Element '//input[@name='course_batch_name']' not visible after 5 seconds.", "trace": "Traceback (most recent call last):\n  File \"C:\\Users\\Hafiz Muhammad\\AppData\\Local\\Programs\\Python\\Python310\\lib\\site-packages\\SeleniumLibrary\\__init__.py\", line 517, in run_keyword\n    return DynamicCore.run_keyword(self, name, args, kwargs)\n  File \"C:\\Users\\Hafiz Muhammad\\AppData\\Local\\Programs\\Python\\Python310\\lib\\site-packages\\robotlibcore.py\", line 126, in run_keyword\n    return self.keywords[name](*args, **(kwargs or {}))\n  File \"C:\\Users\\Hafiz Muhammad\\AppData\\Local\\Programs\\Python\\Python310\\lib\\site-packages\\SeleniumLibrary\\keywords\\waiting.py\", line 314, in wait_until_element_is_visible\n    self._wait_until(\n  File \"C:\\Users\\Hafiz Muhammad\\AppData\\Local\\Programs\\Python\\Python310\\lib\\site-packages\\SeleniumLibrary\\keywords\\waiting.py\", line 426, in _wait_until\n    self._wait_until_worker(condition, timeout, error)\n  File \"C:\\Users\\Hafiz Muhammad\\AppData\\Local\\Programs\\Python\\Python310\\lib\\site-packages\\SeleniumLibrary\\keywords\\waiting.py\", line 443, in _wait_until_worker\n    raise AssertionError(not_found or error)\nAssertionError: Element '//input[@name='course_batch_name']' not visible after 5 seconds."}, "steps": [{"name": "SeleniumLibrary.Wait Until Element Is Visible", "status": "failed", "statusDetails": {"message": "Element '//input[@name='course_batch_name']' not visible after 5 seconds.", "trace": "Traceback (most recent call last):\n  File \"C:\\Users\\Hafiz Muhammad\\AppData\\Local\\Programs\\Python\\Python310\\lib\\site-packages\\SeleniumLibrary\\__init__.py\", line 517, in run_keyword\n    return DynamicCore.run_keyword(self, name, args, kwargs)\n  File \"C:\\Users\\Hafiz Muhammad\\AppData\\Local\\Programs\\Python\\Python310\\lib\\site-packages\\robotlibcore.py\", line 126, in run_keyword\n    return self.keywords[name](*args, **(kwargs or {}))\n  File \"C:\\Users\\Hafiz Muhammad\\AppData\\Local\\Programs\\Python\\Python310\\lib\\site-packages\\SeleniumLibrary\\keywords\\waiting.py\", line 314, in wait_until_element_is_visible\n    self._wait_until(\n  File \"C:\\Users\\Hafiz Muhammad\\AppData\\Local\\Programs\\Python\\Python310\\lib\\site-packages\\SeleniumLibrary\\keywords\\waiting.py\", line 426, in _wait_until\n    self._wait_until_worker(condition, timeout, error)\n  File \"C:\\Users\\Hafiz Muhammad\\AppData\\Local\\Programs\\Python\\Python310\\lib\\site-packages\\SeleniumLibrary\\keywords\\waiting.py\", line 443, in _wait_until_worker\n    raise AssertionError(not_found or error)\nAssertionError: Element '//input[@name='course_batch_name']' not visible after 5 seconds."}, "attachments": [{"name": "Keyword Log", "source": "9a8cd832-1463-4da3-aced-a4de604302c5-attachment.html", "type": "text/html"}], "parameters": [{"name": "arg1", "value": "${addcoursebatchname}"}], "start": 1698000292166, "stop": 1698000297757}, {"name": "SeleniumLibrary.Input Text", "status": "skipped", "statusDetails": {"message": "Element '//input[@name='course_batch_name']' not visible after 5 seconds.", "trace": "Traceback (most recent call last):\n  File \"C:\\Users\\Hafiz Muhammad\\AppData\\Local\\Programs\\Python\\Python310\\lib\\site-packages\\SeleniumLibrary\\__init__.py\", line 517, in run_keyword\n    return DynamicCore.run_keyword(self, name, args, kwargs)\n  File \"C:\\Users\\Hafiz Muhammad\\AppData\\Local\\Programs\\Python\\Python310\\lib\\site-packages\\robotlibcore.py\", line 126, in run_keyword\n    return self.keywords[name](*args, **(kwargs or {}))\n  File \"C:\\Users\\Hafiz Muhammad\\AppData\\Local\\Programs\\Python\\Python310\\lib\\site-packages\\SeleniumLibrary\\keywords\\waiting.py\", line 314, in wait_until_element_is_visible\n    self._wait_until(\n  File \"C:\\Users\\Hafiz Muhammad\\AppData\\Local\\Programs\\Python\\Python310\\lib\\site-packages\\SeleniumLibrary\\keywords\\waiting.py\", line 426, in _wait_until\n    self._wait_until_worker(condition, timeout, error)\n  File \"C:\\Users\\Hafiz Muhammad\\AppData\\Local\\Programs\\Python\\Python310\\lib\\site-packages\\SeleniumLibrary\\keywords\\waiting.py\", line 443, in _wait_until_worker\n    raise AssertionError(not_found or error)\nAssertionError: Element '//input[@name='course_batch_name']' not visible after 5 seconds."}, "parameters": [{"name": "arg1", "value": "${addcoursebatchname}"}, {"name": "arg2", "value": "Test Course"}], "start": 1698000297757, "stop": 1698000297757}], "attachments": [{"name": "Keyword Log", "source": "0fffd76e-4a03-46b7-870e-494d02b21e93-attachment.html", "type": "text/html"}], "start": 1698000292166, "stop": 1698000297765}, {"name": "AddACourse.Enter Course Grades", "status": "skipped", "statusDetails": {"message": "Element '//input[@name='course_batch_name']' not visible after 5 seconds.", "trace": "Traceback (most recent call last):\n  File \"C:\\Users\\Hafiz Muhammad\\AppData\\Local\\Programs\\Python\\Python310\\lib\\site-packages\\SeleniumLibrary\\__init__.py\", line 517, in run_keyword\n    return DynamicCore.run_keyword(self, name, args, kwargs)\n  File \"C:\\Users\\Hafiz Muhammad\\AppData\\Local\\Programs\\Python\\Python310\\lib\\site-packages\\robotlibcore.py\", line 126, in run_keyword\n    return self.keywords[name](*args, **(kwargs or {}))\n  File \"C:\\Users\\Hafiz Muhammad\\AppData\\Local\\Programs\\Python\\Python310\\lib\\site-packages\\SeleniumLibrary\\keywords\\waiting.py\", line 314, in wait_until_element_is_visible\n    self._wait_until(\n  File \"C:\\Users\\Hafiz Muhammad\\AppData\\Local\\Programs\\Python\\Python310\\lib\\site-packages\\SeleniumLibrary\\keywords\\waiting.py\", line 426, in _wait_until\n    self._wait_until_worker(condition, timeout, error)\n  File \"C:\\Users\\Hafiz Muhammad\\AppData\\Local\\Programs\\Python\\Python310\\lib\\site-packages\\SeleniumLibrary\\keywords\\waiting.py\", line 443, in _wait_until_worker\n    raise AssertionError(not_found or error)\nAssertionError: Element '//input[@name='course_batch_name']' not visible after 5 seconds."}, "start": 1698000297765, "stop": 1698000297765}, {"name": "AddACourse.Select Course Subject", "status": "skipped", "statusDetails": {"message": "Element '//input[@name='course_batch_name']' not visible after 5 seconds.", "trace": "Traceback (most recent call last):\n  File \"C:\\Users\\Hafiz Muhammad\\AppData\\Local\\Programs\\Python\\Python310\\lib\\site-packages\\SeleniumLibrary\\__init__.py\", line 517, in run_keyword\n    return DynamicCore.run_keyword(self, name, args, kwargs)\n  File \"C:\\Users\\Hafiz Muhammad\\AppData\\Local\\Programs\\Python\\Python310\\lib\\site-packages\\robotlibcore.py\", line 126, in run_keyword\n    return self.keywords[name](*args, **(kwargs or {}))\n  File \"C:\\Users\\Hafiz Muhammad\\AppData\\Local\\Programs\\Python\\Python310\\lib\\site-packages\\SeleniumLibrary\\keywords\\waiting.py\", line 314, in wait_until_element_is_visible\n    self._wait_until(\n  File \"C:\\Users\\Hafiz Muhammad\\AppData\\Local\\Programs\\Python\\Python310\\lib\\site-packages\\SeleniumLibrary\\keywords\\waiting.py\", line 426, in _wait_until\n    self._wait_until_worker(condition, timeout, error)\n  File \"C:\\Users\\Hafiz Muhammad\\AppData\\Local\\Programs\\Python\\Python310\\lib\\site-packages\\SeleniumLibrary\\keywords\\waiting.py\", line 443, in _wait_until_worker\n    raise AssertionError(not_found or error)\nAssertionError: Element '//input[@name='course_batch_name']' not visible after 5 seconds."}, "start": 1698000297765, "stop": 1698000297765}, {"name": "AddACourse.Select Course Billing Code", "status": "skipped", "statusDetails": {"message": "Element '//input[@name='course_batch_name']' not visible after 5 seconds.", "trace": "Traceback (most recent call last):\n  File \"C:\\Users\\Hafiz Muhammad\\AppData\\Local\\Programs\\Python\\Python310\\lib\\site-packages\\SeleniumLibrary\\__init__.py\", line 517, in run_keyword\n    return DynamicCore.run_keyword(self, name, args, kwargs)\n  File \"C:\\Users\\Hafiz Muhammad\\AppData\\Local\\Programs\\Python\\Python310\\lib\\site-packages\\robotlibcore.py\", line 126, in run_keyword\n    return self.keywords[name](*args, **(kwargs or {}))\n  File \"C:\\Users\\Hafiz Muhammad\\AppData\\Local\\Programs\\Python\\Python310\\lib\\site-packages\\SeleniumLibrary\\keywords\\waiting.py\", line 314, in wait_until_element_is_visible\n    self._wait_until(\n  File \"C:\\Users\\Hafiz Muhammad\\AppData\\Local\\Programs\\Python\\Python310\\lib\\site-packages\\SeleniumLibrary\\keywords\\waiting.py\", line 426, in _wait_until\n    self._wait_until_worker(condition, timeout, error)\n  File \"C:\\Users\\Hafiz Muhammad\\AppData\\Local\\Programs\\Python\\Python310\\lib\\site-packages\\SeleniumLibrary\\keywords\\waiting.py\", line 443, in _wait_until_worker\n    raise AssertionError(not_found or error)\nAssertionError: Element '//input[@name='course_batch_name']' not visible after 5 seconds."}, "start": 1698000297765, "stop": 1698000297765}, {"name": "AddACourse.Select Course TimeZone", "status": "skipped", "statusDetails": {"message": "Element '//input[@name='course_batch_name']' not visible after 5 seconds.", "trace": "Traceback (most recent call last):\n  File \"C:\\Users\\Hafiz Muhammad\\AppData\\Local\\Programs\\Python\\Python310\\lib\\site-packages\\SeleniumLibrary\\__init__.py\", line 517, in run_keyword\n    return DynamicCore.run_keyword(self, name, args, kwargs)\n  File \"C:\\Users\\Hafiz Muhammad\\AppData\\Local\\Programs\\Python\\Python310\\lib\\site-packages\\robotlibcore.py\", line 126, in run_keyword\n    return self.keywords[name](*args, **(kwargs or {}))\n  File \"C:\\Users\\Hafiz Muhammad\\AppData\\Local\\Programs\\Python\\Python310\\lib\\site-packages\\SeleniumLibrary\\keywords\\waiting.py\", line 314, in wait_until_element_is_visible\n    self._wait_until(\n  File \"C:\\Users\\Hafiz Muhammad\\AppData\\Local\\Programs\\Python\\Python310\\lib\\site-packages\\SeleniumLibrary\\keywords\\waiting.py\", line 426, in _wait_until\n    self._wait_until_worker(condition, timeout, error)\n  File \"C:\\Users\\Hafiz Muhammad\\AppData\\Local\\Programs\\Python\\Python310\\lib\\site-packages\\SeleniumLibrary\\keywords\\waiting.py\", line 443, in _wait_until_worker\n    raise AssertionError(not_found or error)\nAssertionError: Element '//input[@name='course_batch_name']' not visible after 5 seconds."}, "start": 1698000297765, "stop": 1698000297765}, {"name": "AddACourse.Course Start Date", "status": "skipped", "statusDetails": {"message": "Element '//input[@name='course_batch_name']' not visible after 5 seconds.", "trace": "Traceback (most recent call last):\n  File \"C:\\Users\\Hafiz Muhammad\\AppData\\Local\\Programs\\Python\\Python310\\lib\\site-packages\\SeleniumLibrary\\__init__.py\", line 517, in run_keyword\n    return DynamicCore.run_keyword(self, name, args, kwargs)\n  File \"C:\\Users\\Hafiz Muhammad\\AppData\\Local\\Programs\\Python\\Python310\\lib\\site-packages\\robotlibcore.py\", line 126, in run_keyword\n    return self.keywords[name](*args, **(kwargs or {}))\n  File \"C:\\Users\\Hafiz Muhammad\\AppData\\Local\\Programs\\Python\\Python310\\lib\\site-packages\\SeleniumLibrary\\keywords\\waiting.py\", line 314, in wait_until_element_is_visible\n    self._wait_until(\n  File \"C:\\Users\\Hafiz Muhammad\\AppData\\Local\\Programs\\Python\\Python310\\lib\\site-packages\\SeleniumLibrary\\keywords\\waiting.py\", line 426, in _wait_until\n    self._wait_until_worker(condition, timeout, error)\n  File \"C:\\Users\\Hafiz Muhammad\\AppData\\Local\\Programs\\Python\\Python310\\lib\\site-packages\\SeleniumLibrary\\keywords\\waiting.py\", line 443, in _wait_until_worker\n    raise AssertionError(not_found or error)\nAssertionError: Element '//input[@name='course_batch_name']' not visible after 5 seconds."}, "start": 1698000297765, "stop": 1698000297765}, {"name": "AddACourse.Course Start Time", "status": "skipped", "statusDetails": {"message": "Element '//input[@name='course_batch_name']' not visible after 5 seconds.", "trace": "Traceback (most recent call last):\n  File \"C:\\Users\\Hafiz Muhammad\\AppData\\Local\\Programs\\Python\\Python310\\lib\\site-packages\\SeleniumLibrary\\__init__.py\", line 517, in run_keyword\n    return DynamicCore.run_keyword(self, name, args, kwargs)\n  File \"C:\\Users\\Hafiz Muhammad\\AppData\\Local\\Programs\\Python\\Python310\\lib\\site-packages\\robotlibcore.py\", line 126, in run_keyword\n    return self.keywords[name](*args, **(kwargs or {}))\n  File \"C:\\Users\\Hafiz Muhammad\\AppData\\Local\\Programs\\Python\\Python310\\lib\\site-packages\\SeleniumLibrary\\keywords\\waiting.py\", line 314, in wait_until_element_is_visible\n    self._wait_until(\n  File \"C:\\Users\\Hafiz Muhammad\\AppData\\Local\\Programs\\Python\\Python310\\lib\\site-packages\\SeleniumLibrary\\keywords\\waiting.py\", line 426, in _wait_until\n    self._wait_until_worker(condition, timeout, error)\n  File \"C:\\Users\\Hafiz Muhammad\\AppData\\Local\\Programs\\Python\\Python310\\lib\\site-packages\\SeleniumLibrary\\keywords\\waiting.py\", line 443, in _wait_until_worker\n    raise AssertionError(not_found or error)\nAssertionError: Element '//input[@name='course_batch_name']' not visible after 5 seconds."}, "start": 1698000297765, "stop": 1698000297773}, {"name": "AddACourse.Course End Time", "status": "skipped", "statusDetails": {"message": "Element '//input[@name='course_batch_name']' not visible after 5 seconds.", "trace": "Traceback (most recent call last):\n  File \"C:\\Users\\Hafiz Muhammad\\AppData\\Local\\Programs\\Python\\Python310\\lib\\site-packages\\SeleniumLibrary\\__init__.py\", line 517, in run_keyword\n    return DynamicCore.run_keyword(self, name, args, kwargs)\n  File \"C:\\Users\\Hafiz Muhammad\\AppData\\Local\\Programs\\Python\\Python310\\lib\\site-packages\\robotlibcore.py\", line 126, in run_keyword\n    return self.keywords[name](*args, **(kwargs or {}))\n  File \"C:\\Users\\Hafiz Muhammad\\AppData\\Local\\Programs\\Python\\Python310\\lib\\site-packages\\SeleniumLibrary\\keywords\\waiting.py\", line 314, in wait_until_element_is_visible\n    self._wait_until(\n  File \"C:\\Users\\Hafiz Muhammad\\AppData\\Local\\Programs\\Python\\Python310\\lib\\site-packages\\SeleniumLibrary\\keywords\\waiting.py\", line 426, in _wait_until\n    self._wait_until_worker(condition, timeout, error)\n  File \"C:\\Users\\Hafiz Muhammad\\AppData\\Local\\Programs\\Python\\Python310\\lib\\site-packages\\SeleniumLibrary\\keywords\\waiting.py\", line 443, in _wait_until_worker\n    raise AssertionError(not_found or error)\nAssertionError: Element '//input[@name='course_batch_name']' not visible after 5 seconds."}, "start": 1698000297773, "stop": 1698000297773}, {"name": "AddACourse.Select Tuesday Checkbox", "status": "skipped", "statusDetails": {"message": "Element '//input[@name='course_batch_name']' not visible after 5 seconds.", "trace": "Traceback (most recent call last):\n  File \"C:\\Users\\Hafiz Muhammad\\AppData\\Local\\Programs\\Python\\Python310\\lib\\site-packages\\SeleniumLibrary\\__init__.py\", line 517, in run_keyword\n    return DynamicCore.run_keyword(self, name, args, kwargs)\n  File \"C:\\Users\\Hafiz Muhammad\\AppData\\Local\\Programs\\Python\\Python310\\lib\\site-packages\\robotlibcore.py\", line 126, in run_keyword\n    return self.keywords[name](*args, **(kwargs or {}))\n  File \"C:\\Users\\Hafiz Muhammad\\AppData\\Local\\Programs\\Python\\Python310\\lib\\site-packages\\SeleniumLibrary\\keywords\\waiting.py\", line 314, in wait_until_element_is_visible\n    self._wait_until(\n  File \"C:\\Users\\Hafiz Muhammad\\AppData\\Local\\Programs\\Python\\Python310\\lib\\site-packages\\SeleniumLibrary\\keywords\\waiting.py\", line 426, in _wait_until\n    self._wait_until_worker(condition, timeout, error)\n  File \"C:\\Users\\Hafiz Muhammad\\AppData\\Local\\Programs\\Python\\Python310\\lib\\site-packages\\SeleniumLibrary\\keywords\\waiting.py\", line 443, in _wait_until_worker\n    raise AssertionError(not_found or error)\nAssertionError: Element '//input[@name='course_batch_name']' not visible after 5 seconds."}, "start": 1698000297773, "stop": 1698000297773}, {"name": "BuiltIn.Sleep", "status": "skipped", "statusDetails": {"message": "Element '//input[@name='course_batch_name']' not visible after 5 seconds.", "trace": "Traceback (most recent call last):\n  File \"C:\\Users\\Hafiz Muhammad\\AppData\\Local\\Programs\\Python\\Python310\\lib\\site-packages\\SeleniumLibrary\\__init__.py\", line 517, in run_keyword\n    return DynamicCore.run_keyword(self, name, args, kwargs)\n  File \"C:\\Users\\Hafiz Muhammad\\AppData\\Local\\Programs\\Python\\Python310\\lib\\site-packages\\robotlibcore.py\", line 126, in run_keyword\n    return self.keywords[name](*args, **(kwargs or {}))\n  File \"C:\\Users\\Hafiz Muhammad\\AppData\\Local\\Programs\\Python\\Python310\\lib\\site-packages\\SeleniumLibrary\\keywords\\waiting.py\", line 314, in wait_until_element_is_visible\n    self._wait_until(\n  File \"C:\\Users\\Hafiz Muhammad\\AppData\\Local\\Programs\\Python\\Python310\\lib\\site-packages\\SeleniumLibrary\\keywords\\waiting.py\", line 426, in _wait_until\n    self._wait_until_worker(condition, timeout, error)\n  File \"C:\\Users\\Hafiz Muhammad\\AppData\\Local\\Programs\\Python\\Python310\\lib\\site-packages\\SeleniumLibrary\\keywords\\waiting.py\", line 443, in _wait_until_worker\n    raise AssertionError(not_found or error)\nAssertionError: Element '//input[@name='course_batch_name']' not visible after 5 seconds."}, "parameters": [{"name": "arg1", "value": "2"}], "start": 1698000297773, "stop": 1698000297773}, {"name": "AddACourse.Select THursday Checkbox", "status": "skipped", "statusDetails": {"message": "Element '//input[@name='course_batch_name']' not visible after 5 seconds.", "trace": "Traceback (most recent call last):\n  File \"C:\\Users\\Hafiz Muhammad\\AppData\\Local\\Programs\\Python\\Python310\\lib\\site-packages\\SeleniumLibrary\\__init__.py\", line 517, in run_keyword\n    return DynamicCore.run_keyword(self, name, args, kwargs)\n  File \"C:\\Users\\Hafiz Muhammad\\AppData\\Local\\Programs\\Python\\Python310\\lib\\site-packages\\robotlibcore.py\", line 126, in run_keyword\n    return self.keywords[name](*args, **(kwargs or {}))\n  File \"C:\\Users\\Hafiz Muhammad\\AppData\\Local\\Programs\\Python\\Python310\\lib\\site-packages\\SeleniumLibrary\\keywords\\waiting.py\", line 314, in wait_until_element_is_visible\n    self._wait_until(\n  File \"C:\\Users\\Hafiz Muhammad\\AppData\\Local\\Programs\\Python\\Python310\\lib\\site-packages\\SeleniumLibrary\\keywords\\waiting.py\", line 426, in _wait_until\n    self._wait_until_worker(condition, timeout, error)\n  File \"C:\\Users\\Hafiz Muhammad\\AppData\\Local\\Programs\\Python\\Python310\\lib\\site-packages\\SeleniumLibrary\\keywords\\waiting.py\", line 443, in _wait_until_worker\n    raise AssertionError(not_found or error)\nAssertionError: Element '//input[@name='course_batch_name']' not visible after 5 seconds."}, "start": 1698000297773, "stop": 1698000297773}, {"name": "BuiltIn.Sleep", "status": "skipped", "statusDetails": {"message": "Element '//input[@name='course_batch_name']' not visible after 5 seconds.", "trace": "Traceback (most recent call last):\n  File \"C:\\Users\\Hafiz Muhammad\\AppData\\Local\\Programs\\Python\\Python310\\lib\\site-packages\\SeleniumLibrary\\__init__.py\", line 517, in run_keyword\n    return DynamicCore.run_keyword(self, name, args, kwargs)\n  File \"C:\\Users\\Hafiz Muhammad\\AppData\\Local\\Programs\\Python\\Python310\\lib\\site-packages\\robotlibcore.py\", line 126, in run_keyword\n    return self.keywords[name](*args, **(kwargs or {}))\n  File \"C:\\Users\\Hafiz Muhammad\\AppData\\Local\\Programs\\Python\\Python310\\lib\\site-packages\\SeleniumLibrary\\keywords\\waiting.py\", line 314, in wait_until_element_is_visible\n    self._wait_until(\n  File \"C:\\Users\\Hafiz Muhammad\\AppData\\Local\\Programs\\Python\\Python310\\lib\\site-packages\\SeleniumLibrary\\keywords\\waiting.py\", line 426, in _wait_until\n    self._wait_until_worker(condition, timeout, error)\n  File \"C:\\Users\\Hafiz Muhammad\\AppData\\Local\\Programs\\Python\\Python310\\lib\\site-packages\\SeleniumLibrary\\keywords\\waiting.py\", line 443, in _wait_until_worker\n    raise AssertionError(not_found or error)\nAssertionError: Element '//input[@name='course_batch_name']' not visible after 5 seconds."}, "parameters": [{"name": "arg1", "value": "2"}], "start": 1698000297773, "stop": 1698000297773}, {"name": "AddACourse.Select Course Teacher", "status": "skipped", "statusDetails": {"message": "Element '//input[@name='course_batch_name']' not visible after 5 seconds.", "trace": "Traceback (most recent call last):\n  File \"C:\\Users\\Hafiz Muhammad\\AppData\\Local\\Programs\\Python\\Python310\\lib\\site-packages\\SeleniumLibrary\\__init__.py\", line 517, in run_keyword\n    return DynamicCore.run_keyword(self, name, args, kwargs)\n  File \"C:\\Users\\Hafiz Muhammad\\AppData\\Local\\Programs\\Python\\Python310\\lib\\site-packages\\robotlibcore.py\", line 126, in run_keyword\n    return self.keywords[name](*args, **(kwargs or {}))\n  File \"C:\\Users\\Hafiz Muhammad\\AppData\\Local\\Programs\\Python\\Python310\\lib\\site-packages\\SeleniumLibrary\\keywords\\waiting.py\", line 314, in wait_until_element_is_visible\n    self._wait_until(\n  File \"C:\\Users\\Hafiz Muhammad\\AppData\\Local\\Programs\\Python\\Python310\\lib\\site-packages\\SeleniumLibrary\\keywords\\waiting.py\", line 426, in _wait_until\n    self._wait_until_worker(condition, timeout, error)\n  File \"C:\\Users\\Hafiz Muhammad\\AppData\\Local\\Programs\\Python\\Python310\\lib\\site-packages\\SeleniumLibrary\\keywords\\waiting.py\", line 443, in _wait_until_worker\n    raise AssertionError(not_found or error)\nAssertionError: Element '//input[@name='course_batch_name']' not visible after 5 seconds."}, "start": 1698000297781, "stop": 1698000297781}, {"name": "AddACourse.Select Course Holidays", "status": "skipped", "statusDetails": {"message": "Element '//input[@name='course_batch_name']' not visible after 5 seconds.", "trace": "Traceback (most recent call last):\n  File \"C:\\Users\\Hafiz Muhammad\\AppData\\Local\\Programs\\Python\\Python310\\lib\\site-packages\\SeleniumLibrary\\__init__.py\", line 517, in run_keyword\n    return DynamicCore.run_keyword(self, name, args, kwargs)\n  File \"C:\\Users\\Hafiz Muhammad\\AppData\\Local\\Programs\\Python\\Python310\\lib\\site-packages\\robotlibcore.py\", line 126, in run_keyword\n    return self.keywords[name](*args, **(kwargs or {}))\n  File \"C:\\Users\\Hafiz Muhammad\\AppData\\Local\\Programs\\Python\\Python310\\lib\\site-packages\\SeleniumLibrary\\keywords\\waiting.py\", line 314, in wait_until_element_is_visible\n    self._wait_until(\n  File \"C:\\Users\\Hafiz Muhammad\\AppData\\Local\\Programs\\Python\\Python310\\lib\\site-packages\\SeleniumLibrary\\keywords\\waiting.py\", line 426, in _wait_until\n    self._wait_until_worker(condition, timeout, error)\n  File \"C:\\Users\\Hafiz Muhammad\\AppData\\Local\\Programs\\Python\\Python310\\lib\\site-packages\\SeleniumLibrary\\keywords\\waiting.py\", line 443, in _wait_until_worker\n    raise AssertionError(not_found or error)\nAssertionError: Element '//input[@name='course_batch_name']' not visible after 5 seconds."}, "start": 1698000297781, "stop": 1698000297781}, {"name": "AddACourse.Select Course Resources", "status": "skipped", "statusDetails": {"message": "Element '//input[@name='course_batch_name']' not visible after 5 seconds.", "trace": "Traceback (most recent call last):\n  File \"C:\\Users\\Hafiz Muhammad\\AppData\\Local\\Programs\\Python\\Python310\\lib\\site-packages\\SeleniumLibrary\\__init__.py\", line 517, in run_keyword\n    return DynamicCore.run_keyword(self, name, args, kwargs)\n  File \"C:\\Users\\Hafiz Muhammad\\AppData\\Local\\Programs\\Python\\Python310\\lib\\site-packages\\robotlibcore.py\", line 126, in run_keyword\n    return self.keywords[name](*args, **(kwargs or {}))\n  File \"C:\\Users\\Hafiz Muhammad\\AppData\\Local\\Programs\\Python\\Python310\\lib\\site-packages\\SeleniumLibrary\\keywords\\waiting.py\", line 314, in wait_until_element_is_visible\n    self._wait_until(\n  File \"C:\\Users\\Hafiz Muhammad\\AppData\\Local\\Programs\\Python\\Python310\\lib\\site-packages\\SeleniumLibrary\\keywords\\waiting.py\", line 426, in _wait_until\n    self._wait_until_worker(condition, timeout, error)\n  File \"C:\\Users\\Hafiz Muhammad\\AppData\\Local\\Programs\\Python\\Python310\\lib\\site-packages\\SeleniumLibrary\\keywords\\waiting.py\", line 443, in _wait_until_worker\n    raise AssertionError(not_found or error)\nAssertionError: Element '//input[@name='course_batch_name']' not visible after 5 seconds."}, "start": 1698000297781, "stop": 1698000297781}, {"name": "AddACourse.Select Course Teacher Resources", "status": "skipped", "statusDetails": {"message": "Element '//input[@name='course_batch_name']' not visible after 5 seconds.", "trace": "Traceback (most recent call last):\n  File \"C:\\Users\\Hafiz Muhammad\\AppData\\Local\\Programs\\Python\\Python310\\lib\\site-packages\\SeleniumLibrary\\__init__.py\", line 517, in run_keyword\n    return DynamicCore.run_keyword(self, name, args, kwargs)\n  File \"C:\\Users\\Hafiz Muhammad\\AppData\\Local\\Programs\\Python\\Python310\\lib\\site-packages\\robotlibcore.py\", line 126, in run_keyword\n    return self.keywords[name](*args, **(kwargs or {}))\n  File \"C:\\Users\\Hafiz Muhammad\\AppData\\Local\\Programs\\Python\\Python310\\lib\\site-packages\\SeleniumLibrary\\keywords\\waiting.py\", line 314, in wait_until_element_is_visible\n    self._wait_until(\n  File \"C:\\Users\\Hafiz Muhammad\\AppData\\Local\\Programs\\Python\\Python310\\lib\\site-packages\\SeleniumLibrary\\keywords\\waiting.py\", line 426, in _wait_until\n    self._wait_until_worker(condition, timeout, error)\n  File \"C:\\Users\\Hafiz Muhammad\\AppData\\Local\\Programs\\Python\\Python310\\lib\\site-packages\\SeleniumLibrary\\keywords\\waiting.py\", line 443, in _wait_until_worker\n    raise AssertionError(not_found or error)\nAssertionError: Element '//input[@name='course_batch_name']' not visible after 5 seconds."}, "start": 1698000297781, "stop": 1698000297781}, {"name": "AddACourse.Course Maximum Paid", "status": "skipped", "statusDetails": {"message": "Element '//input[@name='course_batch_name']' not visible after 5 seconds.", "trace": "Traceback (most recent call last):\n  File \"C:\\Users\\Hafiz Muhammad\\AppData\\Local\\Programs\\Python\\Python310\\lib\\site-packages\\SeleniumLibrary\\__init__.py\", line 517, in run_keyword\n    return DynamicCore.run_keyword(self, name, args, kwargs)\n  File \"C:\\Users\\Hafiz Muhammad\\AppData\\Local\\Programs\\Python\\Python310\\lib\\site-packages\\robotlibcore.py\", line 126, in run_keyword\n    return self.keywords[name](*args, **(kwargs or {}))\n  File \"C:\\Users\\Hafiz Muhammad\\AppData\\Local\\Programs\\Python\\Python310\\lib\\site-packages\\SeleniumLibrary\\keywords\\waiting.py\", line 314, in wait_until_element_is_visible\n    self._wait_until(\n  File \"C:\\Users\\Hafiz Muhammad\\AppData\\Local\\Programs\\Python\\Python310\\lib\\site-packages\\SeleniumLibrary\\keywords\\waiting.py\", line 426, in _wait_until\n    self._wait_until_worker(condition, timeout, error)\n  File \"C:\\Users\\Hafiz Muhammad\\AppData\\Local\\Programs\\Python\\Python310\\lib\\site-packages\\SeleniumLibrary\\keywords\\waiting.py\", line 443, in _wait_until_worker\n    raise AssertionError(not_found or error)\nAssertionError: Element '//input[@name='course_batch_name']' not visible after 5 seconds."}, "start": 1698000297789, "stop": 1698000297789}, {"name": "AddACourse.Course Invoice Date", "status": "skipped", "statusDetails": {"message": "Element '//input[@name='course_batch_name']' not visible after 5 seconds.", "trace": "Traceback (most recent call last):\n  File \"C:\\Users\\Hafiz Muhammad\\AppData\\Local\\Programs\\Python\\Python310\\lib\\site-packages\\SeleniumLibrary\\__init__.py\", line 517, in run_keyword\n    return DynamicCore.run_keyword(self, name, args, kwargs)\n  File \"C:\\Users\\Hafiz Muhammad\\AppData\\Local\\Programs\\Python\\Python310\\lib\\site-packages\\robotlibcore.py\", line 126, in run_keyword\n    return self.keywords[name](*args, **(kwargs or {}))\n  File \"C:\\Users\\Hafiz Muhammad\\AppData\\Local\\Programs\\Python\\Python310\\lib\\site-packages\\SeleniumLibrary\\keywords\\waiting.py\", line 314, in wait_until_element_is_visible\n    self._wait_until(\n  File \"C:\\Users\\Hafiz Muhammad\\AppData\\Local\\Programs\\Python\\Python310\\lib\\site-packages\\SeleniumLibrary\\keywords\\waiting.py\", line 426, in _wait_until\n    self._wait_until_worker(condition, timeout, error)\n  File \"C:\\Users\\Hafiz Muhammad\\AppData\\Local\\Programs\\Python\\Python310\\lib\\site-packages\\SeleniumLibrary\\keywords\\waiting.py\", line 443, in _wait_until_worker\n    raise AssertionError(not_found or error)\nAssertionError: Element '//input[@name='course_batch_name']' not visible after 5 seconds."}, "start": 1698000297789, "stop": 1698000297789}, {"name": "SeleniumLibrary.Execute Javascript", "status": "skipped", "statusDetails": {"message": "Element '//input[@name='course_batch_name']' not visible after 5 seconds.", "trace": "Traceback (most recent call last):\n  File \"C:\\Users\\Hafiz Muhammad\\AppData\\Local\\Programs\\Python\\Python310\\lib\\site-packages\\SeleniumLibrary\\__init__.py\", line 517, in run_keyword\n    return DynamicCore.run_keyword(self, name, args, kwargs)\n  File \"C:\\Users\\Hafiz Muhammad\\AppData\\Local\\Programs\\Python\\Python310\\lib\\site-packages\\robotlibcore.py\", line 126, in run_keyword\n    return self.keywords[name](*args, **(kwargs or {}))\n  File \"C:\\Users\\Hafiz Muhammad\\AppData\\Local\\Programs\\Python\\Python310\\lib\\site-packages\\SeleniumLibrary\\keywords\\waiting.py\", line 314, in wait_until_element_is_visible\n    self._wait_until(\n  File \"C:\\Users\\Hafiz Muhammad\\AppData\\Local\\Programs\\Python\\Python310\\lib\\site-packages\\SeleniumLibrary\\keywords\\waiting.py\", line 426, in _wait_until\n    self._wait_until_worker(condition, timeout, error)\n  File \"C:\\Users\\Hafiz Muhammad\\AppData\\Local\\Programs\\Python\\Python310\\lib\\site-packages\\SeleniumLibrary\\keywords\\waiting.py\", line 443, in _wait_until_worker\n    raise AssertionError(not_found or error)\nAssertionError: Element '//input[@name='course_batch_name']' not visible after 5 seconds."}, "parameters": [{"name": "arg1", "value": "window.scrollTo(0, document.body.scrollHeight)"}], "start": 1698000297789, "stop": 1698000297789}, {"name": "BuiltIn.Sleep", "status": "skipped", "statusDetails": {"message": "Element '//input[@name='course_batch_name']' not visible after 5 seconds.", "trace": "Traceback (most recent call last):\n  File \"C:\\Users\\Hafiz Muhammad\\AppData\\Local\\Programs\\Python\\Python310\\lib\\site-packages\\SeleniumLibrary\\__init__.py\", line 517, in run_keyword\n    return DynamicCore.run_keyword(self, name, args, kwargs)\n  File \"C:\\Users\\Hafiz Muhammad\\AppData\\Local\\Programs\\Python\\Python310\\lib\\site-packages\\robotlibcore.py\", line 126, in run_keyword\n    return self.keywords[name](*args, **(kwargs or {}))\n  File \"C:\\Users\\Hafiz Muhammad\\AppData\\Local\\Programs\\Python\\Python310\\lib\\site-packages\\SeleniumLibrary\\keywords\\waiting.py\", line 314, in wait_until_element_is_visible\n    self._wait_until(\n  File \"C:\\Users\\Hafiz Muhammad\\AppData\\Local\\Programs\\Python\\Python310\\lib\\site-packages\\SeleniumLibrary\\keywords\\waiting.py\", line 426, in _wait_until\n    self._wait_until_worker(condition, timeout, error)\n  File \"C:\\Users\\Hafiz Muhammad\\AppData\\Local\\Programs\\Python\\Python310\\lib\\site-packages\\SeleniumLibrary\\keywords\\waiting.py\", line 443, in _wait_until_worker\n    raise AssertionError(not_found or error)\nAssertionError: Element '//input[@name='course_batch_name']' not visible after 5 seconds."}, "parameters": [{"name": "arg1", "value": "3"}], "start": 1698000297789, "stop": 1698000297789}, {"name": "AddACourse.Select 1st Frame", "status": "skipped", "statusDetails": {"message": "Element '//input[@name='course_batch_name']' not visible after 5 seconds.", "trace": "Traceback (most recent call last):\n  File \"C:\\Users\\Hafiz Muhammad\\AppData\\Local\\Programs\\Python\\Python310\\lib\\site-packages\\SeleniumLibrary\\__init__.py\", line 517, in run_keyword\n    return DynamicCore.run_keyword(self, name, args, kwargs)\n  File \"C:\\Users\\Hafiz Muhammad\\AppData\\Local\\Programs\\Python\\Python310\\lib\\site-packages\\robotlibcore.py\", line 126, in run_keyword\n    return self.keywords[name](*args, **(kwargs or {}))\n  File \"C:\\Users\\Hafiz Muhammad\\AppData\\Local\\Programs\\Python\\Python310\\lib\\site-packages\\SeleniumLibrary\\keywords\\waiting.py\", line 314, in wait_until_element_is_visible\n    self._wait_until(\n  File \"C:\\Users\\Hafiz Muhammad\\AppData\\Local\\Programs\\Python\\Python310\\lib\\site-packages\\SeleniumLibrary\\keywords\\waiting.py\", line 426, in _wait_until\n    self._wait_until_worker(condition, timeout, error)\n  File \"C:\\Users\\Hafiz Muhammad\\AppData\\Local\\Programs\\Python\\Python310\\lib\\site-packages\\SeleniumLibrary\\keywords\\waiting.py\", line 443, in _wait_until_worker\n    raise AssertionError(not_found or error)\nAssertionError: Element '//input[@name='course_batch_name']' not visible after 5 seconds."}, "start": 1698000297789, "stop": 1698000297797}, {"name": "BuiltIn.Sleep", "status": "skipped", "statusDetails": {"message": "Element '//input[@name='course_batch_name']' not visible after 5 seconds.", "trace": "Traceback (most recent call last):\n  File \"C:\\Users\\Hafiz Muhammad\\AppData\\Local\\Programs\\Python\\Python310\\lib\\site-packages\\SeleniumLibrary\\__init__.py\", line 517, in run_keyword\n    return DynamicCore.run_keyword(self, name, args, kwargs)\n  File \"C:\\Users\\Hafiz Muhammad\\AppData\\Local\\Programs\\Python\\Python310\\lib\\site-packages\\robotlibcore.py\", line 126, in run_keyword\n    return self.keywords[name](*args, **(kwargs or {}))\n  File \"C:\\Users\\Hafiz Muhammad\\AppData\\Local\\Programs\\Python\\Python310\\lib\\site-packages\\SeleniumLibrary\\keywords\\waiting.py\", line 314, in wait_until_element_is_visible\n    self._wait_until(\n  File \"C:\\Users\\Hafiz Muhammad\\AppData\\Local\\Programs\\Python\\Python310\\lib\\site-packages\\SeleniumLibrary\\keywords\\waiting.py\", line 426, in _wait_until\n    self._wait_until_worker(condition, timeout, error)\n  File \"C:\\Users\\Hafiz Muhammad\\AppData\\Local\\Programs\\Python\\Python310\\lib\\site-packages\\SeleniumLibrary\\keywords\\waiting.py\", line 443, in _wait_until_worker\n    raise AssertionError(not_found or error)\nAssertionError: Element '//input[@name='course_batch_name']' not visible after 5 seconds."}, "parameters": [{"name": "arg1", "value": "2"}], "start": 1698000297797, "stop": 1698000297797}, {"name": "AddACourse.Select 2nd Frame", "status": "skipped", "statusDetails": {"message": "Element '//input[@name='course_batch_name']' not visible after 5 seconds.", "trace": "Traceback (most recent call last):\n  File \"C:\\Users\\Hafiz Muhammad\\AppData\\Local\\Programs\\Python\\Python310\\lib\\site-packages\\SeleniumLibrary\\__init__.py\", line 517, in run_keyword\n    return DynamicCore.run_keyword(self, name, args, kwargs)\n  File \"C:\\Users\\Hafiz Muhammad\\AppData\\Local\\Programs\\Python\\Python310\\lib\\site-packages\\robotlibcore.py\", line 126, in run_keyword\n    return self.keywords[name](*args, **(kwargs or {}))\n  File \"C:\\Users\\Hafiz Muhammad\\AppData\\Local\\Programs\\Python\\Python310\\lib\\site-packages\\SeleniumLibrary\\keywords\\waiting.py\", line 314, in wait_until_element_is_visible\n    self._wait_until(\n  File \"C:\\Users\\Hafiz Muhammad\\AppData\\Local\\Programs\\Python\\Python310\\lib\\site-packages\\SeleniumLibrary\\keywords\\waiting.py\", line 426, in _wait_until\n    self._wait_until_worker(condition, timeout, error)\n  File \"C:\\Users\\Hafiz Muhammad\\AppData\\Local\\Programs\\Python\\Python310\\lib\\site-packages\\SeleniumLibrary\\keywords\\waiting.py\", line 443, in _wait_until_worker\n    raise AssertionError(not_found or error)\nAssertionError: Element '//input[@name='course_batch_name']' not visible after 5 seconds."}, "start": 1698000297797, "stop": 1698000297797}, {"name": "BuiltIn.Sleep", "status": "skipped", "statusDetails": {"message": "Element '//input[@name='course_batch_name']' not visible after 5 seconds.", "trace": "Traceback (most recent call last):\n  File \"C:\\Users\\Hafiz Muhammad\\AppData\\Local\\Programs\\Python\\Python310\\lib\\site-packages\\SeleniumLibrary\\__init__.py\", line 517, in run_keyword\n    return DynamicCore.run_keyword(self, name, args, kwargs)\n  File \"C:\\Users\\Hafiz Muhammad\\AppData\\Local\\Programs\\Python\\Python310\\lib\\site-packages\\robotlibcore.py\", line 126, in run_keyword\n    return self.keywords[name](*args, **(kwargs or {}))\n  File \"C:\\Users\\Hafiz Muhammad\\AppData\\Local\\Programs\\Python\\Python310\\lib\\site-packages\\SeleniumLibrary\\keywords\\waiting.py\", line 314, in wait_until_element_is_visible\n    self._wait_until(\n  File \"C:\\Users\\Hafiz Muhammad\\AppData\\Local\\Programs\\Python\\Python310\\lib\\site-packages\\SeleniumLibrary\\keywords\\waiting.py\", line 426, in _wait_until\n    self._wait_until_worker(condition, timeout, error)\n  File \"C:\\Users\\Hafiz Muhammad\\AppData\\Local\\Programs\\Python\\Python310\\lib\\site-packages\\SeleniumLibrary\\keywords\\waiting.py\", line 443, in _wait_until_worker\n    raise AssertionError(not_found or error)\nAssertionError: Element '//input[@name='course_batch_name']' not visible after 5 seconds."}, "parameters": [{"name": "arg1", "value": "2"}], "start": 1698000297797, "stop": 1698000297797}, {"name": "AddACourse.Click Submit Button", "status": "skipped", "statusDetails": {"message": "Element '//input[@name='course_batch_name']' not visible after 5 seconds.", "trace": "Traceback (most recent call last):\n  File \"C:\\Users\\Hafiz Muhammad\\AppData\\Local\\Programs\\Python\\Python310\\lib\\site-packages\\SeleniumLibrary\\__init__.py\", line 517, in run_keyword\n    return DynamicCore.run_keyword(self, name, args, kwargs)\n  File \"C:\\Users\\Hafiz Muhammad\\AppData\\Local\\Programs\\Python\\Python310\\lib\\site-packages\\robotlibcore.py\", line 126, in run_keyword\n    return self.keywords[name](*args, **(kwargs or {}))\n  File \"C:\\Users\\Hafiz Muhammad\\AppData\\Local\\Programs\\Python\\Python310\\lib\\site-packages\\SeleniumLibrary\\keywords\\waiting.py\", line 314, in wait_until_element_is_visible\n    self._wait_until(\n  File \"C:\\Users\\Hafiz Muhammad\\AppData\\Local\\Programs\\Python\\Python310\\lib\\site-packages\\SeleniumLibrary\\keywords\\waiting.py\", line 426, in _wait_until\n    self._wait_until_worker(condition, timeout, error)\n  File \"C:\\Users\\Hafiz Muhammad\\AppData\\Local\\Programs\\Python\\Python310\\lib\\site-packages\\SeleniumLibrary\\keywords\\waiting.py\", line 443, in _wait_until_worker\n    raise AssertionError(not_found or error)\nAssertionError: Element '//input[@name='course_batch_name']' not visible after 5 seconds."}, "start": 1698000297797, "stop": 1698000297805}], "start": 1698000292166, "stop": 1698000297805, "uuid": "766302f5-67ac-4742-b524-df5994daa55f", "historyId": "76e31da8b58c50ef62b5649d4c1a2ac1", "fullName": "Test Add And Delete Course.Adding A Course -> add_course_batch", "labels": [{"name": "suite", "value": "Test Add And Delete Course"}, {"name": "framework", "value": "robotframework"}, {"name": "language", "value": "cpython3"}, {"name": "host", "value": "Ramzan-PC"}, {"name": "thread", "value": "default-79380870-9e5c-4b0a-be14-a68ad6e91003"}]}