<?xml version="1.0" encoding="UTF-8"?>
<robot generator="Robot 6.1.1 (Python 3.10.9 on win32)" generated="20231022 22:51:27.460" rpa="false" schemaversion="4">
<suite id="s1" name="Test Add And Delete Course" source="C:\Users\Hafiz Muhammad\PycharmProjects\Eddie_RobotFramework_Course_add_and_delete\testcases\test_add_and_delete_course.robot">
<kw name="Open Chrome Browser With URL" library="GenericPage" type="SETUP">
<kw name="Open Browser" library="SeleniumLibrary">
<arg>${base_url}</arg>
<arg>${browser_name}</arg>
<arg>options=add_argument("--start-maximized"); add_experimental_option("detach", True)</arg>
<doc>Opens a new browser instance to the optional ``url``.</doc>
<msg timestamp="20231022 22:51:27.790" level="INFO">Opening browser 'Chrome' to base url 'http://app-qa.nykey.org/'.</msg>
<status status="PASS" starttime="20231022 22:51:27.784" endtime="20231022 22:51:32.470"/>
</kw>
<kw name="Sleep" library="BuiltIn">
<arg>2</arg>
<doc>Pauses the test executed for the given time.</doc>
<msg timestamp="20231022 22:51:34.474" level="INFO">Slept 2 seconds</msg>
<status status="PASS" starttime="20231022 22:51:32.470" endtime="20231022 22:51:34.474"/>
</kw>
<status status="PASS" starttime="20231022 22:51:27.784" endtime="20231022 22:51:34.474"/>
</kw>
<test id="s1-t1" name="Go to Website and Perform Login in Chrome Browser and Verify the Link" line="28">
<kw name="Enter Email Id and Password to Login" library="GenericPage">
<arg>${username}</arg>
<arg>${valid_password}</arg>
<kw name="Input Text" library="SeleniumLibrary">
<arg>${username}</arg>
<arg>dashboard@nykey.org</arg>
<doc>Types the given ``text`` into the text field identified by ``locator``.</doc>
<msg timestamp="20231022 22:51:34.482" level="INFO">Typing text 'dashboard@nykey.org' into text field '//input[@id='email']'.</msg>
<status status="PASS" starttime="20231022 22:51:34.478" endtime="20231022 22:51:34.935"/>
</kw>
<kw name="Input Password" library="SeleniumLibrary">
<arg>${valid_password}</arg>
<arg>12345678</arg>
<doc>Types the given password into the text field identified by ``locator``.</doc>
<msg timestamp="20231022 22:51:34.938" level="INFO">Typing password into text field '//input[@id='password']'.</msg>
<msg timestamp="20231022 22:51:35.032" level="INFO">Temporally setting log level to: NONE</msg>
<msg timestamp="20231022 22:51:35.138" level="INFO">Log level changed from NONE to INFO.</msg>
<status status="PASS" starttime="20231022 22:51:34.938" endtime="20231022 22:51:35.138"/>
</kw>
<kw name="Execute Javascript" library="SeleniumLibrary">
<arg>window.scrollTo(0, document.body.scrollHeight)</arg>
<doc>Executes the given JavaScript code with possible arguments.</doc>
<msg timestamp="20231022 22:51:35.138" level="INFO">Executing JavaScript:
window.scrollTo(0, document.body.scrollHeight)
Without any arguments.</msg>
<status status="PASS" starttime="20231022 22:51:35.138" endtime="20231022 22:51:35.145"/>
</kw>
<kw name="Sleep" library="BuiltIn">
<arg>2</arg>
<doc>Pauses the test executed for the given time.</doc>
<msg timestamp="20231022 22:51:37.160" level="INFO">Slept 2 seconds</msg>
<status status="PASS" starttime="20231022 22:51:35.146" endtime="20231022 22:51:37.160"/>
</kw>
<kw name="Click Element" library="SeleniumLibrary">
<arg>${login_remember_me_toggle}</arg>
<doc>Click the element identified by ``locator``.</doc>
<msg timestamp="20231022 22:51:37.163" level="INFO">Clicking element '//input[@id='flexSwitchCheckChecked']'.</msg>
<status status="PASS" starttime="20231022 22:51:37.161" endtime="20231022 22:51:37.529"/>
</kw>
<kw name="Click Element" library="SeleniumLibrary">
<arg>${click_login_btn}</arg>
<doc>Click the element identified by ``locator``.</doc>
<msg timestamp="20231022 22:51:37.536" level="INFO">Clicking element 'xpath=//button[normalize-space()='Sign in']'.</msg>
<status status="PASS" starttime="20231022 22:51:37.529" endtime="20231022 22:53:00.273"/>
</kw>
<status status="PASS" starttime="20231022 22:51:34.478" endtime="20231022 22:53:00.273"/>
</kw>
<kw name="Verify User Successfully Logged In">
<kw name="Get Location" library="SeleniumLibrary">
<var>${current_url}</var>
<doc>Returns the current browser window URL.</doc>
<msg timestamp="20231022 22:53:00.283" level="INFO">${current_url} = https://app-qa.nykey.org/home</msg>
<status status="PASS" starttime="20231022 22:53:00.273" endtime="20231022 22:53:00.283"/>
</kw>
<kw name="Should Contain" library="BuiltIn">
<arg>${current_url}</arg>
<arg>/home</arg>
<doc>Fails if ``container`` does not contain ``item`` one or more times.</doc>
<status status="PASS" starttime="20231022 22:53:00.283" endtime="20231022 22:53:00.283"/>
</kw>
<status status="PASS" starttime="20231022 22:53:00.273" endtime="20231022 22:53:00.283"/>
</kw>
<kw name="Verify Link and Success Block Element of the page">
<arg>https://app-qa.nykey.org/course_batches/create</arg>
<arg>Add Course Batch</arg>
<kw name="Go To" library="SeleniumLibrary">
<arg>${url_to_verify}</arg>
<doc>Navigates the current browser window to the provided ``url``.</doc>
<msg timestamp="20231022 22:53:00.283" level="INFO">Opening url 'https://app-qa.nykey.org/course_batches/create'</msg>
<msg timestamp="20231022 22:58:00.586" level="INFO" html="true">&lt;/td&gt;&lt;/tr&gt;&lt;tr&gt;&lt;td colspan="3"&gt;&lt;a href="selenium-screenshot-8.png"&gt;&lt;img src="selenium-screenshot-8.png" width="800px"&gt;&lt;/a&gt;</msg>
<msg timestamp="20231022 22:58:00.586" level="FAIL">TimeoutException: Message: timeout: Timed out receiving message from renderer: 284.455
  (Session info: chrome=118.0.5993.89)
Stacktrace:
	GetHandleVerifier [0x00007FF6FFFE8EF2+54786]
	(No symbol) [0x00007FF6FFF55612]
	(No symbol) [0x00007FF6FFE0A64B]
	(No symbol) [0x00007FF6FFDF8BEA]
	(No symbol) [0x00007FF6FFDF8B33]
	(No symbol) [0x00007FF6FFDF73AA]
	(No symbol) [0x00007FF6FFDF7E6E]
	(No symbol) [0x00007FF6FFE042FB]
	(No symbol) [0x00007FF6FFE156D1]
	(No symbol) [0x00007FF6FFE19A4A]
	(No symbol) [0x00007FF6FFDF84B7]
	(No symbol) [0x00007FF6FFE155AA]
	(No symbol) [0x00007FF6FFE84D69]
	(No symbol) [0x00007FF6FFE6BC43]
	(No symbol) [0x00007FF6FFE40941]
	(No symbol) [0x00007FF6FFE41B84]
	GetHandleVerifier [0x00007FF700337F52+3524194]
	GetHandleVerifier [0x00007FF70038D800+3874576]
	GetHandleVerifier [0x00007FF700385D7F+3843215]
	GetHandleVerifier [0x00007FF700085086+694166]
	(No symbol) [0x00007FF6FFF60A88]
	(No symbol) [0x00007FF6FFF5CA94]
	(No symbol) [0x00007FF6FFF5CBC2]
	(No symbol) [0x00007FF6FFF4CC83]
	BaseThreadInitThunk [0x00007FFC7DFE257D+29]
	RtlUserThreadStart [0x00007FFC7EC6AA78+40]
</msg>
<status status="FAIL" starttime="20231022 22:53:00.283" endtime="20231022 22:58:00.676"/>
</kw>
<kw name="Sleep" library="BuiltIn">
<arg>2</arg>
<doc>Pauses the test executed for the given time.</doc>
<status status="NOT RUN" starttime="20231022 22:58:00.676" endtime="20231022 22:58:00.676"/>
</kw>
<kw name="Wait Until Page Contains" library="SeleniumLibrary">
<arg>${success_block_element_to_verify}</arg>
<doc>Waits until ``text`` appears on the current page.</doc>
<status status="NOT RUN" starttime="20231022 22:58:00.676" endtime="20231022 22:58:00.676"/>
</kw>
<kw name="Page Should Contain" library="SeleniumLibrary">
<arg>${success_block_element_to_verify}</arg>
<doc>Verifies that current page contains ``text``.</doc>
<status status="NOT RUN" starttime="20231022 22:58:00.676" endtime="20231022 22:58:00.676"/>
</kw>
<status status="FAIL" starttime="20231022 22:53:00.283" endtime="20231022 22:58:00.676"/>
</kw>
<kw name="Sleep" library="BuiltIn">
<arg>3</arg>
<doc>Pauses the test executed for the given time.</doc>
<status status="NOT RUN" starttime="20231022 22:58:00.681" endtime="20231022 22:58:00.681"/>
</kw>
<status status="FAIL" starttime="20231022 22:51:34.475" endtime="20231022 22:58:00.682">TimeoutException: Message: timeout: Timed out receiving message from renderer: 284.455
  (Session info: chrome=118.0.5993.89)
Stacktrace:
	GetHandleVerifier [0x00007FF6FFFE8EF2+54786]
	(No symbol) [0x00007FF6FFF55612]
	(No symbol) [0x00007FF6FFE0A64B]
	(No symbol) [0x00007FF6FFDF8BEA]
	(No symbol) [0x00007FF6FFDF8B33]
	(No symbol) [0x00007FF6FFDF73AA]
	(No symbol) [0x00007FF6FFDF7E6E]
	(No symbol) [0x00007FF6FFE042FB]
	(No symbol) [0x00007FF6FFE156D1]
	(No symbol) [0x00007FF6FFE19A4A]
	(No symbol) [0x00007FF6FFDF84B7]
	(No symbol) [0x00007FF6FFE155AA]
	(No symbol) [0x00007FF6FFE84D69]
	(No symbol) [0x00007FF6FFE6BC43]
	(No symbol) [0x00007FF6FFE40941]
	(No symbol) [0x00007FF6FFE41B84]
	GetHandleVerifier [0x00007FF700337F52+3524194]
	GetHandleVerifier [0x00007FF70038D800+3874576]
	GetHandleVerifier [0x00007FF700385D7F+3843215]
	GetHandleVerifier [0x00007FF700085086+694166]
	(No symbol) [0x00007FF6FFF60A88]
	(No symbol) [0x00007FF6FFF5CA94]
	(No symbol) [0x00007FF6FFF5CBC2]
	(No symbol) [0x00007FF6FFF4CC83]
	BaseThreadInitThunk [0x00007FFC7DFE257D+29]
	RtlUserThreadStart [0x00007FFC7EC6AA78+40]
</status>
</test>
<test id="s1-t2" name="Adding A Course -&gt; add_course_batch" line="36">
<kw name="Enter Course Name" library="AddACourse">
<kw name="Wait Until Element Is Visible" library="SeleniumLibrary">
<arg>${addcoursebatchname}</arg>
<doc>Waits until the element ``locator`` is visible.</doc>
<status status="PASS" starttime="20231022 22:58:00.685" endtime="20231022 22:58:00.941"/>
</kw>
<kw name="Input Text" library="SeleniumLibrary">
<arg>${addcoursebatchname}</arg>
<arg>Test Course</arg>
<doc>Types the given ``text`` into the text field identified by ``locator``.</doc>
<msg timestamp="20231022 22:58:00.941" level="INFO">Typing text 'Test Course' into text field '//input[@name='course_batch_name']'.</msg>
<status status="PASS" starttime="20231022 22:58:00.941" endtime="20231022 22:58:01.450"/>
</kw>
<status status="PASS" starttime="20231022 22:58:00.685" endtime="20231022 22:58:01.450"/>
</kw>
<kw name="Enter Course Grades" library="AddACourse">
<kw name="Wait Until Element Is Visible" library="SeleniumLibrary">
<arg>//span[text()='Select ..']</arg>
<doc>Waits until the element ``locator`` is visible.</doc>
<msg timestamp="20231022 22:58:06.858" level="INFO" html="true">&lt;/td&gt;&lt;/tr&gt;&lt;tr&gt;&lt;td colspan="3"&gt;&lt;a href="selenium-screenshot-9.png"&gt;&lt;img src="selenium-screenshot-9.png" width="800px"&gt;&lt;/a&gt;</msg>
<msg timestamp="20231022 22:58:06.858" level="FAIL">Element '//span[text()='Select ..']' not visible after 5 seconds.</msg>
<status status="FAIL" starttime="20231022 22:58:01.452" endtime="20231022 22:58:06.878"/>
</kw>
<kw name="Click Element" library="SeleniumLibrary">
<arg>//span[text()='Select ..']</arg>
<doc>Click the element identified by ``locator``.</doc>
<status status="NOT RUN" starttime="20231022 22:58:06.878" endtime="20231022 22:58:06.878"/>
</kw>
<kw name="Input Text" library="SeleniumLibrary">
<arg>${search}</arg>
<arg>Grade 5</arg>
<doc>Types the given ``text`` into the text field identified by ``locator``.</doc>
<status status="NOT RUN" starttime="20231022 22:58:06.878" endtime="20231022 22:58:06.883"/>
</kw>
<kw name="Click Element" library="SeleniumLibrary">
<arg>//li[contains(.,'Grade 5')]</arg>
<doc>Click the element identified by ``locator``.</doc>
<status status="NOT RUN" starttime="20231022 22:58:06.883" endtime="20231022 22:58:06.883"/>
</kw>
<status status="FAIL" starttime="20231022 22:58:01.452" endtime="20231022 22:58:06.883"/>
</kw>
<kw name="Select Course Subject" library="AddACourse">
<status status="NOT RUN" starttime="20231022 22:58:06.883" endtime="20231022 22:58:06.883"/>
</kw>
<kw name="Select Course Billing Code" library="AddACourse">
<status status="NOT RUN" starttime="20231022 22:58:06.883" endtime="20231022 22:58:06.883"/>
</kw>
<kw name="Select Course TimeZone" library="AddACourse">
<status status="NOT RUN" starttime="20231022 22:58:06.883" endtime="20231022 22:58:06.883"/>
</kw>
<kw name="Course Start Date" library="AddACourse">
<status status="NOT RUN" starttime="20231022 22:58:06.883" endtime="20231022 22:58:06.883"/>
</kw>
<kw name="Course Start Time" library="AddACourse">
<status status="NOT RUN" starttime="20231022 22:58:06.883" endtime="20231022 22:58:06.883"/>
</kw>
<kw name="Course End Time" library="AddACourse">
<status status="NOT RUN" starttime="20231022 22:58:06.883" endtime="20231022 22:58:06.883"/>
</kw>
<kw name="Select Tuesday Checkbox" library="AddACourse">
<status status="NOT RUN" starttime="20231022 22:58:06.883" endtime="20231022 22:58:06.883"/>
</kw>
<kw name="Sleep" library="BuiltIn">
<arg>2</arg>
<doc>Pauses the test executed for the given time.</doc>
<status status="NOT RUN" starttime="20231022 22:58:06.883" endtime="20231022 22:58:06.883"/>
</kw>
<kw name="Select THursday Checkbox" library="AddACourse">
<status status="NOT RUN" starttime="20231022 22:58:06.883" endtime="20231022 22:58:06.883"/>
</kw>
<kw name="Sleep" library="BuiltIn">
<arg>2</arg>
<doc>Pauses the test executed for the given time.</doc>
<status status="NOT RUN" starttime="20231022 22:58:06.883" endtime="20231022 22:58:06.891"/>
</kw>
<kw name="Select Course Teacher" library="AddACourse">
<status status="NOT RUN" starttime="20231022 22:58:06.892" endtime="20231022 22:58:06.892"/>
</kw>
<kw name="Select Course Holidays" library="AddACourse">
<status status="NOT RUN" starttime="20231022 22:58:06.892" endtime="20231022 22:58:06.892"/>
</kw>
<kw name="Select Course Resources" library="AddACourse">
<status status="NOT RUN" starttime="20231022 22:58:06.894" endtime="20231022 22:58:06.894"/>
</kw>
<kw name="Select Course Teacher Resources" library="AddACourse">
<status status="NOT RUN" starttime="20231022 22:58:06.894" endtime="20231022 22:58:06.894"/>
</kw>
<kw name="Course Maximum Paid" library="AddACourse">
<status status="NOT RUN" starttime="20231022 22:58:06.894" endtime="20231022 22:58:06.894"/>
</kw>
<kw name="Course Invoice Date" library="AddACourse">
<status status="NOT RUN" starttime="20231022 22:58:06.894" endtime="20231022 22:58:06.894"/>
</kw>
<kw name="Execute Javascript" library="SeleniumLibrary">
<arg>window.scrollTo(0, document.body.scrollHeight)</arg>
<doc>Executes the given JavaScript code with possible arguments.</doc>
<status status="NOT RUN" starttime="20231022 22:58:06.894" endtime="20231022 22:58:06.894"/>
</kw>
<kw name="Sleep" library="BuiltIn">
<arg>3</arg>
<doc>Pauses the test executed for the given time.</doc>
<status status="NOT RUN" starttime="20231022 22:58:06.894" endtime="20231022 22:58:06.894"/>
</kw>
<kw name="Select 1st Frame" library="AddACourse">
<status status="NOT RUN" starttime="20231022 22:58:06.894" endtime="20231022 22:58:06.894"/>
</kw>
<kw name="Sleep" library="BuiltIn">
<arg>2</arg>
<doc>Pauses the test executed for the given time.</doc>
<status status="NOT RUN" starttime="20231022 22:58:06.899" endtime="20231022 22:58:06.899"/>
</kw>
<kw name="Select 2nd Frame" library="AddACourse">
<status status="NOT RUN" starttime="20231022 22:58:06.899" endtime="20231022 22:58:06.899"/>
</kw>
<kw name="Sleep" library="BuiltIn">
<arg>2</arg>
<doc>Pauses the test executed for the given time.</doc>
<status status="NOT RUN" starttime="20231022 22:58:06.899" endtime="20231022 22:58:06.899"/>
</kw>
<kw name="Click Submit Button" library="AddACourse">
<status status="NOT RUN" starttime="20231022 22:58:06.899" endtime="20231022 22:58:06.899"/>
</kw>
<status status="FAIL" starttime="20231022 22:58:00.685" endtime="20231022 22:58:06.899">Element '//span[text()='Select ..']' not visible after 5 seconds.</status>
</test>
<doc>End to End Testing Flow</doc>
<status status="FAIL" starttime="20231022 22:51:27.460" endtime="20231022 22:58:06.899"/>
</suite>
<statistics>
<total>
<stat pass="0" fail="2" skip="0">All Tests</stat>
</total>
<tag>
</tag>
<suite>
<stat pass="0" fail="2" skip="0" id="s1" name="Test Add And Delete Course">Test Add And Delete Course</stat>
</suite>
</statistics>
<errors>
</errors>
</robot>
