{"uid":"447f5c54a2efe416","name":"Perform Delete on all Added courses","fullName":"Test Add And Delete Course.Perform Delete on all Added courses","historyId":"24acd3bad869caae42da9ddd82367a1b","time":{"start":1697996857811,"stop":1697996863766,"duration":5955},"status":"failed","statusMessage":"StaleElementReferenceException: Message: stale element reference: stale element not found\n  (Session info: chrome=118.0.5993.89); For documentation on this error, please visit: https://www.selenium.dev/documentation/webdriver/troubleshooting/errors#stale-element-reference-exception\nStacktrace:\n\tGetHandleVerifier [0x00007FF6FFFE8EF2+54786]\n\t(No symbol) [0x00007FF6FFF55612]\n\t(No symbol) [0x00007FF6FFE0A64B]\n\t(No symbol) [0x00007FF6FFE183FC]\n\t(No symbol) [0x00007FF6FFE0FA59]\n\t(No symbol) [0x00007FF6FFE0E34A]\n\t(No symbol) [0x00007FF6FFE1115F]\n\t(No symbol) [0x00007FF6FFE11250]\n\t(No symbol) [0x00007FF6FFE51051]\n\t(No symbol) [0x00007FF6FFE50766]\n\t(No symbol) [0x00007FF6FFE8D098]\n\t(No symbol) [0x00007FF6FFE6BE6A]\n\t(No symbol) [0x00007FF6FFE84D02]\n\t(No symbol) [0x00007FF6FFE6BC43]\n\t(No symbol) [0x00007FF6FFE40941]\n\t(No symbol) [0x00007FF6FFE41B84]\n\tGetHandleVerifier [0x00007FF700337F52+3524194]\n\tGetHandleVerifier [0x00007FF70038D800+3874576]\n\tGetHandleVerifier [0x00007FF700385D7F+3843215]\n\tGetHandleVerifier [0x00007FF700085086+694166]\n\t(No symbol) [0x00007FF6FFF60A88]\n\t(No symbol) [0x00007FF6FFF5CA94]\n\t(No symbol) [0x00007FF6FFF5CBC2]\n\t(No symbol) [0x00007FF6FFF4CC83]\n\tBaseThreadInitThunk [0x00007FFC7DFE257D+29]\n\tRtlUserThreadStart [0x00007FFC7EC6AA78+40]\n","flaky":false,"newFailed":false,"newBroken":false,"newPassed":false,"retriesCount":0,"retriesStatusChange":false,"beforeStages":[{"name":"GenericPage.Open Chrome Browser With URL","time":{"stop":1697996619305},"status":"passed","steps":[{"name":"SeleniumLibrary.Open Browser","time":{"start":1697996603114,"stop":1697996617263,"duration":14149},"status":"passed","steps":[],"attachments":[{"uid":"f560d471d9c9f0e1","name":"Keyword Log","source":"f560d471d9c9f0e1.html","type":"text/html","size":90}],"parameters":[{"name":"arg1","value":"${base_url}"},{"name":"arg2","value":"${browser_name}"},{"name":"arg3","value":"options=add_argument(\"--start-maximized\"); add_experimental_option(\"detach\", True)"}],"hasContent":true,"stepsCount":0,"attachmentStep":false,"shouldDisplayMessage":false,"attachmentsCount":1},{"name":"BuiltIn.Sleep","time":{"start":1697996617263,"stop":1697996619303,"duration":2040},"status":"passed","steps":[],"attachments":[{"uid":"b3ab43b4b4c97562","name":"Keyword Log","source":"b3ab43b4b4c97562.html","type":"text/html","size":41}],"parameters":[{"name":"arg1","value":"2"}],"hasContent":true,"stepsCount":0,"attachmentStep":false,"shouldDisplayMessage":false,"attachmentsCount":1}],"attachments":[],"parameters":[],"hasContent":true,"stepsCount":2,"attachmentStep":false,"shouldDisplayMessage":false,"attachmentsCount":2}],"testStage":{"status":"failed","statusMessage":"StaleElementReferenceException: Message: stale element reference: stale element not found\n  (Session info: chrome=118.0.5993.89); For documentation on this error, please visit: https://www.selenium.dev/documentation/webdriver/troubleshooting/errors#stale-element-reference-exception\nStacktrace:\n\tGetHandleVerifier [0x00007FF6FFFE8EF2+54786]\n\t(No symbol) [0x00007FF6FFF55612]\n\t(No symbol) [0x00007FF6FFE0A64B]\n\t(No symbol) [0x00007FF6FFE183FC]\n\t(No symbol) [0x00007FF6FFE0FA59]\n\t(No symbol) [0x00007FF6FFE0E34A]\n\t(No symbol) [0x00007FF6FFE1115F]\n\t(No symbol) [0x00007FF6FFE11250]\n\t(No symbol) [0x00007FF6FFE51051]\n\t(No symbol) [0x00007FF6FFE50766]\n\t(No symbol) [0x00007FF6FFE8D098]\n\t(No symbol) [0x00007FF6FFE6BE6A]\n\t(No symbol) [0x00007FF6FFE84D02]\n\t(No symbol) [0x00007FF6FFE6BC43]\n\t(No symbol) [0x00007FF6FFE40941]\n\t(No symbol) [0x00007FF6FFE41B84]\n\tGetHandleVerifier [0x00007FF700337F52+3524194]\n\tGetHandleVerifier [0x00007FF70038D800+3874576]\n\tGetHandleVerifier [0x00007FF700385D7F+3843215]\n\tGetHandleVerifier [0x00007FF700085086+694166]\n\t(No symbol) [0x00007FF6FFF60A88]\n\t(No symbol) [0x00007FF6FFF5CA94]\n\t(No symbol) [0x00007FF6FFF5CBC2]\n\t(No symbol) [0x00007FF6FFF4CC83]\n\tBaseThreadInitThunk [0x00007FFC7DFE257D+29]\n\tRtlUserThreadStart [0x00007FFC7EC6AA78+40]\n","steps":[{"name":"MyLibrary.Delete All Courses","time":{"start":1697996857811,"stop":1697996863761,"duration":5950},"status":"failed","statusMessage":"StaleElementReferenceException: Message: stale element reference: stale element not found\n  (Session info: chrome=118.0.5993.89); For documentation on this error, please visit: https://www.selenium.dev/documentation/webdriver/troubleshooting/errors#stale-element-reference-exception\nStacktrace:\n\tGetHandleVerifier [0x00007FF6FFFE8EF2+54786]\n\t(No symbol) [0x00007FF6FFF55612]\n\t(No symbol) [0x00007FF6FFE0A64B]\n\t(No symbol) [0x00007FF6FFE183FC]\n\t(No symbol) [0x00007FF6FFE0FA59]\n\t(No symbol) [0x00007FF6FFE0E34A]\n\t(No symbol) [0x00007FF6FFE1115F]\n\t(No symbol) [0x00007FF6FFE11250]\n\t(No symbol) [0x00007FF6FFE51051]\n\t(No symbol) [0x00007FF6FFE50766]\n\t(No symbol) [0x00007FF6FFE8D098]\n\t(No symbol) [0x00007FF6FFE6BE6A]\n\t(No symbol) [0x00007FF6FFE84D02]\n\t(No symbol) [0x00007FF6FFE6BC43]\n\t(No symbol) [0x00007FF6FFE40941]\n\t(No symbol) [0x00007FF6FFE41B84]\n\tGetHandleVerifier [0x00007FF700337F52+3524194]\n\tGetHandleVerifier [0x00007FF70038D800+3874576]\n\tGetHandleVerifier [0x00007FF700385D7F+3843215]\n\tGetHandleVerifier [0x00007FF700085086+694166]\n\t(No symbol) [0x00007FF6FFF60A88]\n\t(No symbol) [0x00007FF6FFF5CA94]\n\t(No symbol) [0x00007FF6FFF5CBC2]\n\t(No symbol) [0x00007FF6FFF4CC83]\n\tBaseThreadInitThunk [0x00007FFC7DFE257D+29]\n\tRtlUserThreadStart [0x00007FFC7EC6AA78+40]\n","steps":[],"attachments":[{"uid":"1ff68143f847df1d","name":"Keyword Log","source":"1ff68143f847df1d.html","type":"text/html","size":1953}],"parameters":[],"hasContent":true,"stepsCount":0,"attachmentStep":false,"shouldDisplayMessage":true,"attachmentsCount":1}],"attachments":[],"parameters":[],"hasContent":true,"stepsCount":1,"attachmentStep":false,"shouldDisplayMessage":false,"attachmentsCount":1},"afterStages":[],"labels":[{"name":"suite","value":"Test Add And Delete Course"},{"name":"framework","value":"robotframework"},{"name":"language","value":"cpython3"},{"name":"host","value":"Ramzan-PC"},{"name":"thread","value":"default-9e3957ce-8b8c-4e1f-95f9-f2a0a6ec5543"},{"name":"resultFormat","value":"allure2"}],"parameters":[],"links":[],"hidden":true,"retry":true,"extra":{"categories":[],"tags":[]},"source":"447f5c54a2efe416.json","parameterValues":[]}