{"uid":"e1177a30448699ad","name":"Perform Delete on all Added courses","fullName":"Test Add And Delete Course.Perform Delete on all Added courses","historyId":"24acd3bad869caae42da9ddd82367a1b","time":{"start":1698000306196,"stop":1698000306224,"duration":28},"status":"passed","flaky":false,"newFailed":false,"newBroken":false,"newPassed":false,"retriesCount":19,"retriesStatusChange":true,"beforeStages":[{"name":"GenericPage.Open Chrome Browser With URL","time":{"stop":1698000288064},"status":"passed","steps":[{"name":"SeleniumLibrary.Open Browser","time":{"start":1698000270590,"stop":1698000286005,"duration":15415},"status":"passed","steps":[],"attachments":[{"uid":"76eed7e453921633","name":"Keyword Log","source":"76eed7e453921633.html","type":"text/html","size":4942}],"parameters":[{"name":"arg1","value":"${base_url}"},{"name":"arg2","value":"${browser_name}"},{"name":"arg3","value":"options=add_argument(\"--start-maximized\"); add_experimental_option(\"detach\", True)"}],"hasContent":true,"stepsCount":0,"attachmentStep":false,"shouldDisplayMessage":false,"attachmentsCount":1},{"name":"BuiltIn.Sleep","time":{"start":1698000286005,"stop":1698000288031,"duration":2026},"status":"passed","steps":[],"attachments":[{"uid":"4a8f438c319956fe","name":"Keyword Log","source":"4a8f438c319956fe.html","type":"text/html","size":125}],"parameters":[{"name":"arg1","value":"2"}],"hasContent":true,"stepsCount":0,"attachmentStep":false,"shouldDisplayMessage":false,"attachmentsCount":1}],"attachments":[{"uid":"81abf1ea8c2c1f6e","name":"Keyword Log","source":"81abf1ea8c2c1f6e.html","type":"text/html","size":81}],"parameters":[],"hasContent":true,"stepsCount":2,"attachmentStep":false,"shouldDisplayMessage":false,"attachmentsCount":3}],"testStage":{"status":"passed","steps":[{"name":"MyLibrary.Delete All Courses","time":{"start":1698000306197,"stop":1698000306224,"duration":27},"status":"passed","steps":[],"attachments":[{"uid":"9f074c5c2b820497","name":"Keyword Log","source":"9f074c5c2b820497.html","type":"text/html","size":604}],"parameters":[],"hasContent":true,"stepsCount":0,"attachmentStep":false,"shouldDisplayMessage":false,"attachmentsCount":1}],"attachments":[],"parameters":[],"hasContent":true,"stepsCount":1,"attachmentStep":false,"shouldDisplayMessage":false,"attachmentsCount":1},"afterStages":[],"labels":[{"name":"suite","value":"Test Add And Delete Course"},{"name":"framework","value":"robotframework"},{"name":"language","value":"cpython3"},{"name":"host","value":"Ramzan-PC"},{"name":"thread","value":"default-79380870-9e5c-4b0a-be14-a68ad6e91003"},{"name":"resultFormat","value":"allure2"}],"parameters":[],"links":[],"hidden":false,"retry":false,"extra":{"severity":"normal","retries":[{"uid":"83a7e9d62e2b2b0b","status":"passed","time":{"start":1698000004718,"stop":1698000014798,"duration":10080}},{"uid":"948ae7cbb250e6f1","status":"failed","statusDetails":"Element with locator 'xpath=//tr[@role='row'][2]' not found.","time":{"start":1697999492952,"stop":1697999498744,"duration":5792}},{"uid":"8e85fdcec60d9649","status":"failed","statusDetails":"InvalidArgumentException: Message: invalid argument: invalid locator\n  (Session info: chrome=118.0.5993.89)\nStacktrace:\n\tGetHandleVerifier [0x00007FF6FFFE8EF2+54786]\n\t(No symbol) [0x00007FF6FFF55612]\n\t(No symbol) [0x00007FF6FFE0A64B]\n\t(No symbol) [0x00007FF6FFE4B69F]\n\t(No symbol) [0x00007FF6FFE4B91C]\n\t(No symbol) [0x00007FF6FFE423AC]\n\t(No symbol) [0x00007FF6FFE6BEAF]\n\t(No symbol) [0x00007FF6FFE422E6]\n\t(No symbol) [0x00007FF6FFE6C080]\n\t(No symbol) [0x00007FF6FFE84D02]\n\t(No symbol) [0x00007FF6FFE6BC43]\n\t(No symbol) [0x00007FF6FFE40941]\n\t(No symbol) [0x00007FF6FFE41B84]\n\tGetHandleVerifier [0x00007FF700337F52+3524194]\n\tGetHandleVerifier [0x00007FF70038D800+3874576]\n\tGetHandleVerifier [0x00007FF700385D7F+3843215]\n\tGetHandleVerifier [0x00007FF700085086+694166]\n\t(No symbol) [0x00007FF6FFF60A88]\n\t(No symbol) [0x00007FF6FFF5CA94]\n\t(No symbol) [0x00007FF6FFF5CBC2]\n\t(No symbol) [0x00007FF6FFF4CC83]\n\tBaseThreadInitThunk [0x00007FFC7DFE257D+29]\n\tRtlUserThreadStart [0x00007FFC7EC6AA78+40]\n","time":{"start":1697999274444,"stop":1697999276854,"duration":2410}},{"uid":"489af8509f7be7b5","status":"failed","statusDetails":"InvalidArgumentException: Message: invalid argument: invalid locator\n  (Session info: chrome=118.0.5993.89)\nStacktrace:\n\tGetHandleVerifier [0x00007FF6FFFE8EF2+54786]\n\t(No symbol) [0x00007FF6FFF55612]\n\t(No symbol) [0x00007FF6FFE0A64B]\n\t(No symbol) [0x00007FF6FFE4B69F]\n\t(No symbol) [0x00007FF6FFE4B91C]\n\t(No symbol) [0x00007FF6FFE423AC]\n\t(No symbol) [0x00007FF6FFE6BEAF]\n\t(No symbol) [0x00007FF6FFE422E6]\n\t(No symbol) [0x00007FF6FFE6C080]\n\t(No symbol) [0x00007FF6FFE84D02]\n\t(No symbol) [0x00007FF6FFE6BC43]\n\t(No symbol) [0x00007FF6FFE40941]\n\t(No symbol) [0x00007FF6FFE41B84]\n\tGetHandleVerifier [0x00007FF700337F52+3524194]\n\tGetHandleVerifier [0x00007FF70038D800+3874576]\n\tGetHandleVerifier [0x00007FF700385D7F+3843215]\n\tGetHandleVerifier [0x00007FF700085086+694166]\n\t(No symbol) [0x00007FF6FFF60A88]\n\t(No symbol) [0x00007FF6FFF5CA94]\n\t(No symbol) [0x00007FF6FFF5CBC2]\n\t(No symbol) [0x00007FF6FFF4CC83]\n\tBaseThreadInitThunk [0x00007FFC7DFE257D+29]\n\tRtlUserThreadStart [0x00007FFC7EC6AA78+40]\n","time":{"start":1697999109750,"stop":1697999112230,"duration":2480}},{"uid":"12b5b7bdbd369318","status":"failed","statusDetails":"NameError: name 'By' is not defined","time":{"start":1697999020709,"stop":1697999023072,"duration":2363}},{"uid":"e59bd412fcfc32f7","status":"passed","time":{"start":1697998841356,"stop":1697998841381,"duration":25}},{"uid":"31a9d34c802d0198","status":"failed","statusDetails":"StaleElementReferenceException: Message: stale element reference: stale element not found\n  (Session info: chrome=118.0.5993.89); For documentation on this error, please visit: https://www.selenium.dev/documentation/webdriver/troubleshooting/errors#stale-element-reference-exception\nStacktrace:\n\tGetHandleVerifier [0x00007FF6FFFE8EF2+54786]\n\t(No symbol) [0x00007FF6FFF55612]\n\t(No symbol) [0x00007FF6FFE0A64B]\n\t(No symbol) [0x00007FF6FFE183FC]\n\t(No symbol) [0x00007FF6FFE0FA59]\n\t(No symbol) [0x00007FF6FFE0E34A]\n\t(No symbol) [0x00007FF6FFE1115F]\n\t(No symbol) [0x00007FF6FFE11250]\n\t(No symbol) [0x00007FF6FFE51051]\n\t(No symbol) [0x00007FF6FFE50766]\n\t(No symbol) [0x00007FF6FFE8D098]\n\t(No symbol) [0x00007FF6FFE6BE6A]\n\t(No symbol) [0x00007FF6FFE84D02]\n\t(No symbol) [0x00007FF6FFE6BC43]\n\t(No symbol) [0x00007FF6FFE40941]\n\t(No symbol) [0x00007FF6FFE41B84]\n\tGetHandleVerifier [0x00007FF700337F52+3524194]\n\tGetHandleVerifier [0x00007FF70038D800+3874576]\n\tGetHandleVerifier [0x00007FF700385D7F+3843215]\n\tGetHandleVerifier [0x00007FF700085086+694166]\n\t(No symbol) [0x00007FF6FFF60A88]\n\t(No symbol) [0x00007FF6FFF5CA94]\n\t(No symbol) [0x00007FF6FFF5CBC2]\n\t(No symbol) [0x00007FF6FFF4CC83]\n\tBaseThreadInitThunk [0x00007FFC7DFE257D+29]\n\tRtlUserThreadStart [0x00007FFC7EC6AA78+40]\n","time":{"start":1697998279244,"stop":1697998291903,"duration":12659}},{"uid":"dd4d1d7edfef6449","status":"passed","time":{"start":1697997029764,"stop":1697997036410,"duration":6646}},{"uid":"447f5c54a2efe416","status":"failed","statusDetails":"StaleElementReferenceException: Message: stale element reference: stale element not found\n  (Session info: chrome=118.0.5993.89); For documentation on this error, please visit: https://www.selenium.dev/documentation/webdriver/troubleshooting/errors#stale-element-reference-exception\nStacktrace:\n\tGetHandleVerifier [0x00007FF6FFFE8EF2+54786]\n\t(No symbol) [0x00007FF6FFF55612]\n\t(No symbol) [0x00007FF6FFE0A64B]\n\t(No symbol) [0x00007FF6FFE183FC]\n\t(No symbol) [0x00007FF6FFE0FA59]\n\t(No symbol) [0x00007FF6FFE0E34A]\n\t(No symbol) [0x00007FF6FFE1115F]\n\t(No symbol) [0x00007FF6FFE11250]\n\t(No symbol) [0x00007FF6FFE51051]\n\t(No symbol) [0x00007FF6FFE50766]\n\t(No symbol) [0x00007FF6FFE8D098]\n\t(No symbol) [0x00007FF6FFE6BE6A]\n\t(No symbol) [0x00007FF6FFE84D02]\n\t(No symbol) [0x00007FF6FFE6BC43]\n\t(No symbol) [0x00007FF6FFE40941]\n\t(No symbol) [0x00007FF6FFE41B84]\n\tGetHandleVerifier [0x00007FF700337F52+3524194]\n\tGetHandleVerifier [0x00007FF70038D800+3874576]\n\tGetHandleVerifier [0x00007FF700385D7F+3843215]\n\tGetHandleVerifier [0x00007FF700085086+694166]\n\t(No symbol) [0x00007FF6FFF60A88]\n\t(No symbol) [0x00007FF6FFF5CA94]\n\t(No symbol) [0x00007FF6FFF5CBC2]\n\t(No symbol) [0x00007FF6FFF4CC83]\n\tBaseThreadInitThunk [0x00007FFC7DFE257D+29]\n\tRtlUserThreadStart [0x00007FFC7EC6AA78+40]\n","time":{"start":1697996857811,"stop":1697996863766,"duration":5955}},{"uid":"d15ac806137d941","status":"failed","statusDetails":"Alert not found in 5 seconds.","time":{"start":1697996463289,"stop":1697996471002,"duration":7713}},{"uid":"d9faaa29110c5b73","status":"failed","statusDetails":"AttributeError: 'SeleniumLibrary' object has no attribute 'confirm_action'","time":{"start":1697996286788,"stop":1697996289238,"duration":2450}},{"uid":"2b3a6d53706ee7b1","status":"failed","statusDetails":"AttributeError: 'SeleniumLibrary' object has no attribute 'sleep'","time":{"start":1697996163309,"stop":1697996163977,"duration":668}},{"uid":"1e10a6e3963cf493","status":"failed","statusDetails":"AttributeError: 'SeleniumLibrary' object has no attribute 'mouse_over_element'","time":{"start":1697996069300,"stop":1697996069377,"duration":77}},{"uid":"49a5025f72cdb1b6","status":"failed","statusDetails":"No keyword with name 'Delete All Courses' found.","time":{"start":1697995669015,"stop":1697995669048,"duration":33}},{"uid":"2760d62df80d72bb","status":"failed","statusDetails":"No keyword with name 'MyLibrary.Delete All Courses' found.","time":{"start":1697995284170,"stop":1697995284201,"duration":31}},{"uid":"fa51be6b1eee178d","status":"failed","statusDetails":"No keyword with name 'Delete All Courses' found.","time":{"start":1697994952153,"stop":1697994952174,"duration":21}},{"uid":"42f57f91d5dd40da","status":"failed","statusDetails":"AttributeError: 'int' object has no attribute 'upper'","time":{"start":1697994279905,"stop":1697994279982,"duration":77}},{"uid":"6516dc6f2b92d32e","status":"failed","statusDetails":"AttributeError: 'int' object has no attribute 'upper'","time":{"start":1697994164769,"stop":1697994164804,"duration":35}},{"uid":"baff2767ce1e5d4b","status":"failed","statusDetails":"AttributeError: 'int' object has no attribute 'upper'","time":{"start":1697994045300,"stop":1697994045333,"duration":33}}],"categories":[],"tags":[]},"source":"e1177a30448699ad.json","parameterValues":[]}