{"uid":"fcad142bab156889","name":"Adding A Course -> add_course_batch","fullName":"Test Add And Delete Course.Adding A Course -> add_course_batch","historyId":"76e31da8b58c50ef62b5649d4c1a2ac1","time":{"start":1698000292166,"stop":1698000297805,"duration":5639},"status":"failed","statusMessage":"Element '//input[@name='course_batch_name']' not visible after 5 seconds.","statusTrace":"Traceback (most recent call last):\n  File \"C:\\Users\\Hafiz Muhammad\\AppData\\Local\\Programs\\Python\\Python310\\lib\\site-packages\\SeleniumLibrary\\__init__.py\", line 517, in run_keyword\n    return DynamicCore.run_keyword(self, name, args, kwargs)\n  File \"C:\\Users\\Hafiz Muhammad\\AppData\\Local\\Programs\\Python\\Python310\\lib\\site-packages\\robotlibcore.py\", line 126, in run_keyword\n    return self.keywords[name](*args, **(kwargs or {}))\n  File \"C:\\Users\\Hafiz Muhammad\\AppData\\Local\\Programs\\Python\\Python310\\lib\\site-packages\\SeleniumLibrary\\keywords\\waiting.py\", line 314, in wait_until_element_is_visible\n    self._wait_until(\n  File \"C:\\Users\\Hafiz Muhammad\\AppData\\Local\\Programs\\Python\\Python310\\lib\\site-packages\\SeleniumLibrary\\keywords\\waiting.py\", line 426, in _wait_until\n    self._wait_until_worker(condition, timeout, error)\n  File \"C:\\Users\\Hafiz Muhammad\\AppData\\Local\\Programs\\Python\\Python310\\lib\\site-packages\\SeleniumLibrary\\keywords\\waiting.py\", line 443, in _wait_until_worker\n    raise AssertionError(not_found or error)\nAssertionError: Element '//input[@name='course_batch_name']' not visible after 5 seconds.","flaky":false,"newFailed":false,"newBroken":false,"newPassed":false,"retriesCount":6,"retriesStatusChange":true,"beforeStages":[{"name":"GenericPage.Open Chrome Browser With URL","time":{"stop":1698000288064},"status":"passed","steps":[{"name":"SeleniumLibrary.Open Browser","time":{"start":1698000270590,"stop":1698000286005,"duration":15415},"status":"passed","steps":[],"attachments":[{"uid":"76eed7e453921633","name":"Keyword Log","source":"76eed7e453921633.html","type":"text/html","size":4942}],"parameters":[{"name":"arg1","value":"${base_url}"},{"name":"arg2","value":"${browser_name}"},{"name":"arg3","value":"options=add_argument(\"--start-maximized\"); add_experimental_option(\"detach\", True)"}],"hasContent":true,"stepsCount":0,"attachmentStep":false,"shouldDisplayMessage":false,"attachmentsCount":1},{"name":"BuiltIn.Sleep","time":{"start":1698000286005,"stop":1698000288031,"duration":2026},"status":"passed","steps":[],"attachments":[{"uid":"4a8f438c319956fe","name":"Keyword Log","source":"4a8f438c319956fe.html","type":"text/html","size":125}],"parameters":[{"name":"arg1","value":"2"}],"hasContent":true,"stepsCount":0,"attachmentStep":false,"shouldDisplayMessage":false,"attachmentsCount":1}],"attachments":[{"uid":"81abf1ea8c2c1f6e","name":"Keyword Log","source":"81abf1ea8c2c1f6e.html","type":"text/html","size":81}],"parameters":[],"hasContent":true,"stepsCount":2,"attachmentStep":false,"shouldDisplayMessage":false,"attachmentsCount":3}],"testStage":{"status":"failed","statusMessage":"Element '//input[@name='course_batch_name']' not visible after 5 seconds.","statusTrace":"Traceback (most recent call last):\n  File \"C:\\Users\\Hafiz Muhammad\\AppData\\Local\\Programs\\Python\\Python310\\lib\\site-packages\\SeleniumLibrary\\__init__.py\", line 517, in run_keyword\n    return DynamicCore.run_keyword(self, name, args, kwargs)\n  File \"C:\\Users\\Hafiz Muhammad\\AppData\\Local\\Programs\\Python\\Python310\\lib\\site-packages\\robotlibcore.py\", line 126, in run_keyword\n    return self.keywords[name](*args, **(kwargs or {}))\n  File \"C:\\Users\\Hafiz Muhammad\\AppData\\Local\\Programs\\Python\\Python310\\lib\\site-packages\\SeleniumLibrary\\keywords\\waiting.py\", line 314, in wait_until_element_is_visible\n    self._wait_until(\n  File \"C:\\Users\\Hafiz Muhammad\\AppData\\Local\\Programs\\Python\\Python310\\lib\\site-packages\\SeleniumLibrary\\keywords\\waiting.py\", line 426, in _wait_until\n    self._wait_until_worker(condition, timeout, error)\n  File \"C:\\Users\\Hafiz Muhammad\\AppData\\Local\\Programs\\Python\\Python310\\lib\\site-packages\\SeleniumLibrary\\keywords\\waiting.py\", line 443, in _wait_until_worker\n    raise AssertionError(not_found or error)\nAssertionError: Element '//input[@name='course_batch_name']' not visible after 5 seconds.","steps":[{"name":"AddACourse.Enter Course Name","time":{"start":1698000292166,"stop":1698000297765,"duration":5599},"status":"failed","statusMessage":"Element '//input[@name='course_batch_name']' not visible after 5 seconds.","statusTrace":"Traceback (most recent call last):\n  File \"C:\\Users\\Hafiz Muhammad\\AppData\\Local\\Programs\\Python\\Python310\\lib\\site-packages\\SeleniumLibrary\\__init__.py\", line 517, in run_keyword\n    return DynamicCore.run_keyword(self, name, args, kwargs)\n  File \"C:\\Users\\Hafiz Muhammad\\AppData\\Local\\Programs\\Python\\Python310\\lib\\site-packages\\robotlibcore.py\", line 126, in run_keyword\n    return self.keywords[name](*args, **(kwargs or {}))\n  File \"C:\\Users\\Hafiz Muhammad\\AppData\\Local\\Programs\\Python\\Python310\\lib\\site-packages\\SeleniumLibrary\\keywords\\waiting.py\", line 314, in wait_until_element_is_visible\n    self._wait_until(\n  File \"C:\\Users\\Hafiz Muhammad\\AppData\\Local\\Programs\\Python\\Python310\\lib\\site-packages\\SeleniumLibrary\\keywords\\waiting.py\", line 426, in _wait_until\n    self._wait_until_worker(condition, timeout, error)\n  File \"C:\\Users\\Hafiz Muhammad\\AppData\\Local\\Programs\\Python\\Python310\\lib\\site-packages\\SeleniumLibrary\\keywords\\waiting.py\", line 443, in _wait_until_worker\n    raise AssertionError(not_found or error)\nAssertionError: Element '//input[@name='course_batch_name']' not visible after 5 seconds.","steps":[{"name":"SeleniumLibrary.Wait Until Element Is Visible","time":{"start":1698000292166,"stop":1698000297757,"duration":5591},"status":"failed","statusMessage":"Element '//input[@name='course_batch_name']' not visible after 5 seconds.","statusTrace":"Traceback (most recent call last):\n  File \"C:\\Users\\Hafiz Muhammad\\AppData\\Local\\Programs\\Python\\Python310\\lib\\site-packages\\SeleniumLibrary\\__init__.py\", line 517, in run_keyword\n    return DynamicCore.run_keyword(self, name, args, kwargs)\n  File \"C:\\Users\\Hafiz Muhammad\\AppData\\Local\\Programs\\Python\\Python310\\lib\\site-packages\\robotlibcore.py\", line 126, in run_keyword\n    return self.keywords[name](*args, **(kwargs or {}))\n  File \"C:\\Users\\Hafiz Muhammad\\AppData\\Local\\Programs\\Python\\Python310\\lib\\site-packages\\SeleniumLibrary\\keywords\\waiting.py\", line 314, in wait_until_element_is_visible\n    self._wait_until(\n  File \"C:\\Users\\Hafiz Muhammad\\AppData\\Local\\Programs\\Python\\Python310\\lib\\site-packages\\SeleniumLibrary\\keywords\\waiting.py\", line 426, in _wait_until\n    self._wait_until_worker(condition, timeout, error)\n  File \"C:\\Users\\Hafiz Muhammad\\AppData\\Local\\Programs\\Python\\Python310\\lib\\site-packages\\SeleniumLibrary\\keywords\\waiting.py\", line 443, in _wait_until_worker\n    raise AssertionError(not_found or error)\nAssertionError: Element '//input[@name='course_batch_name']' not visible after 5 seconds.","steps":[],"attachments":[{"uid":"2ab4292e770e9bdb","name":"Keyword Log","source":"2ab4292e770e9bdb.html","type":"text/html","size":716359}],"parameters":[{"name":"arg1","value":"${addcoursebatchname}"}],"hasContent":true,"stepsCount":0,"attachmentStep":false,"shouldDisplayMessage":true,"attachmentsCount":1},{"name":"SeleniumLibrary.Input Text","time":{"start":1698000297757,"stop":1698000297757,"duration":0},"status":"skipped","statusMessage":"Element '//input[@name='course_batch_name']' not visible after 5 seconds.","statusTrace":"Traceback (most recent call last):\n  File \"C:\\Users\\Hafiz Muhammad\\AppData\\Local\\Programs\\Python\\Python310\\lib\\site-packages\\SeleniumLibrary\\__init__.py\", line 517, in run_keyword\n    return DynamicCore.run_keyword(self, name, args, kwargs)\n  File \"C:\\Users\\Hafiz Muhammad\\AppData\\Local\\Programs\\Python\\Python310\\lib\\site-packages\\robotlibcore.py\", line 126, in run_keyword\n    return self.keywords[name](*args, **(kwargs or {}))\n  File \"C:\\Users\\Hafiz Muhammad\\AppData\\Local\\Programs\\Python\\Python310\\lib\\site-packages\\SeleniumLibrary\\keywords\\waiting.py\", line 314, in wait_until_element_is_visible\n    self._wait_until(\n  File \"C:\\Users\\Hafiz Muhammad\\AppData\\Local\\Programs\\Python\\Python310\\lib\\site-packages\\SeleniumLibrary\\keywords\\waiting.py\", line 426, in _wait_until\n    self._wait_until_worker(condition, timeout, error)\n  File \"C:\\Users\\Hafiz Muhammad\\AppData\\Local\\Programs\\Python\\Python310\\lib\\site-packages\\SeleniumLibrary\\keywords\\waiting.py\", line 443, in _wait_until_worker\n    raise AssertionError(not_found or error)\nAssertionError: Element '//input[@name='course_batch_name']' not visible after 5 seconds.","steps":[],"attachments":[],"parameters":[{"name":"arg1","value":"${addcoursebatchname}"},{"name":"arg2","value":"Test Course"}],"hasContent":true,"stepsCount":0,"attachmentStep":false,"shouldDisplayMessage":true,"attachmentsCount":0}],"attachments":[{"uid":"a1bda6ee1892f355","name":"Keyword Log","source":"a1bda6ee1892f355.html","type":"text/html","size":42}],"parameters":[],"hasContent":true,"stepsCount":2,"attachmentStep":false,"shouldDisplayMessage":false,"attachmentsCount":2},{"name":"AddACourse.Enter Course Grades","time":{"start":1698000297765,"stop":1698000297765,"duration":0},"status":"skipped","statusMessage":"Element '//input[@name='course_batch_name']' not visible after 5 seconds.","statusTrace":"Traceback (most recent call last):\n  File \"C:\\Users\\Hafiz Muhammad\\AppData\\Local\\Programs\\Python\\Python310\\lib\\site-packages\\SeleniumLibrary\\__init__.py\", line 517, in run_keyword\n    return DynamicCore.run_keyword(self, name, args, kwargs)\n  File \"C:\\Users\\Hafiz Muhammad\\AppData\\Local\\Programs\\Python\\Python310\\lib\\site-packages\\robotlibcore.py\", line 126, in run_keyword\n    return self.keywords[name](*args, **(kwargs or {}))\n  File \"C:\\Users\\Hafiz Muhammad\\AppData\\Local\\Programs\\Python\\Python310\\lib\\site-packages\\SeleniumLibrary\\keywords\\waiting.py\", line 314, in wait_until_element_is_visible\n    self._wait_until(\n  File \"C:\\Users\\Hafiz Muhammad\\AppData\\Local\\Programs\\Python\\Python310\\lib\\site-packages\\SeleniumLibrary\\keywords\\waiting.py\", line 426, in _wait_until\n    self._wait_until_worker(condition, timeout, error)\n  File \"C:\\Users\\Hafiz Muhammad\\AppData\\Local\\Programs\\Python\\Python310\\lib\\site-packages\\SeleniumLibrary\\keywords\\waiting.py\", line 443, in _wait_until_worker\n    raise AssertionError(not_found or error)\nAssertionError: Element '//input[@name='course_batch_name']' not visible after 5 seconds.","steps":[],"attachments":[],"parameters":[],"hasContent":true,"stepsCount":0,"attachmentStep":false,"shouldDisplayMessage":true,"attachmentsCount":0},{"name":"AddACourse.Select Course Subject","time":{"start":1698000297765,"stop":1698000297765,"duration":0},"status":"skipped","statusMessage":"Element '//input[@name='course_batch_name']' not visible after 5 seconds.","statusTrace":"Traceback (most recent call last):\n  File \"C:\\Users\\Hafiz Muhammad\\AppData\\Local\\Programs\\Python\\Python310\\lib\\site-packages\\SeleniumLibrary\\__init__.py\", line 517, in run_keyword\n    return DynamicCore.run_keyword(self, name, args, kwargs)\n  File \"C:\\Users\\Hafiz Muhammad\\AppData\\Local\\Programs\\Python\\Python310\\lib\\site-packages\\robotlibcore.py\", line 126, in run_keyword\n    return self.keywords[name](*args, **(kwargs or {}))\n  File \"C:\\Users\\Hafiz Muhammad\\AppData\\Local\\Programs\\Python\\Python310\\lib\\site-packages\\SeleniumLibrary\\keywords\\waiting.py\", line 314, in wait_until_element_is_visible\n    self._wait_until(\n  File \"C:\\Users\\Hafiz Muhammad\\AppData\\Local\\Programs\\Python\\Python310\\lib\\site-packages\\SeleniumLibrary\\keywords\\waiting.py\", line 426, in _wait_until\n    self._wait_until_worker(condition, timeout, error)\n  File \"C:\\Users\\Hafiz Muhammad\\AppData\\Local\\Programs\\Python\\Python310\\lib\\site-packages\\SeleniumLibrary\\keywords\\waiting.py\", line 443, in _wait_until_worker\n    raise AssertionError(not_found or error)\nAssertionError: Element '//input[@name='course_batch_name']' not visible after 5 seconds.","steps":[],"attachments":[],"parameters":[],"hasContent":true,"stepsCount":0,"attachmentStep":false,"shouldDisplayMessage":true,"attachmentsCount":0},{"name":"AddACourse.Select Course Billing Code","time":{"start":1698000297765,"stop":1698000297765,"duration":0},"status":"skipped","statusMessage":"Element '//input[@name='course_batch_name']' not visible after 5 seconds.","statusTrace":"Traceback (most recent call last):\n  File \"C:\\Users\\Hafiz Muhammad\\AppData\\Local\\Programs\\Python\\Python310\\lib\\site-packages\\SeleniumLibrary\\__init__.py\", line 517, in run_keyword\n    return DynamicCore.run_keyword(self, name, args, kwargs)\n  File \"C:\\Users\\Hafiz Muhammad\\AppData\\Local\\Programs\\Python\\Python310\\lib\\site-packages\\robotlibcore.py\", line 126, in run_keyword\n    return self.keywords[name](*args, **(kwargs or {}))\n  File \"C:\\Users\\Hafiz Muhammad\\AppData\\Local\\Programs\\Python\\Python310\\lib\\site-packages\\SeleniumLibrary\\keywords\\waiting.py\", line 314, in wait_until_element_is_visible\n    self._wait_until(\n  File \"C:\\Users\\Hafiz Muhammad\\AppData\\Local\\Programs\\Python\\Python310\\lib\\site-packages\\SeleniumLibrary\\keywords\\waiting.py\", line 426, in _wait_until\n    self._wait_until_worker(condition, timeout, error)\n  File \"C:\\Users\\Hafiz Muhammad\\AppData\\Local\\Programs\\Python\\Python310\\lib\\site-packages\\SeleniumLibrary\\keywords\\waiting.py\", line 443, in _wait_until_worker\n    raise AssertionError(not_found or error)\nAssertionError: Element '//input[@name='course_batch_name']' not visible after 5 seconds.","steps":[],"attachments":[],"parameters":[],"hasContent":true,"stepsCount":0,"attachmentStep":false,"shouldDisplayMessage":true,"attachmentsCount":0},{"name":"AddACourse.Select Course TimeZone","time":{"start":1698000297765,"stop":1698000297765,"duration":0},"status":"skipped","statusMessage":"Element '//input[@name='course_batch_name']' not visible after 5 seconds.","statusTrace":"Traceback (most recent call last):\n  File \"C:\\Users\\Hafiz Muhammad\\AppData\\Local\\Programs\\Python\\Python310\\lib\\site-packages\\SeleniumLibrary\\__init__.py\", line 517, in run_keyword\n    return DynamicCore.run_keyword(self, name, args, kwargs)\n  File \"C:\\Users\\Hafiz Muhammad\\AppData\\Local\\Programs\\Python\\Python310\\lib\\site-packages\\robotlibcore.py\", line 126, in run_keyword\n    return self.keywords[name](*args, **(kwargs or {}))\n  File \"C:\\Users\\Hafiz Muhammad\\AppData\\Local\\Programs\\Python\\Python310\\lib\\site-packages\\SeleniumLibrary\\keywords\\waiting.py\", line 314, in wait_until_element_is_visible\n    self._wait_until(\n  File \"C:\\Users\\Hafiz Muhammad\\AppData\\Local\\Programs\\Python\\Python310\\lib\\site-packages\\SeleniumLibrary\\keywords\\waiting.py\", line 426, in _wait_until\n    self._wait_until_worker(condition, timeout, error)\n  File \"C:\\Users\\Hafiz Muhammad\\AppData\\Local\\Programs\\Python\\Python310\\lib\\site-packages\\SeleniumLibrary\\keywords\\waiting.py\", line 443, in _wait_until_worker\n    raise AssertionError(not_found or error)\nAssertionError: Element '//input[@name='course_batch_name']' not visible after 5 seconds.","steps":[],"attachments":[],"parameters":[],"hasContent":true,"stepsCount":0,"attachmentStep":false,"shouldDisplayMessage":true,"attachmentsCount":0},{"name":"AddACourse.Course Start Date","time":{"start":1698000297765,"stop":1698000297765,"duration":0},"status":"skipped","statusMessage":"Element '//input[@name='course_batch_name']' not visible after 5 seconds.","statusTrace":"Traceback (most recent call last):\n  File \"C:\\Users\\Hafiz Muhammad\\AppData\\Local\\Programs\\Python\\Python310\\lib\\site-packages\\SeleniumLibrary\\__init__.py\", line 517, in run_keyword\n    return DynamicCore.run_keyword(self, name, args, kwargs)\n  File \"C:\\Users\\Hafiz Muhammad\\AppData\\Local\\Programs\\Python\\Python310\\lib\\site-packages\\robotlibcore.py\", line 126, in run_keyword\n    return self.keywords[name](*args, **(kwargs or {}))\n  File \"C:\\Users\\Hafiz Muhammad\\AppData\\Local\\Programs\\Python\\Python310\\lib\\site-packages\\SeleniumLibrary\\keywords\\waiting.py\", line 314, in wait_until_element_is_visible\n    self._wait_until(\n  File \"C:\\Users\\Hafiz Muhammad\\AppData\\Local\\Programs\\Python\\Python310\\lib\\site-packages\\SeleniumLibrary\\keywords\\waiting.py\", line 426, in _wait_until\n    self._wait_until_worker(condition, timeout, error)\n  File \"C:\\Users\\Hafiz Muhammad\\AppData\\Local\\Programs\\Python\\Python310\\lib\\site-packages\\SeleniumLibrary\\keywords\\waiting.py\", line 443, in _wait_until_worker\n    raise AssertionError(not_found or error)\nAssertionError: Element '//input[@name='course_batch_name']' not visible after 5 seconds.","steps":[],"attachments":[],"parameters":[],"hasContent":true,"stepsCount":0,"attachmentStep":false,"shouldDisplayMessage":true,"attachmentsCount":0},{"name":"AddACourse.Course Start Time","time":{"start":1698000297765,"stop":1698000297773,"duration":8},"status":"skipped","statusMessage":"Element '//input[@name='course_batch_name']' not visible after 5 seconds.","statusTrace":"Traceback (most recent call last):\n  File \"C:\\Users\\Hafiz Muhammad\\AppData\\Local\\Programs\\Python\\Python310\\lib\\site-packages\\SeleniumLibrary\\__init__.py\", line 517, in run_keyword\n    return DynamicCore.run_keyword(self, name, args, kwargs)\n  File \"C:\\Users\\Hafiz Muhammad\\AppData\\Local\\Programs\\Python\\Python310\\lib\\site-packages\\robotlibcore.py\", line 126, in run_keyword\n    return self.keywords[name](*args, **(kwargs or {}))\n  File \"C:\\Users\\Hafiz Muhammad\\AppData\\Local\\Programs\\Python\\Python310\\lib\\site-packages\\SeleniumLibrary\\keywords\\waiting.py\", line 314, in wait_until_element_is_visible\n    self._wait_until(\n  File \"C:\\Users\\Hafiz Muhammad\\AppData\\Local\\Programs\\Python\\Python310\\lib\\site-packages\\SeleniumLibrary\\keywords\\waiting.py\", line 426, in _wait_until\n    self._wait_until_worker(condition, timeout, error)\n  File \"C:\\Users\\Hafiz Muhammad\\AppData\\Local\\Programs\\Python\\Python310\\lib\\site-packages\\SeleniumLibrary\\keywords\\waiting.py\", line 443, in _wait_until_worker\n    raise AssertionError(not_found or error)\nAssertionError: Element '//input[@name='course_batch_name']' not visible after 5 seconds.","steps":[],"attachments":[],"parameters":[],"hasContent":true,"stepsCount":0,"attachmentStep":false,"shouldDisplayMessage":true,"attachmentsCount":0},{"name":"AddACourse.Course End Time","time":{"start":1698000297773,"stop":1698000297773,"duration":0},"status":"skipped","statusMessage":"Element '//input[@name='course_batch_name']' not visible after 5 seconds.","statusTrace":"Traceback (most recent call last):\n  File \"C:\\Users\\Hafiz Muhammad\\AppData\\Local\\Programs\\Python\\Python310\\lib\\site-packages\\SeleniumLibrary\\__init__.py\", line 517, in run_keyword\n    return DynamicCore.run_keyword(self, name, args, kwargs)\n  File \"C:\\Users\\Hafiz Muhammad\\AppData\\Local\\Programs\\Python\\Python310\\lib\\site-packages\\robotlibcore.py\", line 126, in run_keyword\n    return self.keywords[name](*args, **(kwargs or {}))\n  File \"C:\\Users\\Hafiz Muhammad\\AppData\\Local\\Programs\\Python\\Python310\\lib\\site-packages\\SeleniumLibrary\\keywords\\waiting.py\", line 314, in wait_until_element_is_visible\n    self._wait_until(\n  File \"C:\\Users\\Hafiz Muhammad\\AppData\\Local\\Programs\\Python\\Python310\\lib\\site-packages\\SeleniumLibrary\\keywords\\waiting.py\", line 426, in _wait_until\n    self._wait_until_worker(condition, timeout, error)\n  File \"C:\\Users\\Hafiz Muhammad\\AppData\\Local\\Programs\\Python\\Python310\\lib\\site-packages\\SeleniumLibrary\\keywords\\waiting.py\", line 443, in _wait_until_worker\n    raise AssertionError(not_found or error)\nAssertionError: Element '//input[@name='course_batch_name']' not visible after 5 seconds.","steps":[],"attachments":[],"parameters":[],"hasContent":true,"stepsCount":0,"attachmentStep":false,"shouldDisplayMessage":true,"attachmentsCount":0},{"name":"AddACourse.Select Tuesday Checkbox","time":{"start":1698000297773,"stop":1698000297773,"duration":0},"status":"skipped","statusMessage":"Element '//input[@name='course_batch_name']' not visible after 5 seconds.","statusTrace":"Traceback (most recent call last):\n  File \"C:\\Users\\Hafiz Muhammad\\AppData\\Local\\Programs\\Python\\Python310\\lib\\site-packages\\SeleniumLibrary\\__init__.py\", line 517, in run_keyword\n    return DynamicCore.run_keyword(self, name, args, kwargs)\n  File \"C:\\Users\\Hafiz Muhammad\\AppData\\Local\\Programs\\Python\\Python310\\lib\\site-packages\\robotlibcore.py\", line 126, in run_keyword\n    return self.keywords[name](*args, **(kwargs or {}))\n  File \"C:\\Users\\Hafiz Muhammad\\AppData\\Local\\Programs\\Python\\Python310\\lib\\site-packages\\SeleniumLibrary\\keywords\\waiting.py\", line 314, in wait_until_element_is_visible\n    self._wait_until(\n  File \"C:\\Users\\Hafiz Muhammad\\AppData\\Local\\Programs\\Python\\Python310\\lib\\site-packages\\SeleniumLibrary\\keywords\\waiting.py\", line 426, in _wait_until\n    self._wait_until_worker(condition, timeout, error)\n  File \"C:\\Users\\Hafiz Muhammad\\AppData\\Local\\Programs\\Python\\Python310\\lib\\site-packages\\SeleniumLibrary\\keywords\\waiting.py\", line 443, in _wait_until_worker\n    raise AssertionError(not_found or error)\nAssertionError: Element '//input[@name='course_batch_name']' not visible after 5 seconds.","steps":[],"attachments":[],"parameters":[],"hasContent":true,"stepsCount":0,"attachmentStep":false,"shouldDisplayMessage":true,"attachmentsCount":0},{"name":"BuiltIn.Sleep","time":{"start":1698000297773,"stop":1698000297773,"duration":0},"status":"skipped","statusMessage":"Element '//input[@name='course_batch_name']' not visible after 5 seconds.","statusTrace":"Traceback (most recent call last):\n  File \"C:\\Users\\Hafiz Muhammad\\AppData\\Local\\Programs\\Python\\Python310\\lib\\site-packages\\SeleniumLibrary\\__init__.py\", line 517, in run_keyword\n    return DynamicCore.run_keyword(self, name, args, kwargs)\n  File \"C:\\Users\\Hafiz Muhammad\\AppData\\Local\\Programs\\Python\\Python310\\lib\\site-packages\\robotlibcore.py\", line 126, in run_keyword\n    return self.keywords[name](*args, **(kwargs or {}))\n  File \"C:\\Users\\Hafiz Muhammad\\AppData\\Local\\Programs\\Python\\Python310\\lib\\site-packages\\SeleniumLibrary\\keywords\\waiting.py\", line 314, in wait_until_element_is_visible\n    self._wait_until(\n  File \"C:\\Users\\Hafiz Muhammad\\AppData\\Local\\Programs\\Python\\Python310\\lib\\site-packages\\SeleniumLibrary\\keywords\\waiting.py\", line 426, in _wait_until\n    self._wait_until_worker(condition, timeout, error)\n  File \"C:\\Users\\Hafiz Muhammad\\AppData\\Local\\Programs\\Python\\Python310\\lib\\site-packages\\SeleniumLibrary\\keywords\\waiting.py\", line 443, in _wait_until_worker\n    raise AssertionError(not_found or error)\nAssertionError: Element '//input[@name='course_batch_name']' not visible after 5 seconds.","steps":[],"attachments":[],"parameters":[{"name":"arg1","value":"2"}],"hasContent":true,"stepsCount":0,"attachmentStep":false,"shouldDisplayMessage":true,"attachmentsCount":0},{"name":"AddACourse.Select THursday Checkbox","time":{"start":1698000297773,"stop":1698000297773,"duration":0},"status":"skipped","statusMessage":"Element '//input[@name='course_batch_name']' not visible after 5 seconds.","statusTrace":"Traceback (most recent call last):\n  File \"C:\\Users\\Hafiz Muhammad\\AppData\\Local\\Programs\\Python\\Python310\\lib\\site-packages\\SeleniumLibrary\\__init__.py\", line 517, in run_keyword\n    return DynamicCore.run_keyword(self, name, args, kwargs)\n  File \"C:\\Users\\Hafiz Muhammad\\AppData\\Local\\Programs\\Python\\Python310\\lib\\site-packages\\robotlibcore.py\", line 126, in run_keyword\n    return self.keywords[name](*args, **(kwargs or {}))\n  File \"C:\\Users\\Hafiz Muhammad\\AppData\\Local\\Programs\\Python\\Python310\\lib\\site-packages\\SeleniumLibrary\\keywords\\waiting.py\", line 314, in wait_until_element_is_visible\n    self._wait_until(\n  File \"C:\\Users\\Hafiz Muhammad\\AppData\\Local\\Programs\\Python\\Python310\\lib\\site-packages\\SeleniumLibrary\\keywords\\waiting.py\", line 426, in _wait_until\n    self._wait_until_worker(condition, timeout, error)\n  File \"C:\\Users\\Hafiz Muhammad\\AppData\\Local\\Programs\\Python\\Python310\\lib\\site-packages\\SeleniumLibrary\\keywords\\waiting.py\", line 443, in _wait_until_worker\n    raise AssertionError(not_found or error)\nAssertionError: Element '//input[@name='course_batch_name']' not visible after 5 seconds.","steps":[],"attachments":[],"parameters":[],"hasContent":true,"stepsCount":0,"attachmentStep":false,"shouldDisplayMessage":true,"attachmentsCount":0},{"name":"BuiltIn.Sleep","time":{"start":1698000297773,"stop":1698000297773,"duration":0},"status":"skipped","statusMessage":"Element '//input[@name='course_batch_name']' not visible after 5 seconds.","statusTrace":"Traceback (most recent call last):\n  File \"C:\\Users\\Hafiz Muhammad\\AppData\\Local\\Programs\\Python\\Python310\\lib\\site-packages\\SeleniumLibrary\\__init__.py\", line 517, in run_keyword\n    return DynamicCore.run_keyword(self, name, args, kwargs)\n  File \"C:\\Users\\Hafiz Muhammad\\AppData\\Local\\Programs\\Python\\Python310\\lib\\site-packages\\robotlibcore.py\", line 126, in run_keyword\n    return self.keywords[name](*args, **(kwargs or {}))\n  File \"C:\\Users\\Hafiz Muhammad\\AppData\\Local\\Programs\\Python\\Python310\\lib\\site-packages\\SeleniumLibrary\\keywords\\waiting.py\", line 314, in wait_until_element_is_visible\n    self._wait_until(\n  File \"C:\\Users\\Hafiz Muhammad\\AppData\\Local\\Programs\\Python\\Python310\\lib\\site-packages\\SeleniumLibrary\\keywords\\waiting.py\", line 426, in _wait_until\n    self._wait_until_worker(condition, timeout, error)\n  File \"C:\\Users\\Hafiz Muhammad\\AppData\\Local\\Programs\\Python\\Python310\\lib\\site-packages\\SeleniumLibrary\\keywords\\waiting.py\", line 443, in _wait_until_worker\n    raise AssertionError(not_found or error)\nAssertionError: Element '//input[@name='course_batch_name']' not visible after 5 seconds.","steps":[],"attachments":[],"parameters":[{"name":"arg1","value":"2"}],"hasContent":true,"stepsCount":0,"attachmentStep":false,"shouldDisplayMessage":true,"attachmentsCount":0},{"name":"AddACourse.Select Course Teacher","time":{"start":1698000297781,"stop":1698000297781,"duration":0},"status":"skipped","statusMessage":"Element '//input[@name='course_batch_name']' not visible after 5 seconds.","statusTrace":"Traceback (most recent call last):\n  File \"C:\\Users\\Hafiz Muhammad\\AppData\\Local\\Programs\\Python\\Python310\\lib\\site-packages\\SeleniumLibrary\\__init__.py\", line 517, in run_keyword\n    return DynamicCore.run_keyword(self, name, args, kwargs)\n  File \"C:\\Users\\Hafiz Muhammad\\AppData\\Local\\Programs\\Python\\Python310\\lib\\site-packages\\robotlibcore.py\", line 126, in run_keyword\n    return self.keywords[name](*args, **(kwargs or {}))\n  File \"C:\\Users\\Hafiz Muhammad\\AppData\\Local\\Programs\\Python\\Python310\\lib\\site-packages\\SeleniumLibrary\\keywords\\waiting.py\", line 314, in wait_until_element_is_visible\n    self._wait_until(\n  File \"C:\\Users\\Hafiz Muhammad\\AppData\\Local\\Programs\\Python\\Python310\\lib\\site-packages\\SeleniumLibrary\\keywords\\waiting.py\", line 426, in _wait_until\n    self._wait_until_worker(condition, timeout, error)\n  File \"C:\\Users\\Hafiz Muhammad\\AppData\\Local\\Programs\\Python\\Python310\\lib\\site-packages\\SeleniumLibrary\\keywords\\waiting.py\", line 443, in _wait_until_worker\n    raise AssertionError(not_found or error)\nAssertionError: Element '//input[@name='course_batch_name']' not visible after 5 seconds.","steps":[],"attachments":[],"parameters":[],"hasContent":true,"stepsCount":0,"attachmentStep":false,"shouldDisplayMessage":true,"attachmentsCount":0},{"name":"AddACourse.Select Course Holidays","time":{"start":1698000297781,"stop":1698000297781,"duration":0},"status":"skipped","statusMessage":"Element '//input[@name='course_batch_name']' not visible after 5 seconds.","statusTrace":"Traceback (most recent call last):\n  File \"C:\\Users\\Hafiz Muhammad\\AppData\\Local\\Programs\\Python\\Python310\\lib\\site-packages\\SeleniumLibrary\\__init__.py\", line 517, in run_keyword\n    return DynamicCore.run_keyword(self, name, args, kwargs)\n  File \"C:\\Users\\Hafiz Muhammad\\AppData\\Local\\Programs\\Python\\Python310\\lib\\site-packages\\robotlibcore.py\", line 126, in run_keyword\n    return self.keywords[name](*args, **(kwargs or {}))\n  File \"C:\\Users\\Hafiz Muhammad\\AppData\\Local\\Programs\\Python\\Python310\\lib\\site-packages\\SeleniumLibrary\\keywords\\waiting.py\", line 314, in wait_until_element_is_visible\n    self._wait_until(\n  File \"C:\\Users\\Hafiz Muhammad\\AppData\\Local\\Programs\\Python\\Python310\\lib\\site-packages\\SeleniumLibrary\\keywords\\waiting.py\", line 426, in _wait_until\n    self._wait_until_worker(condition, timeout, error)\n  File \"C:\\Users\\Hafiz Muhammad\\AppData\\Local\\Programs\\Python\\Python310\\lib\\site-packages\\SeleniumLibrary\\keywords\\waiting.py\", line 443, in _wait_until_worker\n    raise AssertionError(not_found or error)\nAssertionError: Element '//input[@name='course_batch_name']' not visible after 5 seconds.","steps":[],"attachments":[],"parameters":[],"hasContent":true,"stepsCount":0,"attachmentStep":false,"shouldDisplayMessage":true,"attachmentsCount":0},{"name":"AddACourse.Select Course Resources","time":{"start":1698000297781,"stop":1698000297781,"duration":0},"status":"skipped","statusMessage":"Element '//input[@name='course_batch_name']' not visible after 5 seconds.","statusTrace":"Traceback (most recent call last):\n  File \"C:\\Users\\Hafiz Muhammad\\AppData\\Local\\Programs\\Python\\Python310\\lib\\site-packages\\SeleniumLibrary\\__init__.py\", line 517, in run_keyword\n    return DynamicCore.run_keyword(self, name, args, kwargs)\n  File \"C:\\Users\\Hafiz Muhammad\\AppData\\Local\\Programs\\Python\\Python310\\lib\\site-packages\\robotlibcore.py\", line 126, in run_keyword\n    return self.keywords[name](*args, **(kwargs or {}))\n  File \"C:\\Users\\Hafiz Muhammad\\AppData\\Local\\Programs\\Python\\Python310\\lib\\site-packages\\SeleniumLibrary\\keywords\\waiting.py\", line 314, in wait_until_element_is_visible\n    self._wait_until(\n  File \"C:\\Users\\Hafiz Muhammad\\AppData\\Local\\Programs\\Python\\Python310\\lib\\site-packages\\SeleniumLibrary\\keywords\\waiting.py\", line 426, in _wait_until\n    self._wait_until_worker(condition, timeout, error)\n  File \"C:\\Users\\Hafiz Muhammad\\AppData\\Local\\Programs\\Python\\Python310\\lib\\site-packages\\SeleniumLibrary\\keywords\\waiting.py\", line 443, in _wait_until_worker\n    raise AssertionError(not_found or error)\nAssertionError: Element '//input[@name='course_batch_name']' not visible after 5 seconds.","steps":[],"attachments":[],"parameters":[],"hasContent":true,"stepsCount":0,"attachmentStep":false,"shouldDisplayMessage":true,"attachmentsCount":0},{"name":"AddACourse.Select Course Teacher Resources","time":{"start":1698000297781,"stop":1698000297781,"duration":0},"status":"skipped","statusMessage":"Element '//input[@name='course_batch_name']' not visible after 5 seconds.","statusTrace":"Traceback (most recent call last):\n  File \"C:\\Users\\Hafiz Muhammad\\AppData\\Local\\Programs\\Python\\Python310\\lib\\site-packages\\SeleniumLibrary\\__init__.py\", line 517, in run_keyword\n    return DynamicCore.run_keyword(self, name, args, kwargs)\n  File \"C:\\Users\\Hafiz Muhammad\\AppData\\Local\\Programs\\Python\\Python310\\lib\\site-packages\\robotlibcore.py\", line 126, in run_keyword\n    return self.keywords[name](*args, **(kwargs or {}))\n  File \"C:\\Users\\Hafiz Muhammad\\AppData\\Local\\Programs\\Python\\Python310\\lib\\site-packages\\SeleniumLibrary\\keywords\\waiting.py\", line 314, in wait_until_element_is_visible\n    self._wait_until(\n  File \"C:\\Users\\Hafiz Muhammad\\AppData\\Local\\Programs\\Python\\Python310\\lib\\site-packages\\SeleniumLibrary\\keywords\\waiting.py\", line 426, in _wait_until\n    self._wait_until_worker(condition, timeout, error)\n  File \"C:\\Users\\Hafiz Muhammad\\AppData\\Local\\Programs\\Python\\Python310\\lib\\site-packages\\SeleniumLibrary\\keywords\\waiting.py\", line 443, in _wait_until_worker\n    raise AssertionError(not_found or error)\nAssertionError: Element '//input[@name='course_batch_name']' not visible after 5 seconds.","steps":[],"attachments":[],"parameters":[],"hasContent":true,"stepsCount":0,"attachmentStep":false,"shouldDisplayMessage":true,"attachmentsCount":0},{"name":"AddACourse.Course Maximum Paid","time":{"start":1698000297789,"stop":1698000297789,"duration":0},"status":"skipped","statusMessage":"Element '//input[@name='course_batch_name']' not visible after 5 seconds.","statusTrace":"Traceback (most recent call last):\n  File \"C:\\Users\\Hafiz Muhammad\\AppData\\Local\\Programs\\Python\\Python310\\lib\\site-packages\\SeleniumLibrary\\__init__.py\", line 517, in run_keyword\n    return DynamicCore.run_keyword(self, name, args, kwargs)\n  File \"C:\\Users\\Hafiz Muhammad\\AppData\\Local\\Programs\\Python\\Python310\\lib\\site-packages\\robotlibcore.py\", line 126, in run_keyword\n    return self.keywords[name](*args, **(kwargs or {}))\n  File \"C:\\Users\\Hafiz Muhammad\\AppData\\Local\\Programs\\Python\\Python310\\lib\\site-packages\\SeleniumLibrary\\keywords\\waiting.py\", line 314, in wait_until_element_is_visible\n    self._wait_until(\n  File \"C:\\Users\\Hafiz Muhammad\\AppData\\Local\\Programs\\Python\\Python310\\lib\\site-packages\\SeleniumLibrary\\keywords\\waiting.py\", line 426, in _wait_until\n    self._wait_until_worker(condition, timeout, error)\n  File \"C:\\Users\\Hafiz Muhammad\\AppData\\Local\\Programs\\Python\\Python310\\lib\\site-packages\\SeleniumLibrary\\keywords\\waiting.py\", line 443, in _wait_until_worker\n    raise AssertionError(not_found or error)\nAssertionError: Element '//input[@name='course_batch_name']' not visible after 5 seconds.","steps":[],"attachments":[],"parameters":[],"hasContent":true,"stepsCount":0,"attachmentStep":false,"shouldDisplayMessage":true,"attachmentsCount":0},{"name":"AddACourse.Course Invoice Date","time":{"start":1698000297789,"stop":1698000297789,"duration":0},"status":"skipped","statusMessage":"Element '//input[@name='course_batch_name']' not visible after 5 seconds.","statusTrace":"Traceback (most recent call last):\n  File \"C:\\Users\\Hafiz Muhammad\\AppData\\Local\\Programs\\Python\\Python310\\lib\\site-packages\\SeleniumLibrary\\__init__.py\", line 517, in run_keyword\n    return DynamicCore.run_keyword(self, name, args, kwargs)\n  File \"C:\\Users\\Hafiz Muhammad\\AppData\\Local\\Programs\\Python\\Python310\\lib\\site-packages\\robotlibcore.py\", line 126, in run_keyword\n    return self.keywords[name](*args, **(kwargs or {}))\n  File \"C:\\Users\\Hafiz Muhammad\\AppData\\Local\\Programs\\Python\\Python310\\lib\\site-packages\\SeleniumLibrary\\keywords\\waiting.py\", line 314, in wait_until_element_is_visible\n    self._wait_until(\n  File \"C:\\Users\\Hafiz Muhammad\\AppData\\Local\\Programs\\Python\\Python310\\lib\\site-packages\\SeleniumLibrary\\keywords\\waiting.py\", line 426, in _wait_until\n    self._wait_until_worker(condition, timeout, error)\n  File \"C:\\Users\\Hafiz Muhammad\\AppData\\Local\\Programs\\Python\\Python310\\lib\\site-packages\\SeleniumLibrary\\keywords\\waiting.py\", line 443, in _wait_until_worker\n    raise AssertionError(not_found or error)\nAssertionError: Element '//input[@name='course_batch_name']' not visible after 5 seconds.","steps":[],"attachments":[],"parameters":[],"hasContent":true,"stepsCount":0,"attachmentStep":false,"shouldDisplayMessage":true,"attachmentsCount":0},{"name":"SeleniumLibrary.Execute Javascript","time":{"start":1698000297789,"stop":1698000297789,"duration":0},"status":"skipped","statusMessage":"Element '//input[@name='course_batch_name']' not visible after 5 seconds.","statusTrace":"Traceback (most recent call last):\n  File \"C:\\Users\\Hafiz Muhammad\\AppData\\Local\\Programs\\Python\\Python310\\lib\\site-packages\\SeleniumLibrary\\__init__.py\", line 517, in run_keyword\n    return DynamicCore.run_keyword(self, name, args, kwargs)\n  File \"C:\\Users\\Hafiz Muhammad\\AppData\\Local\\Programs\\Python\\Python310\\lib\\site-packages\\robotlibcore.py\", line 126, in run_keyword\n    return self.keywords[name](*args, **(kwargs or {}))\n  File \"C:\\Users\\Hafiz Muhammad\\AppData\\Local\\Programs\\Python\\Python310\\lib\\site-packages\\SeleniumLibrary\\keywords\\waiting.py\", line 314, in wait_until_element_is_visible\n    self._wait_until(\n  File \"C:\\Users\\Hafiz Muhammad\\AppData\\Local\\Programs\\Python\\Python310\\lib\\site-packages\\SeleniumLibrary\\keywords\\waiting.py\", line 426, in _wait_until\n    self._wait_until_worker(condition, timeout, error)\n  File \"C:\\Users\\Hafiz Muhammad\\AppData\\Local\\Programs\\Python\\Python310\\lib\\site-packages\\SeleniumLibrary\\keywords\\waiting.py\", line 443, in _wait_until_worker\n    raise AssertionError(not_found or error)\nAssertionError: Element '//input[@name='course_batch_name']' not visible after 5 seconds.","steps":[],"attachments":[],"parameters":[{"name":"arg1","value":"window.scrollTo(0, document.body.scrollHeight)"}],"hasContent":true,"stepsCount":0,"attachmentStep":false,"shouldDisplayMessage":true,"attachmentsCount":0},{"name":"BuiltIn.Sleep","time":{"start":1698000297789,"stop":1698000297789,"duration":0},"status":"skipped","statusMessage":"Element '//input[@name='course_batch_name']' not visible after 5 seconds.","statusTrace":"Traceback (most recent call last):\n  File \"C:\\Users\\Hafiz Muhammad\\AppData\\Local\\Programs\\Python\\Python310\\lib\\site-packages\\SeleniumLibrary\\__init__.py\", line 517, in run_keyword\n    return DynamicCore.run_keyword(self, name, args, kwargs)\n  File \"C:\\Users\\Hafiz Muhammad\\AppData\\Local\\Programs\\Python\\Python310\\lib\\site-packages\\robotlibcore.py\", line 126, in run_keyword\n    return self.keywords[name](*args, **(kwargs or {}))\n  File \"C:\\Users\\Hafiz Muhammad\\AppData\\Local\\Programs\\Python\\Python310\\lib\\site-packages\\SeleniumLibrary\\keywords\\waiting.py\", line 314, in wait_until_element_is_visible\n    self._wait_until(\n  File \"C:\\Users\\Hafiz Muhammad\\AppData\\Local\\Programs\\Python\\Python310\\lib\\site-packages\\SeleniumLibrary\\keywords\\waiting.py\", line 426, in _wait_until\n    self._wait_until_worker(condition, timeout, error)\n  File \"C:\\Users\\Hafiz Muhammad\\AppData\\Local\\Programs\\Python\\Python310\\lib\\site-packages\\SeleniumLibrary\\keywords\\waiting.py\", line 443, in _wait_until_worker\n    raise AssertionError(not_found or error)\nAssertionError: Element '//input[@name='course_batch_name']' not visible after 5 seconds.","steps":[],"attachments":[],"parameters":[{"name":"arg1","value":"3"}],"hasContent":true,"stepsCount":0,"attachmentStep":false,"shouldDisplayMessage":true,"attachmentsCount":0},{"name":"AddACourse.Select 1st Frame","time":{"start":1698000297789,"stop":1698000297797,"duration":8},"status":"skipped","statusMessage":"Element '//input[@name='course_batch_name']' not visible after 5 seconds.","statusTrace":"Traceback (most recent call last):\n  File \"C:\\Users\\Hafiz Muhammad\\AppData\\Local\\Programs\\Python\\Python310\\lib\\site-packages\\SeleniumLibrary\\__init__.py\", line 517, in run_keyword\n    return DynamicCore.run_keyword(self, name, args, kwargs)\n  File \"C:\\Users\\Hafiz Muhammad\\AppData\\Local\\Programs\\Python\\Python310\\lib\\site-packages\\robotlibcore.py\", line 126, in run_keyword\n    return self.keywords[name](*args, **(kwargs or {}))\n  File \"C:\\Users\\Hafiz Muhammad\\AppData\\Local\\Programs\\Python\\Python310\\lib\\site-packages\\SeleniumLibrary\\keywords\\waiting.py\", line 314, in wait_until_element_is_visible\n    self._wait_until(\n  File \"C:\\Users\\Hafiz Muhammad\\AppData\\Local\\Programs\\Python\\Python310\\lib\\site-packages\\SeleniumLibrary\\keywords\\waiting.py\", line 426, in _wait_until\n    self._wait_until_worker(condition, timeout, error)\n  File \"C:\\Users\\Hafiz Muhammad\\AppData\\Local\\Programs\\Python\\Python310\\lib\\site-packages\\SeleniumLibrary\\keywords\\waiting.py\", line 443, in _wait_until_worker\n    raise AssertionError(not_found or error)\nAssertionError: Element '//input[@name='course_batch_name']' not visible after 5 seconds.","steps":[],"attachments":[],"parameters":[],"hasContent":true,"stepsCount":0,"attachmentStep":false,"shouldDisplayMessage":true,"attachmentsCount":0},{"name":"BuiltIn.Sleep","time":{"start":1698000297797,"stop":1698000297797,"duration":0},"status":"skipped","statusMessage":"Element '//input[@name='course_batch_name']' not visible after 5 seconds.","statusTrace":"Traceback (most recent call last):\n  File \"C:\\Users\\Hafiz Muhammad\\AppData\\Local\\Programs\\Python\\Python310\\lib\\site-packages\\SeleniumLibrary\\__init__.py\", line 517, in run_keyword\n    return DynamicCore.run_keyword(self, name, args, kwargs)\n  File \"C:\\Users\\Hafiz Muhammad\\AppData\\Local\\Programs\\Python\\Python310\\lib\\site-packages\\robotlibcore.py\", line 126, in run_keyword\n    return self.keywords[name](*args, **(kwargs or {}))\n  File \"C:\\Users\\Hafiz Muhammad\\AppData\\Local\\Programs\\Python\\Python310\\lib\\site-packages\\SeleniumLibrary\\keywords\\waiting.py\", line 314, in wait_until_element_is_visible\n    self._wait_until(\n  File \"C:\\Users\\Hafiz Muhammad\\AppData\\Local\\Programs\\Python\\Python310\\lib\\site-packages\\SeleniumLibrary\\keywords\\waiting.py\", line 426, in _wait_until\n    self._wait_until_worker(condition, timeout, error)\n  File \"C:\\Users\\Hafiz Muhammad\\AppData\\Local\\Programs\\Python\\Python310\\lib\\site-packages\\SeleniumLibrary\\keywords\\waiting.py\", line 443, in _wait_until_worker\n    raise AssertionError(not_found or error)\nAssertionError: Element '//input[@name='course_batch_name']' not visible after 5 seconds.","steps":[],"attachments":[],"parameters":[{"name":"arg1","value":"2"}],"hasContent":true,"stepsCount":0,"attachmentStep":false,"shouldDisplayMessage":true,"attachmentsCount":0},{"name":"AddACourse.Select 2nd Frame","time":{"start":1698000297797,"stop":1698000297797,"duration":0},"status":"skipped","statusMessage":"Element '//input[@name='course_batch_name']' not visible after 5 seconds.","statusTrace":"Traceback (most recent call last):\n  File \"C:\\Users\\Hafiz Muhammad\\AppData\\Local\\Programs\\Python\\Python310\\lib\\site-packages\\SeleniumLibrary\\__init__.py\", line 517, in run_keyword\n    return DynamicCore.run_keyword(self, name, args, kwargs)\n  File \"C:\\Users\\Hafiz Muhammad\\AppData\\Local\\Programs\\Python\\Python310\\lib\\site-packages\\robotlibcore.py\", line 126, in run_keyword\n    return self.keywords[name](*args, **(kwargs or {}))\n  File \"C:\\Users\\Hafiz Muhammad\\AppData\\Local\\Programs\\Python\\Python310\\lib\\site-packages\\SeleniumLibrary\\keywords\\waiting.py\", line 314, in wait_until_element_is_visible\n    self._wait_until(\n  File \"C:\\Users\\Hafiz Muhammad\\AppData\\Local\\Programs\\Python\\Python310\\lib\\site-packages\\SeleniumLibrary\\keywords\\waiting.py\", line 426, in _wait_until\n    self._wait_until_worker(condition, timeout, error)\n  File \"C:\\Users\\Hafiz Muhammad\\AppData\\Local\\Programs\\Python\\Python310\\lib\\site-packages\\SeleniumLibrary\\keywords\\waiting.py\", line 443, in _wait_until_worker\n    raise AssertionError(not_found or error)\nAssertionError: Element '//input[@name='course_batch_name']' not visible after 5 seconds.","steps":[],"attachments":[],"parameters":[],"hasContent":true,"stepsCount":0,"attachmentStep":false,"shouldDisplayMessage":true,"attachmentsCount":0},{"name":"BuiltIn.Sleep","time":{"start":1698000297797,"stop":1698000297797,"duration":0},"status":"skipped","statusMessage":"Element '//input[@name='course_batch_name']' not visible after 5 seconds.","statusTrace":"Traceback (most recent call last):\n  File \"C:\\Users\\Hafiz Muhammad\\AppData\\Local\\Programs\\Python\\Python310\\lib\\site-packages\\SeleniumLibrary\\__init__.py\", line 517, in run_keyword\n    return DynamicCore.run_keyword(self, name, args, kwargs)\n  File \"C:\\Users\\Hafiz Muhammad\\AppData\\Local\\Programs\\Python\\Python310\\lib\\site-packages\\robotlibcore.py\", line 126, in run_keyword\n    return self.keywords[name](*args, **(kwargs or {}))\n  File \"C:\\Users\\Hafiz Muhammad\\AppData\\Local\\Programs\\Python\\Python310\\lib\\site-packages\\SeleniumLibrary\\keywords\\waiting.py\", line 314, in wait_until_element_is_visible\n    self._wait_until(\n  File \"C:\\Users\\Hafiz Muhammad\\AppData\\Local\\Programs\\Python\\Python310\\lib\\site-packages\\SeleniumLibrary\\keywords\\waiting.py\", line 426, in _wait_until\n    self._wait_until_worker(condition, timeout, error)\n  File \"C:\\Users\\Hafiz Muhammad\\AppData\\Local\\Programs\\Python\\Python310\\lib\\site-packages\\SeleniumLibrary\\keywords\\waiting.py\", line 443, in _wait_until_worker\n    raise AssertionError(not_found or error)\nAssertionError: Element '//input[@name='course_batch_name']' not visible after 5 seconds.","steps":[],"attachments":[],"parameters":[{"name":"arg1","value":"2"}],"hasContent":true,"stepsCount":0,"attachmentStep":false,"shouldDisplayMessage":true,"attachmentsCount":0},{"name":"AddACourse.Click Submit Button","time":{"start":1698000297797,"stop":1698000297805,"duration":8},"status":"skipped","statusMessage":"Element '//input[@name='course_batch_name']' not visible after 5 seconds.","statusTrace":"Traceback (most recent call last):\n  File \"C:\\Users\\Hafiz Muhammad\\AppData\\Local\\Programs\\Python\\Python310\\lib\\site-packages\\SeleniumLibrary\\__init__.py\", line 517, in run_keyword\n    return DynamicCore.run_keyword(self, name, args, kwargs)\n  File \"C:\\Users\\Hafiz Muhammad\\AppData\\Local\\Programs\\Python\\Python310\\lib\\site-packages\\robotlibcore.py\", line 126, in run_keyword\n    return self.keywords[name](*args, **(kwargs or {}))\n  File \"C:\\Users\\Hafiz Muhammad\\AppData\\Local\\Programs\\Python\\Python310\\lib\\site-packages\\SeleniumLibrary\\keywords\\waiting.py\", line 314, in wait_until_element_is_visible\n    self._wait_until(\n  File \"C:\\Users\\Hafiz Muhammad\\AppData\\Local\\Programs\\Python\\Python310\\lib\\site-packages\\SeleniumLibrary\\keywords\\waiting.py\", line 426, in _wait_until\n    self._wait_until_worker(condition, timeout, error)\n  File \"C:\\Users\\Hafiz Muhammad\\AppData\\Local\\Programs\\Python\\Python310\\lib\\site-packages\\SeleniumLibrary\\keywords\\waiting.py\", line 443, in _wait_until_worker\n    raise AssertionError(not_found or error)\nAssertionError: Element '//input[@name='course_batch_name']' not visible after 5 seconds.","steps":[],"attachments":[],"parameters":[],"hasContent":true,"stepsCount":0,"attachmentStep":false,"shouldDisplayMessage":true,"attachmentsCount":0}],"attachments":[],"parameters":[],"hasContent":true,"stepsCount":27,"attachmentStep":false,"shouldDisplayMessage":false,"attachmentsCount":2},"afterStages":[],"labels":[{"name":"suite","value":"Test Add And Delete Course"},{"name":"framework","value":"robotframework"},{"name":"language","value":"cpython3"},{"name":"host","value":"Ramzan-PC"},{"name":"thread","value":"default-79380870-9e5c-4b0a-be14-a68ad6e91003"},{"name":"resultFormat","value":"allure2"}],"parameters":[],"links":[],"hidden":false,"retry":false,"extra":{"severity":"normal","retries":[{"uid":"3d19795e8095d188","status":"passed","time":{"start":1697999737245,"stop":1697999789913,"duration":52668}},{"uid":"8410f0c1cc4f0ade","status":"passed","time":{"start":1697998799030,"stop":1697998841111,"duration":42081}},{"uid":"c0a07ea2d28ec916","status":"passed","time":{"start":1697998682256,"stop":1697998733982,"duration":51726}},{"uid":"bfbe2a1551d04b06","status":"passed","time":{"start":1697998526815,"stop":1697998576055,"duration":49240}},{"uid":"d38933bf95fe9ed5","status":"passed","time":{"start":1697998211258,"stop":1697998270641,"duration":59383}},{"uid":"e8b1435f0da5af66","status":"passed","time":{"start":1697998009694,"stop":1697998064585,"duration":54891}}],"categories":[{"name":"Product defects","matchedStatuses":[],"flaky":false}],"tags":[]},"source":"fcad142bab156889.json","parameterValues":[]}