{"uid":"fdea3dc2c46a134a","name":"Adding A Course -> add_course_batch","fullName":"Test Add And Delete Course.Adding A Course -> add_course_batch","historyId":"76e31da8b58c50ef62b5649d4c1a2ac1","time":{"start":1698000292166,"stop":1698000297805,"duration":5639},"status":"failed","statusMessage":"Element '//input[@name='course_batch_name']' not visible after 5 seconds.","statusTrace":"Traceback (most recent call last):\n  File \"C:\\Users\\Hafiz Muhammad\\AppData\\Local\\Programs\\Python\\Python310\\lib\\site-packages\\SeleniumLibrary\\__init__.py\", line 517, in run_keyword\n    return DynamicCore.run_keyword(self, name, args, kwargs)\n  File \"C:\\Users\\Hafiz Muhammad\\AppData\\Local\\Programs\\Python\\Python310\\lib\\site-packages\\robotlibcore.py\", line 126, in run_keyword\n    return self.keywords[name](*args, **(kwargs or {}))\n  File \"C:\\Users\\Hafiz Muhammad\\AppData\\Local\\Programs\\Python\\Python310\\lib\\site-packages\\SeleniumLibrary\\keywords\\waiting.py\", line 314, in wait_until_element_is_visible\n    self._wait_until(\n  File \"C:\\Users\\Hafiz Muhammad\\AppData\\Local\\Programs\\Python\\Python310\\lib\\site-packages\\SeleniumLibrary\\keywords\\waiting.py\", line 426, in _wait_until\n    self._wait_until_worker(condition, timeout, error)\n  File \"C:\\Users\\Hafiz Muhammad\\AppData\\Local\\Programs\\Python\\Python310\\lib\\site-packages\\SeleniumLibrary\\keywords\\waiting.py\", line 443, in _wait_until_worker\n    raise AssertionError(not_found or error)\nAssertionError: Element '//input[@name='course_batch_name']' not visible after 5 seconds.","flaky":false,"newFailed":false,"newBroken":false,"newPassed":false,"retriesCount":0,"retriesStatusChange":false,"beforeStages":[{"name":"GenericPage.Open Chrome Browser With URL","time":{"stop":1698000288064},"status":"passed","steps":[{"name":"SeleniumLibrary.Open Browser","time":{"start":1698000270590,"stop":1698000286005,"duration":15415},"status":"passed","steps":[],"attachments":[{"uid":"4dfdfcdfd5151162","name":"Keyword Log","source":"4dfdfcdfd5151162.html","type":"text/html","size":4942}],"parameters":[{"name":"arg1","value":"${base_url}"},{"name":"arg2","value":"${browser_name}"},{"name":"arg3","value":"options=add_argument(\"--start-maximized\"); add_experimental_option(\"detach\", True)"}],"shouldDisplayMessage":false,"attachmentsCount":1,"attachmentStep":false,"hasContent":true,"stepsCount":0},{"name":"BuiltIn.Sleep","time":{"start":1698000286005,"stop":1698000288031,"duration":2026},"status":"passed","steps":[],"attachments":[{"uid":"c5edae789678b3ab","name":"Keyword Log","source":"c5edae789678b3ab.html","type":"text/html","size":125}],"parameters":[{"name":"arg1","value":"2"}],"shouldDisplayMessage":false,"attachmentsCount":1,"attachmentStep":false,"hasContent":true,"stepsCount":0}],"attachments":[{"uid":"bb52aae3bedb5129","name":"Keyword Log","source":"bb52aae3bedb5129.html","type":"text/html","size":81}],"parameters":[],"shouldDisplayMessage":false,"attachmentsCount":3,"attachmentStep":false,"hasContent":true,"stepsCount":2}],"testStage":{"status":"failed","statusMessage":"Element '//input[@name='course_batch_name']' not visible after 5 seconds.","statusTrace":"Traceback (most recent call last):\n  File \"C:\\Users\\Hafiz Muhammad\\AppData\\Local\\Programs\\Python\\Python310\\lib\\site-packages\\SeleniumLibrary\\__init__.py\", line 517, in run_keyword\n    return DynamicCore.run_keyword(self, name, args, kwargs)\n  File \"C:\\Users\\Hafiz Muhammad\\AppData\\Local\\Programs\\Python\\Python310\\lib\\site-packages\\robotlibcore.py\", line 126, in run_keyword\n    return self.keywords[name](*args, **(kwargs or {}))\n  File \"C:\\Users\\Hafiz Muhammad\\AppData\\Local\\Programs\\Python\\Python310\\lib\\site-packages\\SeleniumLibrary\\keywords\\waiting.py\", line 314, in wait_until_element_is_visible\n    self._wait_until(\n  File \"C:\\Users\\Hafiz Muhammad\\AppData\\Local\\Programs\\Python\\Python310\\lib\\site-packages\\SeleniumLibrary\\keywords\\waiting.py\", line 426, in _wait_until\n    self._wait_until_worker(condition, timeout, error)\n  File \"C:\\Users\\Hafiz Muhammad\\AppData\\Local\\Programs\\Python\\Python310\\lib\\site-packages\\SeleniumLibrary\\keywords\\waiting.py\", line 443, in _wait_until_worker\n    raise AssertionError(not_found or error)\nAssertionError: Element '//input[@name='course_batch_name']' not visible after 5 seconds.","steps":[{"name":"AddACourse.Enter Course Name","time":{"start":1698000292166,"stop":1698000297765,"duration":5599},"status":"failed","statusMessage":"Element '//input[@name='course_batch_name']' not visible after 5 seconds.","statusTrace":"Traceback (most recent call last):\n  File \"C:\\Users\\Hafiz Muhammad\\AppData\\Local\\Programs\\Python\\Python310\\lib\\site-packages\\SeleniumLibrary\\__init__.py\", line 517, in run_keyword\n    return DynamicCore.run_keyword(self, name, args, kwargs)\n  File \"C:\\Users\\Hafiz Muhammad\\AppData\\Local\\Programs\\Python\\Python310\\lib\\site-packages\\robotlibcore.py\", line 126, in run_keyword\n    return self.keywords[name](*args, **(kwargs or {}))\n  File \"C:\\Users\\Hafiz Muhammad\\AppData\\Local\\Programs\\Python\\Python310\\lib\\site-packages\\SeleniumLibrary\\keywords\\waiting.py\", line 314, in wait_until_element_is_visible\n    self._wait_until(\n  File \"C:\\Users\\Hafiz Muhammad\\AppData\\Local\\Programs\\Python\\Python310\\lib\\site-packages\\SeleniumLibrary\\keywords\\waiting.py\", line 426, in _wait_until\n    self._wait_until_worker(condition, timeout, error)\n  File \"C:\\Users\\Hafiz Muhammad\\AppData\\Local\\Programs\\Python\\Python310\\lib\\site-packages\\SeleniumLibrary\\keywords\\waiting.py\", line 443, in _wait_until_worker\n    raise AssertionError(not_found or error)\nAssertionError: Element '//input[@name='course_batch_name']' not visible after 5 seconds.","steps":[{"name":"SeleniumLibrary.Wait Until Element Is Visible","time":{"start":1698000292166,"stop":1698000297757,"duration":5591},"status":"failed","statusMessage":"Element '//input[@name='course_batch_name']' not visible after 5 seconds.","statusTrace":"Traceback (most recent call last):\n  File \"C:\\Users\\Hafiz Muhammad\\AppData\\Local\\Programs\\Python\\Python310\\lib\\site-packages\\SeleniumLibrary\\__init__.py\", line 517, in run_keyword\n    return DynamicCore.run_keyword(self, name, args, kwargs)\n  File \"C:\\Users\\Hafiz Muhammad\\AppData\\Local\\Programs\\Python\\Python310\\lib\\site-packages\\robotlibcore.py\", line 126, in run_keyword\n    return self.keywords[name](*args, **(kwargs or {}))\n  File \"C:\\Users\\Hafiz Muhammad\\AppData\\Local\\Programs\\Python\\Python310\\lib\\site-packages\\SeleniumLibrary\\keywords\\waiting.py\", line 314, in wait_until_element_is_visible\n    self._wait_until(\n  File \"C:\\Users\\Hafiz Muhammad\\AppData\\Local\\Programs\\Python\\Python310\\lib\\site-packages\\SeleniumLibrary\\keywords\\waiting.py\", line 426, in _wait_until\n    self._wait_until_worker(condition, timeout, error)\n  File \"C:\\Users\\Hafiz Muhammad\\AppData\\Local\\Programs\\Python\\Python310\\lib\\site-packages\\SeleniumLibrary\\keywords\\waiting.py\", line 443, in _wait_until_worker\n    raise AssertionError(not_found or error)\nAssertionError: Element '//input[@name='course_batch_name']' not visible after 5 seconds.","steps":[],"attachments":[{"uid":"68e3f38a1231fecd","name":"Keyword Log","source":"68e3f38a1231fecd.html","type":"text/html","size":716359}],"parameters":[{"name":"arg1","value":"${addcoursebatchname}"}],"shouldDisplayMessage":true,"attachmentsCount":1,"attachmentStep":false,"hasContent":true,"stepsCount":0},{"name":"SeleniumLibrary.Input Text","time":{"start":1698000297757,"stop":1698000297757,"duration":0},"status":"skipped","statusMessage":"Element '//input[@name='course_batch_name']' not visible after 5 seconds.","statusTrace":"Traceback (most recent call last):\n  File \"C:\\Users\\Hafiz Muhammad\\AppData\\Local\\Programs\\Python\\Python310\\lib\\site-packages\\SeleniumLibrary\\__init__.py\", line 517, in run_keyword\n    return DynamicCore.run_keyword(self, name, args, kwargs)\n  File \"C:\\Users\\Hafiz Muhammad\\AppData\\Local\\Programs\\Python\\Python310\\lib\\site-packages\\robotlibcore.py\", line 126, in run_keyword\n    return self.keywords[name](*args, **(kwargs or {}))\n  File \"C:\\Users\\Hafiz Muhammad\\AppData\\Local\\Programs\\Python\\Python310\\lib\\site-packages\\SeleniumLibrary\\keywords\\waiting.py\", line 314, in wait_until_element_is_visible\n    self._wait_until(\n  File \"C:\\Users\\Hafiz Muhammad\\AppData\\Local\\Programs\\Python\\Python310\\lib\\site-packages\\SeleniumLibrary\\keywords\\waiting.py\", line 426, in _wait_until\n    self._wait_until_worker(condition, timeout, error)\n  File \"C:\\Users\\Hafiz Muhammad\\AppData\\Local\\Programs\\Python\\Python310\\lib\\site-packages\\SeleniumLibrary\\keywords\\waiting.py\", line 443, in _wait_until_worker\n    raise AssertionError(not_found or error)\nAssertionError: Element '//input[@name='course_batch_name']' not visible after 5 seconds.","steps":[],"attachments":[],"parameters":[{"name":"arg1","value":"${addcoursebatchname}"},{"name":"arg2","value":"Test Course"}],"shouldDisplayMessage":true,"attachmentsCount":0,"attachmentStep":false,"hasContent":true,"stepsCount":0}],"attachments":[{"uid":"7be5e85697318343","name":"Keyword Log","source":"7be5e85697318343.html","type":"text/html","size":42}],"parameters":[],"shouldDisplayMessage":false,"attachmentsCount":2,"attachmentStep":false,"hasContent":true,"stepsCount":2},{"name":"AddACourse.Enter Course Grades","time":{"start":1698000297765,"stop":1698000297765,"duration":0},"status":"skipped","statusMessage":"Element '//input[@name='course_batch_name']' not visible after 5 seconds.","statusTrace":"Traceback (most recent call last):\n  File \"C:\\Users\\Hafiz Muhammad\\AppData\\Local\\Programs\\Python\\Python310\\lib\\site-packages\\SeleniumLibrary\\__init__.py\", line 517, in run_keyword\n    return DynamicCore.run_keyword(self, name, args, kwargs)\n  File \"C:\\Users\\Hafiz Muhammad\\AppData\\Local\\Programs\\Python\\Python310\\lib\\site-packages\\robotlibcore.py\", line 126, in run_keyword\n    return self.keywords[name](*args, **(kwargs or {}))\n  File \"C:\\Users\\Hafiz Muhammad\\AppData\\Local\\Programs\\Python\\Python310\\lib\\site-packages\\SeleniumLibrary\\keywords\\waiting.py\", line 314, in wait_until_element_is_visible\n    self._wait_until(\n  File \"C:\\Users\\Hafiz Muhammad\\AppData\\Local\\Programs\\Python\\Python310\\lib\\site-packages\\SeleniumLibrary\\keywords\\waiting.py\", line 426, in _wait_until\n    self._wait_until_worker(condition, timeout, error)\n  File \"C:\\Users\\Hafiz Muhammad\\AppData\\Local\\Programs\\Python\\Python310\\lib\\site-packages\\SeleniumLibrary\\keywords\\waiting.py\", line 443, in _wait_until_worker\n    raise AssertionError(not_found or error)\nAssertionError: Element '//input[@name='course_batch_name']' not visible after 5 seconds.","steps":[],"attachments":[],"parameters":[],"shouldDisplayMessage":true,"attachmentsCount":0,"attachmentStep":false,"hasContent":true,"stepsCount":0},{"name":"AddACourse.Select Course Subject","time":{"start":1698000297765,"stop":1698000297765,"duration":0},"status":"skipped","statusMessage":"Element '//input[@name='course_batch_name']' not visible after 5 seconds.","statusTrace":"Traceback (most recent call last):\n  File \"C:\\Users\\Hafiz Muhammad\\AppData\\Local\\Programs\\Python\\Python310\\lib\\site-packages\\SeleniumLibrary\\__init__.py\", line 517, in run_keyword\n    return DynamicCore.run_keyword(self, name, args, kwargs)\n  File \"C:\\Users\\Hafiz Muhammad\\AppData\\Local\\Programs\\Python\\Python310\\lib\\site-packages\\robotlibcore.py\", line 126, in run_keyword\n    return self.keywords[name](*args, **(kwargs or {}))\n  File \"C:\\Users\\Hafiz Muhammad\\AppData\\Local\\Programs\\Python\\Python310\\lib\\site-packages\\SeleniumLibrary\\keywords\\waiting.py\", line 314, in wait_until_element_is_visible\n    self._wait_until(\n  File \"C:\\Users\\Hafiz Muhammad\\AppData\\Local\\Programs\\Python\\Python310\\lib\\site-packages\\SeleniumLibrary\\keywords\\waiting.py\", line 426, in _wait_until\n    self._wait_until_worker(condition, timeout, error)\n  File \"C:\\Users\\Hafiz Muhammad\\AppData\\Local\\Programs\\Python\\Python310\\lib\\site-packages\\SeleniumLibrary\\keywords\\waiting.py\", line 443, in _wait_until_worker\n    raise AssertionError(not_found or error)\nAssertionError: Element '//input[@name='course_batch_name']' not visible after 5 seconds.","steps":[],"attachments":[],"parameters":[],"shouldDisplayMessage":true,"attachmentsCount":0,"attachmentStep":false,"hasContent":true,"stepsCount":0},{"name":"AddACourse.Select Course Billing Code","time":{"start":1698000297765,"stop":1698000297765,"duration":0},"status":"skipped","statusMessage":"Element '//input[@name='course_batch_name']' not visible after 5 seconds.","statusTrace":"Traceback (most recent call last):\n  File \"C:\\Users\\Hafiz Muhammad\\AppData\\Local\\Programs\\Python\\Python310\\lib\\site-packages\\SeleniumLibrary\\__init__.py\", line 517, in run_keyword\n    return DynamicCore.run_keyword(self, name, args, kwargs)\n  File \"C:\\Users\\Hafiz Muhammad\\AppData\\Local\\Programs\\Python\\Python310\\lib\\site-packages\\robotlibcore.py\", line 126, in run_keyword\n    return self.keywords[name](*args, **(kwargs or {}))\n  File \"C:\\Users\\Hafiz Muhammad\\AppData\\Local\\Programs\\Python\\Python310\\lib\\site-packages\\SeleniumLibrary\\keywords\\waiting.py\", line 314, in wait_until_element_is_visible\n    self._wait_until(\n  File \"C:\\Users\\Hafiz Muhammad\\AppData\\Local\\Programs\\Python\\Python310\\lib\\site-packages\\SeleniumLibrary\\keywords\\waiting.py\", line 426, in _wait_until\n    self._wait_until_worker(condition, timeout, error)\n  File \"C:\\Users\\Hafiz Muhammad\\AppData\\Local\\Programs\\Python\\Python310\\lib\\site-packages\\SeleniumLibrary\\keywords\\waiting.py\", line 443, in _wait_until_worker\n    raise AssertionError(not_found or error)\nAssertionError: Element '//input[@name='course_batch_name']' not visible after 5 seconds.","steps":[],"attachments":[],"parameters":[],"shouldDisplayMessage":true,"attachmentsCount":0,"attachmentStep":false,"hasContent":true,"stepsCount":0},{"name":"AddACourse.Select Course TimeZone","time":{"start":1698000297765,"stop":1698000297765,"duration":0},"status":"skipped","statusMessage":"Element '//input[@name='course_batch_name']' not visible after 5 seconds.","statusTrace":"Traceback (most recent call last):\n  File \"C:\\Users\\Hafiz Muhammad\\AppData\\Local\\Programs\\Python\\Python310\\lib\\site-packages\\SeleniumLibrary\\__init__.py\", line 517, in run_keyword\n    return DynamicCore.run_keyword(self, name, args, kwargs)\n  File \"C:\\Users\\Hafiz Muhammad\\AppData\\Local\\Programs\\Python\\Python310\\lib\\site-packages\\robotlibcore.py\", line 126, in run_keyword\n    return self.keywords[name](*args, **(kwargs or {}))\n  File \"C:\\Users\\Hafiz Muhammad\\AppData\\Local\\Programs\\Python\\Python310\\lib\\site-packages\\SeleniumLibrary\\keywords\\waiting.py\", line 314, in wait_until_element_is_visible\n    self._wait_until(\n  File \"C:\\Users\\Hafiz Muhammad\\AppData\\Local\\Programs\\Python\\Python310\\lib\\site-packages\\SeleniumLibrary\\keywords\\waiting.py\", line 426, in _wait_until\n    self._wait_until_worker(condition, timeout, error)\n  File \"C:\\Users\\Hafiz Muhammad\\AppData\\Local\\Programs\\Python\\Python310\\lib\\site-packages\\SeleniumLibrary\\keywords\\waiting.py\", line 443, in _wait_until_worker\n    raise AssertionError(not_found or error)\nAssertionError: Element '//input[@name='course_batch_name']' not visible after 5 seconds.","steps":[],"attachments":[],"parameters":[],"shouldDisplayMessage":true,"attachmentsCount":0,"attachmentStep":false,"hasContent":true,"stepsCount":0},{"name":"AddACourse.Course Start Date","time":{"start":1698000297765,"stop":1698000297765,"duration":0},"status":"skipped","statusMessage":"Element '//input[@name='course_batch_name']' not visible after 5 seconds.","statusTrace":"Traceback (most recent call last):\n  File \"C:\\Users\\Hafiz Muhammad\\AppData\\Local\\Programs\\Python\\Python310\\lib\\site-packages\\SeleniumLibrary\\__init__.py\", line 517, in run_keyword\n    return DynamicCore.run_keyword(self, name, args, kwargs)\n  File \"C:\\Users\\Hafiz Muhammad\\AppData\\Local\\Programs\\Python\\Python310\\lib\\site-packages\\robotlibcore.py\", line 126, in run_keyword\n    return self.keywords[name](*args, **(kwargs or {}))\n  File \"C:\\Users\\Hafiz Muhammad\\AppData\\Local\\Programs\\Python\\Python310\\lib\\site-packages\\SeleniumLibrary\\keywords\\waiting.py\", line 314, in wait_until_element_is_visible\n    self._wait_until(\n  File \"C:\\Users\\Hafiz Muhammad\\AppData\\Local\\Programs\\Python\\Python310\\lib\\site-packages\\SeleniumLibrary\\keywords\\waiting.py\", line 426, in _wait_until\n    self._wait_until_worker(condition, timeout, error)\n  File \"C:\\Users\\Hafiz Muhammad\\AppData\\Local\\Programs\\Python\\Python310\\lib\\site-packages\\SeleniumLibrary\\keywords\\waiting.py\", line 443, in _wait_until_worker\n    raise AssertionError(not_found or error)\nAssertionError: Element '//input[@name='course_batch_name']' not visible after 5 seconds.","steps":[],"attachments":[],"parameters":[],"shouldDisplayMessage":true,"attachmentsCount":0,"attachmentStep":false,"hasContent":true,"stepsCount":0},{"name":"AddACourse.Course Start Time","time":{"start":1698000297765,"stop":1698000297773,"duration":8},"status":"skipped","statusMessage":"Element '//input[@name='course_batch_name']' not visible after 5 seconds.","statusTrace":"Traceback (most recent call last):\n  File \"C:\\Users\\Hafiz Muhammad\\AppData\\Local\\Programs\\Python\\Python310\\lib\\site-packages\\SeleniumLibrary\\__init__.py\", line 517, in run_keyword\n    return DynamicCore.run_keyword(self, name, args, kwargs)\n  File \"C:\\Users\\Hafiz Muhammad\\AppData\\Local\\Programs\\Python\\Python310\\lib\\site-packages\\robotlibcore.py\", line 126, in run_keyword\n    return self.keywords[name](*args, **(kwargs or {}))\n  File \"C:\\Users\\Hafiz Muhammad\\AppData\\Local\\Programs\\Python\\Python310\\lib\\site-packages\\SeleniumLibrary\\keywords\\waiting.py\", line 314, in wait_until_element_is_visible\n    self._wait_until(\n  File \"C:\\Users\\Hafiz Muhammad\\AppData\\Local\\Programs\\Python\\Python310\\lib\\site-packages\\SeleniumLibrary\\keywords\\waiting.py\", line 426, in _wait_until\n    self._wait_until_worker(condition, timeout, error)\n  File \"C:\\Users\\Hafiz Muhammad\\AppData\\Local\\Programs\\Python\\Python310\\lib\\site-packages\\SeleniumLibrary\\keywords\\waiting.py\", line 443, in _wait_until_worker\n    raise AssertionError(not_found or error)\nAssertionError: Element '//input[@name='course_batch_name']' not visible after 5 seconds.","steps":[],"attachments":[],"parameters":[],"shouldDisplayMessage":true,"attachmentsCount":0,"attachmentStep":false,"hasContent":true,"stepsCount":0},{"name":"AddACourse.Course End Time","time":{"start":1698000297773,"stop":1698000297773,"duration":0},"status":"skipped","statusMessage":"Element '//input[@name='course_batch_name']' not visible after 5 seconds.","statusTrace":"Traceback (most recent call last):\n  File \"C:\\Users\\Hafiz Muhammad\\AppData\\Local\\Programs\\Python\\Python310\\lib\\site-packages\\SeleniumLibrary\\__init__.py\", line 517, in run_keyword\n    return DynamicCore.run_keyword(self, name, args, kwargs)\n  File \"C:\\Users\\Hafiz Muhammad\\AppData\\Local\\Programs\\Python\\Python310\\lib\\site-packages\\robotlibcore.py\", line 126, in run_keyword\n    return self.keywords[name](*args, **(kwargs or {}))\n  File \"C:\\Users\\Hafiz Muhammad\\AppData\\Local\\Programs\\Python\\Python310\\lib\\site-packages\\SeleniumLibrary\\keywords\\waiting.py\", line 314, in wait_until_element_is_visible\n    self._wait_until(\n  File \"C:\\Users\\Hafiz Muhammad\\AppData\\Local\\Programs\\Python\\Python310\\lib\\site-packages\\SeleniumLibrary\\keywords\\waiting.py\", line 426, in _wait_until\n    self._wait_until_worker(condition, timeout, error)\n  File \"C:\\Users\\Hafiz Muhammad\\AppData\\Local\\Programs\\Python\\Python310\\lib\\site-packages\\SeleniumLibrary\\keywords\\waiting.py\", line 443, in _wait_until_worker\n    raise AssertionError(not_found or error)\nAssertionError: Element '//input[@name='course_batch_name']' not visible after 5 seconds.","steps":[],"attachments":[],"parameters":[],"shouldDisplayMessage":true,"attachmentsCount":0,"attachmentStep":false,"hasContent":true,"stepsCount":0},{"name":"AddACourse.Select Tuesday Checkbox","time":{"start":1698000297773,"stop":1698000297773,"duration":0},"status":"skipped","statusMessage":"Element '//input[@name='course_batch_name']' not visible after 5 seconds.","statusTrace":"Traceback (most recent call last):\n  File \"C:\\Users\\Hafiz Muhammad\\AppData\\Local\\Programs\\Python\\Python310\\lib\\site-packages\\SeleniumLibrary\\__init__.py\", line 517, in run_keyword\n    return DynamicCore.run_keyword(self, name, args, kwargs)\n  File \"C:\\Users\\Hafiz Muhammad\\AppData\\Local\\Programs\\Python\\Python310\\lib\\site-packages\\robotlibcore.py\", line 126, in run_keyword\n    return self.keywords[name](*args, **(kwargs or {}))\n  File \"C:\\Users\\Hafiz Muhammad\\AppData\\Local\\Programs\\Python\\Python310\\lib\\site-packages\\SeleniumLibrary\\keywords\\waiting.py\", line 314, in wait_until_element_is_visible\n    self._wait_until(\n  File \"C:\\Users\\Hafiz Muhammad\\AppData\\Local\\Programs\\Python\\Python310\\lib\\site-packages\\SeleniumLibrary\\keywords\\waiting.py\", line 426, in _wait_until\n    self._wait_until_worker(condition, timeout, error)\n  File \"C:\\Users\\Hafiz Muhammad\\AppData\\Local\\Programs\\Python\\Python310\\lib\\site-packages\\SeleniumLibrary\\keywords\\waiting.py\", line 443, in _wait_until_worker\n    raise AssertionError(not_found or error)\nAssertionError: Element '//input[@name='course_batch_name']' not visible after 5 seconds.","steps":[],"attachments":[],"parameters":[],"shouldDisplayMessage":true,"attachmentsCount":0,"attachmentStep":false,"hasContent":true,"stepsCount":0},{"name":"BuiltIn.Sleep","time":{"start":1698000297773,"stop":1698000297773,"duration":0},"status":"skipped","statusMessage":"Element '//input[@name='course_batch_name']' not visible after 5 seconds.","statusTrace":"Traceback (most recent call last):\n  File \"C:\\Users\\Hafiz Muhammad\\AppData\\Local\\Programs\\Python\\Python310\\lib\\site-packages\\SeleniumLibrary\\__init__.py\", line 517, in run_keyword\n    return DynamicCore.run_keyword(self, name, args, kwargs)\n  File \"C:\\Users\\Hafiz Muhammad\\AppData\\Local\\Programs\\Python\\Python310\\lib\\site-packages\\robotlibcore.py\", line 126, in run_keyword\n    return self.keywords[name](*args, **(kwargs or {}))\n  File \"C:\\Users\\Hafiz Muhammad\\AppData\\Local\\Programs\\Python\\Python310\\lib\\site-packages\\SeleniumLibrary\\keywords\\waiting.py\", line 314, in wait_until_element_is_visible\n    self._wait_until(\n  File \"C:\\Users\\Hafiz Muhammad\\AppData\\Local\\Programs\\Python\\Python310\\lib\\site-packages\\SeleniumLibrary\\keywords\\waiting.py\", line 426, in _wait_until\n    self._wait_until_worker(condition, timeout, error)\n  File \"C:\\Users\\Hafiz Muhammad\\AppData\\Local\\Programs\\Python\\Python310\\lib\\site-packages\\SeleniumLibrary\\keywords\\waiting.py\", line 443, in _wait_until_worker\n    raise AssertionError(not_found or error)\nAssertionError: Element '//input[@name='course_batch_name']' not visible after 5 seconds.","steps":[],"attachments":[],"parameters":[{"name":"arg1","value":"2"}],"shouldDisplayMessage":true,"attachmentsCount":0,"attachmentStep":false,"hasContent":true,"stepsCount":0},{"name":"AddACourse.Select THursday Checkbox","time":{"start":1698000297773,"stop":1698000297773,"duration":0},"status":"skipped","statusMessage":"Element '//input[@name='course_batch_name']' not visible after 5 seconds.","statusTrace":"Traceback (most recent call last):\n  File \"C:\\Users\\Hafiz Muhammad\\AppData\\Local\\Programs\\Python\\Python310\\lib\\site-packages\\SeleniumLibrary\\__init__.py\", line 517, in run_keyword\n    return DynamicCore.run_keyword(self, name, args, kwargs)\n  File \"C:\\Users\\Hafiz Muhammad\\AppData\\Local\\Programs\\Python\\Python310\\lib\\site-packages\\robotlibcore.py\", line 126, in run_keyword\n    return self.keywords[name](*args, **(kwargs or {}))\n  File \"C:\\Users\\Hafiz Muhammad\\AppData\\Local\\Programs\\Python\\Python310\\lib\\site-packages\\SeleniumLibrary\\keywords\\waiting.py\", line 314, in wait_until_element_is_visible\n    self._wait_until(\n  File \"C:\\Users\\Hafiz Muhammad\\AppData\\Local\\Programs\\Python\\Python310\\lib\\site-packages\\SeleniumLibrary\\keywords\\waiting.py\", line 426, in _wait_until\n    self._wait_until_worker(condition, timeout, error)\n  File \"C:\\Users\\Hafiz Muhammad\\AppData\\Local\\Programs\\Python\\Python310\\lib\\site-packages\\SeleniumLibrary\\keywords\\waiting.py\", line 443, in _wait_until_worker\n    raise AssertionError(not_found or error)\nAssertionError: Element '//input[@name='course_batch_name']' not visible after 5 seconds.","steps":[],"attachments":[],"parameters":[],"shouldDisplayMessage":true,"attachmentsCount":0,"attachmentStep":false,"hasContent":true,"stepsCount":0},{"name":"BuiltIn.Sleep","time":{"start":1698000297773,"stop":1698000297773,"duration":0},"status":"skipped","statusMessage":"Element '//input[@name='course_batch_name']' not visible after 5 seconds.","statusTrace":"Traceback (most recent call last):\n  File \"C:\\Users\\Hafiz Muhammad\\AppData\\Local\\Programs\\Python\\Python310\\lib\\site-packages\\SeleniumLibrary\\__init__.py\", line 517, in run_keyword\n    return DynamicCore.run_keyword(self, name, args, kwargs)\n  File \"C:\\Users\\Hafiz Muhammad\\AppData\\Local\\Programs\\Python\\Python310\\lib\\site-packages\\robotlibcore.py\", line 126, in run_keyword\n    return self.keywords[name](*args, **(kwargs or {}))\n  File \"C:\\Users\\Hafiz Muhammad\\AppData\\Local\\Programs\\Python\\Python310\\lib\\site-packages\\SeleniumLibrary\\keywords\\waiting.py\", line 314, in wait_until_element_is_visible\n    self._wait_until(\n  File \"C:\\Users\\Hafiz Muhammad\\AppData\\Local\\Programs\\Python\\Python310\\lib\\site-packages\\SeleniumLibrary\\keywords\\waiting.py\", line 426, in _wait_until\n    self._wait_until_worker(condition, timeout, error)\n  File \"C:\\Users\\Hafiz Muhammad\\AppData\\Local\\Programs\\Python\\Python310\\lib\\site-packages\\SeleniumLibrary\\keywords\\waiting.py\", line 443, in _wait_until_worker\n    raise AssertionError(not_found or error)\nAssertionError: Element '//input[@name='course_batch_name']' not visible after 5 seconds.","steps":[],"attachments":[],"parameters":[{"name":"arg1","value":"2"}],"shouldDisplayMessage":true,"attachmentsCount":0,"attachmentStep":false,"hasContent":true,"stepsCount":0},{"name":"AddACourse.Select Course Teacher","time":{"start":1698000297781,"stop":1698000297781,"duration":0},"status":"skipped","statusMessage":"Element '//input[@name='course_batch_name']' not visible after 5 seconds.","statusTrace":"Traceback (most recent call last):\n  File \"C:\\Users\\Hafiz Muhammad\\AppData\\Local\\Programs\\Python\\Python310\\lib\\site-packages\\SeleniumLibrary\\__init__.py\", line 517, in run_keyword\n    return DynamicCore.run_keyword(self, name, args, kwargs)\n  File \"C:\\Users\\Hafiz Muhammad\\AppData\\Local\\Programs\\Python\\Python310\\lib\\site-packages\\robotlibcore.py\", line 126, in run_keyword\n    return self.keywords[name](*args, **(kwargs or {}))\n  File \"C:\\Users\\Hafiz Muhammad\\AppData\\Local\\Programs\\Python\\Python310\\lib\\site-packages\\SeleniumLibrary\\keywords\\waiting.py\", line 314, in wait_until_element_is_visible\n    self._wait_until(\n  File \"C:\\Users\\Hafiz Muhammad\\AppData\\Local\\Programs\\Python\\Python310\\lib\\site-packages\\SeleniumLibrary\\keywords\\waiting.py\", line 426, in _wait_until\n    self._wait_until_worker(condition, timeout, error)\n  File \"C:\\Users\\Hafiz Muhammad\\AppData\\Local\\Programs\\Python\\Python310\\lib\\site-packages\\SeleniumLibrary\\keywords\\waiting.py\", line 443, in _wait_until_worker\n    raise AssertionError(not_found or error)\nAssertionError: Element '//input[@name='course_batch_name']' not visible after 5 seconds.","steps":[],"attachments":[],"parameters":[],"shouldDisplayMessage":true,"attachmentsCount":0,"attachmentStep":false,"hasContent":true,"stepsCount":0},{"name":"AddACourse.Select Course Holidays","time":{"start":1698000297781,"stop":1698000297781,"duration":0},"status":"skipped","statusMessage":"Element '//input[@name='course_batch_name']' not visible after 5 seconds.","statusTrace":"Traceback (most recent call last):\n  File \"C:\\Users\\Hafiz Muhammad\\AppData\\Local\\Programs\\Python\\Python310\\lib\\site-packages\\SeleniumLibrary\\__init__.py\", line 517, in run_keyword\n    return DynamicCore.run_keyword(self, name, args, kwargs)\n  File \"C:\\Users\\Hafiz Muhammad\\AppData\\Local\\Programs\\Python\\Python310\\lib\\site-packages\\robotlibcore.py\", line 126, in run_keyword\n    return self.keywords[name](*args, **(kwargs or {}))\n  File \"C:\\Users\\Hafiz Muhammad\\AppData\\Local\\Programs\\Python\\Python310\\lib\\site-packages\\SeleniumLibrary\\keywords\\waiting.py\", line 314, in wait_until_element_is_visible\n    self._wait_until(\n  File \"C:\\Users\\Hafiz Muhammad\\AppData\\Local\\Programs\\Python\\Python310\\lib\\site-packages\\SeleniumLibrary\\keywords\\waiting.py\", line 426, in _wait_until\n    self._wait_until_worker(condition, timeout, error)\n  File \"C:\\Users\\Hafiz Muhammad\\AppData\\Local\\Programs\\Python\\Python310\\lib\\site-packages\\SeleniumLibrary\\keywords\\waiting.py\", line 443, in _wait_until_worker\n    raise AssertionError(not_found or error)\nAssertionError: Element '//input[@name='course_batch_name']' not visible after 5 seconds.","steps":[],"attachments":[],"parameters":[],"shouldDisplayMessage":true,"attachmentsCount":0,"attachmentStep":false,"hasContent":true,"stepsCount":0},{"name":"AddACourse.Select Course Resources","time":{"start":1698000297781,"stop":1698000297781,"duration":0},"status":"skipped","statusMessage":"Element '//input[@name='course_batch_name']' not visible after 5 seconds.","statusTrace":"Traceback (most recent call last):\n  File \"C:\\Users\\Hafiz Muhammad\\AppData\\Local\\Programs\\Python\\Python310\\lib\\site-packages\\SeleniumLibrary\\__init__.py\", line 517, in run_keyword\n    return DynamicCore.run_keyword(self, name, args, kwargs)\n  File \"C:\\Users\\Hafiz Muhammad\\AppData\\Local\\Programs\\Python\\Python310\\lib\\site-packages\\robotlibcore.py\", line 126, in run_keyword\n    return self.keywords[name](*args, **(kwargs or {}))\n  File \"C:\\Users\\Hafiz Muhammad\\AppData\\Local\\Programs\\Python\\Python310\\lib\\site-packages\\SeleniumLibrary\\keywords\\waiting.py\", line 314, in wait_until_element_is_visible\n    self._wait_until(\n  File \"C:\\Users\\Hafiz Muhammad\\AppData\\Local\\Programs\\Python\\Python310\\lib\\site-packages\\SeleniumLibrary\\keywords\\waiting.py\", line 426, in _wait_until\n    self._wait_until_worker(condition, timeout, error)\n  File \"C:\\Users\\Hafiz Muhammad\\AppData\\Local\\Programs\\Python\\Python310\\lib\\site-packages\\SeleniumLibrary\\keywords\\waiting.py\", line 443, in _wait_until_worker\n    raise AssertionError(not_found or error)\nAssertionError: Element '//input[@name='course_batch_name']' not visible after 5 seconds.","steps":[],"attachments":[],"parameters":[],"shouldDisplayMessage":true,"attachmentsCount":0,"attachmentStep":false,"hasContent":true,"stepsCount":0},{"name":"AddACourse.Select Course Teacher Resources","time":{"start":1698000297781,"stop":1698000297781,"duration":0},"status":"skipped","statusMessage":"Element '//input[@name='course_batch_name']' not visible after 5 seconds.","statusTrace":"Traceback (most recent call last):\n  File \"C:\\Users\\Hafiz Muhammad\\AppData\\Local\\Programs\\Python\\Python310\\lib\\site-packages\\SeleniumLibrary\\__init__.py\", line 517, in run_keyword\n    return DynamicCore.run_keyword(self, name, args, kwargs)\n  File \"C:\\Users\\Hafiz Muhammad\\AppData\\Local\\Programs\\Python\\Python310\\lib\\site-packages\\robotlibcore.py\", line 126, in run_keyword\n    return self.keywords[name](*args, **(kwargs or {}))\n  File \"C:\\Users\\Hafiz Muhammad\\AppData\\Local\\Programs\\Python\\Python310\\lib\\site-packages\\SeleniumLibrary\\keywords\\waiting.py\", line 314, in wait_until_element_is_visible\n    self._wait_until(\n  File \"C:\\Users\\Hafiz Muhammad\\AppData\\Local\\Programs\\Python\\Python310\\lib\\site-packages\\SeleniumLibrary\\keywords\\waiting.py\", line 426, in _wait_until\n    self._wait_until_worker(condition, timeout, error)\n  File \"C:\\Users\\Hafiz Muhammad\\AppData\\Local\\Programs\\Python\\Python310\\lib\\site-packages\\SeleniumLibrary\\keywords\\waiting.py\", line 443, in _wait_until_worker\n    raise AssertionError(not_found or error)\nAssertionError: Element '//input[@name='course_batch_name']' not visible after 5 seconds.","steps":[],"attachments":[],"parameters":[],"shouldDisplayMessage":true,"attachmentsCount":0,"attachmentStep":false,"hasContent":true,"stepsCount":0},{"name":"AddACourse.Course Maximum Paid","time":{"start":1698000297789,"stop":1698000297789,"duration":0},"status":"skipped","statusMessage":"Element '//input[@name='course_batch_name']' not visible after 5 seconds.","statusTrace":"Traceback (most recent call last):\n  File \"C:\\Users\\Hafiz Muhammad\\AppData\\Local\\Programs\\Python\\Python310\\lib\\site-packages\\SeleniumLibrary\\__init__.py\", line 517, in run_keyword\n    return DynamicCore.run_keyword(self, name, args, kwargs)\n  File \"C:\\Users\\Hafiz Muhammad\\AppData\\Local\\Programs\\Python\\Python310\\lib\\site-packages\\robotlibcore.py\", line 126, in run_keyword\n    return self.keywords[name](*args, **(kwargs or {}))\n  File \"C:\\Users\\Hafiz Muhammad\\AppData\\Local\\Programs\\Python\\Python310\\lib\\site-packages\\SeleniumLibrary\\keywords\\waiting.py\", line 314, in wait_until_element_is_visible\n    self._wait_until(\n  File \"C:\\Users\\Hafiz Muhammad\\AppData\\Local\\Programs\\Python\\Python310\\lib\\site-packages\\SeleniumLibrary\\keywords\\waiting.py\", line 426, in _wait_until\n    self._wait_until_worker(condition, timeout, error)\n  File \"C:\\Users\\Hafiz Muhammad\\AppData\\Local\\Programs\\Python\\Python310\\lib\\site-packages\\SeleniumLibrary\\keywords\\waiting.py\", line 443, in _wait_until_worker\n    raise AssertionError(not_found or error)\nAssertionError: Element '//input[@name='course_batch_name']' not visible after 5 seconds.","steps":[],"attachments":[],"parameters":[],"shouldDisplayMessage":true,"attachmentsCount":0,"attachmentStep":false,"hasContent":true,"stepsCount":0},{"name":"AddACourse.Course Invoice Date","time":{"start":1698000297789,"stop":1698000297789,"duration":0},"status":"skipped","statusMessage":"Element '//input[@name='course_batch_name']' not visible after 5 seconds.","statusTrace":"Traceback (most recent call last):\n  File \"C:\\Users\\Hafiz Muhammad\\AppData\\Local\\Programs\\Python\\Python310\\lib\\site-packages\\SeleniumLibrary\\__init__.py\", line 517, in run_keyword\n    return DynamicCore.run_keyword(self, name, args, kwargs)\n  File \"C:\\Users\\Hafiz Muhammad\\AppData\\Local\\Programs\\Python\\Python310\\lib\\site-packages\\robotlibcore.py\", line 126, in run_keyword\n    return self.keywords[name](*args, **(kwargs or {}))\n  File \"C:\\Users\\Hafiz Muhammad\\AppData\\Local\\Programs\\Python\\Python310\\lib\\site-packages\\SeleniumLibrary\\keywords\\waiting.py\", line 314, in wait_until_element_is_visible\n    self._wait_until(\n  File \"C:\\Users\\Hafiz Muhammad\\AppData\\Local\\Programs\\Python\\Python310\\lib\\site-packages\\SeleniumLibrary\\keywords\\waiting.py\", line 426, in _wait_until\n    self._wait_until_worker(condition, timeout, error)\n  File \"C:\\Users\\Hafiz Muhammad\\AppData\\Local\\Programs\\Python\\Python310\\lib\\site-packages\\SeleniumLibrary\\keywords\\waiting.py\", line 443, in _wait_until_worker\n    raise AssertionError(not_found or error)\nAssertionError: Element '//input[@name='course_batch_name']' not visible after 5 seconds.","steps":[],"attachments":[],"parameters":[],"shouldDisplayMessage":true,"attachmentsCount":0,"attachmentStep":false,"hasContent":true,"stepsCount":0},{"name":"SeleniumLibrary.Execute Javascript","time":{"start":1698000297789,"stop":1698000297789,"duration":0},"status":"skipped","statusMessage":"Element '//input[@name='course_batch_name']' not visible after 5 seconds.","statusTrace":"Traceback (most recent call last):\n  File \"C:\\Users\\Hafiz Muhammad\\AppData\\Local\\Programs\\Python\\Python310\\lib\\site-packages\\SeleniumLibrary\\__init__.py\", line 517, in run_keyword\n    return DynamicCore.run_keyword(self, name, args, kwargs)\n  File \"C:\\Users\\Hafiz Muhammad\\AppData\\Local\\Programs\\Python\\Python310\\lib\\site-packages\\robotlibcore.py\", line 126, in run_keyword\n    return self.keywords[name](*args, **(kwargs or {}))\n  File \"C:\\Users\\Hafiz Muhammad\\AppData\\Local\\Programs\\Python\\Python310\\lib\\site-packages\\SeleniumLibrary\\keywords\\waiting.py\", line 314, in wait_until_element_is_visible\n    self._wait_until(\n  File \"C:\\Users\\Hafiz Muhammad\\AppData\\Local\\Programs\\Python\\Python310\\lib\\site-packages\\SeleniumLibrary\\keywords\\waiting.py\", line 426, in _wait_until\n    self._wait_until_worker(condition, timeout, error)\n  File \"C:\\Users\\Hafiz Muhammad\\AppData\\Local\\Programs\\Python\\Python310\\lib\\site-packages\\SeleniumLibrary\\keywords\\waiting.py\", line 443, in _wait_until_worker\n    raise AssertionError(not_found or error)\nAssertionError: Element '//input[@name='course_batch_name']' not visible after 5 seconds.","steps":[],"attachments":[],"parameters":[{"name":"arg1","value":"window.scrollTo(0, document.body.scrollHeight)"}],"shouldDisplayMessage":true,"attachmentsCount":0,"attachmentStep":false,"hasContent":true,"stepsCount":0},{"name":"BuiltIn.Sleep","time":{"start":1698000297789,"stop":1698000297789,"duration":0},"status":"skipped","statusMessage":"Element '//input[@name='course_batch_name']' not visible after 5 seconds.","statusTrace":"Traceback (most recent call last):\n  File \"C:\\Users\\Hafiz Muhammad\\AppData\\Local\\Programs\\Python\\Python310\\lib\\site-packages\\SeleniumLibrary\\__init__.py\", line 517, in run_keyword\n    return DynamicCore.run_keyword(self, name, args, kwargs)\n  File \"C:\\Users\\Hafiz Muhammad\\AppData\\Local\\Programs\\Python\\Python310\\lib\\site-packages\\robotlibcore.py\", line 126, in run_keyword\n    return self.keywords[name](*args, **(kwargs or {}))\n  File \"C:\\Users\\Hafiz Muhammad\\AppData\\Local\\Programs\\Python\\Python310\\lib\\site-packages\\SeleniumLibrary\\keywords\\waiting.py\", line 314, in wait_until_element_is_visible\n    self._wait_until(\n  File \"C:\\Users\\Hafiz Muhammad\\AppData\\Local\\Programs\\Python\\Python310\\lib\\site-packages\\SeleniumLibrary\\keywords\\waiting.py\", line 426, in _wait_until\n    self._wait_until_worker(condition, timeout, error)\n  File \"C:\\Users\\Hafiz Muhammad\\AppData\\Local\\Programs\\Python\\Python310\\lib\\site-packages\\SeleniumLibrary\\keywords\\waiting.py\", line 443, in _wait_until_worker\n    raise AssertionError(not_found or error)\nAssertionError: Element '//input[@name='course_batch_name']' not visible after 5 seconds.","steps":[],"attachments":[],"parameters":[{"name":"arg1","value":"3"}],"shouldDisplayMessage":true,"attachmentsCount":0,"attachmentStep":false,"hasContent":true,"stepsCount":0},{"name":"AddACourse.Select 1st Frame","time":{"start":1698000297789,"stop":1698000297797,"duration":8},"status":"skipped","statusMessage":"Element '//input[@name='course_batch_name']' not visible after 5 seconds.","statusTrace":"Traceback (most recent call last):\n  File \"C:\\Users\\Hafiz Muhammad\\AppData\\Local\\Programs\\Python\\Python310\\lib\\site-packages\\SeleniumLibrary\\__init__.py\", line 517, in run_keyword\n    return DynamicCore.run_keyword(self, name, args, kwargs)\n  File \"C:\\Users\\Hafiz Muhammad\\AppData\\Local\\Programs\\Python\\Python310\\lib\\site-packages\\robotlibcore.py\", line 126, in run_keyword\n    return self.keywords[name](*args, **(kwargs or {}))\n  File \"C:\\Users\\Hafiz Muhammad\\AppData\\Local\\Programs\\Python\\Python310\\lib\\site-packages\\SeleniumLibrary\\keywords\\waiting.py\", line 314, in wait_until_element_is_visible\n    self._wait_until(\n  File \"C:\\Users\\Hafiz Muhammad\\AppData\\Local\\Programs\\Python\\Python310\\lib\\site-packages\\SeleniumLibrary\\keywords\\waiting.py\", line 426, in _wait_until\n    self._wait_until_worker(condition, timeout, error)\n  File \"C:\\Users\\Hafiz Muhammad\\AppData\\Local\\Programs\\Python\\Python310\\lib\\site-packages\\SeleniumLibrary\\keywords\\waiting.py\", line 443, in _wait_until_worker\n    raise AssertionError(not_found or error)\nAssertionError: Element '//input[@name='course_batch_name']' not visible after 5 seconds.","steps":[],"attachments":[],"parameters":[],"shouldDisplayMessage":true,"attachmentsCount":0,"attachmentStep":false,"hasContent":true,"stepsCount":0},{"name":"BuiltIn.Sleep","time":{"start":1698000297797,"stop":1698000297797,"duration":0},"status":"skipped","statusMessage":"Element '//input[@name='course_batch_name']' not visible after 5 seconds.","statusTrace":"Traceback (most recent call last):\n  File \"C:\\Users\\Hafiz Muhammad\\AppData\\Local\\Programs\\Python\\Python310\\lib\\site-packages\\SeleniumLibrary\\__init__.py\", line 517, in run_keyword\n    return DynamicCore.run_keyword(self, name, args, kwargs)\n  File \"C:\\Users\\Hafiz Muhammad\\AppData\\Local\\Programs\\Python\\Python310\\lib\\site-packages\\robotlibcore.py\", line 126, in run_keyword\n    return self.keywords[name](*args, **(kwargs or {}))\n  File \"C:\\Users\\Hafiz Muhammad\\AppData\\Local\\Programs\\Python\\Python310\\lib\\site-packages\\SeleniumLibrary\\keywords\\waiting.py\", line 314, in wait_until_element_is_visible\n    self._wait_until(\n  File \"C:\\Users\\Hafiz Muhammad\\AppData\\Local\\Programs\\Python\\Python310\\lib\\site-packages\\SeleniumLibrary\\keywords\\waiting.py\", line 426, in _wait_until\n    self._wait_until_worker(condition, timeout, error)\n  File \"C:\\Users\\Hafiz Muhammad\\AppData\\Local\\Programs\\Python\\Python310\\lib\\site-packages\\SeleniumLibrary\\keywords\\waiting.py\", line 443, in _wait_until_worker\n    raise AssertionError(not_found or error)\nAssertionError: Element '//input[@name='course_batch_name']' not visible after 5 seconds.","steps":[],"attachments":[],"parameters":[{"name":"arg1","value":"2"}],"shouldDisplayMessage":true,"attachmentsCount":0,"attachmentStep":false,"hasContent":true,"stepsCount":0},{"name":"AddACourse.Select 2nd Frame","time":{"start":1698000297797,"stop":1698000297797,"duration":0},"status":"skipped","statusMessage":"Element '//input[@name='course_batch_name']' not visible after 5 seconds.","statusTrace":"Traceback (most recent call last):\n  File \"C:\\Users\\Hafiz Muhammad\\AppData\\Local\\Programs\\Python\\Python310\\lib\\site-packages\\SeleniumLibrary\\__init__.py\", line 517, in run_keyword\n    return DynamicCore.run_keyword(self, name, args, kwargs)\n  File \"C:\\Users\\Hafiz Muhammad\\AppData\\Local\\Programs\\Python\\Python310\\lib\\site-packages\\robotlibcore.py\", line 126, in run_keyword\n    return self.keywords[name](*args, **(kwargs or {}))\n  File \"C:\\Users\\Hafiz Muhammad\\AppData\\Local\\Programs\\Python\\Python310\\lib\\site-packages\\SeleniumLibrary\\keywords\\waiting.py\", line 314, in wait_until_element_is_visible\n    self._wait_until(\n  File \"C:\\Users\\Hafiz Muhammad\\AppData\\Local\\Programs\\Python\\Python310\\lib\\site-packages\\SeleniumLibrary\\keywords\\waiting.py\", line 426, in _wait_until\n    self._wait_until_worker(condition, timeout, error)\n  File \"C:\\Users\\Hafiz Muhammad\\AppData\\Local\\Programs\\Python\\Python310\\lib\\site-packages\\SeleniumLibrary\\keywords\\waiting.py\", line 443, in _wait_until_worker\n    raise AssertionError(not_found or error)\nAssertionError: Element '//input[@name='course_batch_name']' not visible after 5 seconds.","steps":[],"attachments":[],"parameters":[],"shouldDisplayMessage":true,"attachmentsCount":0,"attachmentStep":false,"hasContent":true,"stepsCount":0},{"name":"BuiltIn.Sleep","time":{"start":1698000297797,"stop":1698000297797,"duration":0},"status":"skipped","statusMessage":"Element '//input[@name='course_batch_name']' not visible after 5 seconds.","statusTrace":"Traceback (most recent call last):\n  File \"C:\\Users\\Hafiz Muhammad\\AppData\\Local\\Programs\\Python\\Python310\\lib\\site-packages\\SeleniumLibrary\\__init__.py\", line 517, in run_keyword\n    return DynamicCore.run_keyword(self, name, args, kwargs)\n  File \"C:\\Users\\Hafiz Muhammad\\AppData\\Local\\Programs\\Python\\Python310\\lib\\site-packages\\robotlibcore.py\", line 126, in run_keyword\n    return self.keywords[name](*args, **(kwargs or {}))\n  File \"C:\\Users\\Hafiz Muhammad\\AppData\\Local\\Programs\\Python\\Python310\\lib\\site-packages\\SeleniumLibrary\\keywords\\waiting.py\", line 314, in wait_until_element_is_visible\n    self._wait_until(\n  File \"C:\\Users\\Hafiz Muhammad\\AppData\\Local\\Programs\\Python\\Python310\\lib\\site-packages\\SeleniumLibrary\\keywords\\waiting.py\", line 426, in _wait_until\n    self._wait_until_worker(condition, timeout, error)\n  File \"C:\\Users\\Hafiz Muhammad\\AppData\\Local\\Programs\\Python\\Python310\\lib\\site-packages\\SeleniumLibrary\\keywords\\waiting.py\", line 443, in _wait_until_worker\n    raise AssertionError(not_found or error)\nAssertionError: Element '//input[@name='course_batch_name']' not visible after 5 seconds.","steps":[],"attachments":[],"parameters":[{"name":"arg1","value":"2"}],"shouldDisplayMessage":true,"attachmentsCount":0,"attachmentStep":false,"hasContent":true,"stepsCount":0},{"name":"AddACourse.Click Submit Button","time":{"start":1698000297797,"stop":1698000297805,"duration":8},"status":"skipped","statusMessage":"Element '//input[@name='course_batch_name']' not visible after 5 seconds.","statusTrace":"Traceback (most recent call last):\n  File \"C:\\Users\\Hafiz Muhammad\\AppData\\Local\\Programs\\Python\\Python310\\lib\\site-packages\\SeleniumLibrary\\__init__.py\", line 517, in run_keyword\n    return DynamicCore.run_keyword(self, name, args, kwargs)\n  File \"C:\\Users\\Hafiz Muhammad\\AppData\\Local\\Programs\\Python\\Python310\\lib\\site-packages\\robotlibcore.py\", line 126, in run_keyword\n    return self.keywords[name](*args, **(kwargs or {}))\n  File \"C:\\Users\\Hafiz Muhammad\\AppData\\Local\\Programs\\Python\\Python310\\lib\\site-packages\\SeleniumLibrary\\keywords\\waiting.py\", line 314, in wait_until_element_is_visible\n    self._wait_until(\n  File \"C:\\Users\\Hafiz Muhammad\\AppData\\Local\\Programs\\Python\\Python310\\lib\\site-packages\\SeleniumLibrary\\keywords\\waiting.py\", line 426, in _wait_until\n    self._wait_until_worker(condition, timeout, error)\n  File \"C:\\Users\\Hafiz Muhammad\\AppData\\Local\\Programs\\Python\\Python310\\lib\\site-packages\\SeleniumLibrary\\keywords\\waiting.py\", line 443, in _wait_until_worker\n    raise AssertionError(not_found or error)\nAssertionError: Element '//input[@name='course_batch_name']' not visible after 5 seconds.","steps":[],"attachments":[],"parameters":[],"shouldDisplayMessage":true,"attachmentsCount":0,"attachmentStep":false,"hasContent":true,"stepsCount":0}],"attachments":[],"parameters":[],"shouldDisplayMessage":false,"attachmentsCount":2,"attachmentStep":false,"hasContent":true,"stepsCount":27},"afterStages":[],"labels":[{"name":"suite","value":"Test Add And Delete Course"},{"name":"framework","value":"robotframework"},{"name":"language","value":"cpython3"},{"name":"host","value":"Ramzan-PC"},{"name":"thread","value":"default-79380870-9e5c-4b0a-be14-a68ad6e91003"},{"name":"resultFormat","value":"allure2"}],"parameters":[],"links":[],"hidden":true,"retry":true,"extra":{"categories":[],"tags":[]},"source":"fdea3dc2c46a134a.json","parameterValues":[]}